PLINK v1.90b6.9 64-bit (4 Mar 2019)
Options in effect:
  --allow-no-sex
  --bfile study_SNPs
  --out pca_covars_10
  --pca 10

Hostname: dsmlp-jupyter-nrittler
Working directory: /home/nrittler/teams/heritability-project/gcta64
Start time: Thu Mar 14 02:56:51 2024

Random number seed: 1710385011
515699 MB RAM detected; reserving 257849 MB for main workspace.
87568 variants loaded from .bim file.
787 people (0 males, 0 females, 787 ambiguous) loaded from .fam.
Ambiguous sex IDs written to pca_covars_10.nosex .
Using up to 255 threads (change this with --threads).
Before main variant filters, 787 founders and 0 nonfounders present.
Calculating allele frequencies... done.
Total genotyping rate is 0.997969.
87568 variants and 787 people pass filters and QC.
Note: No phenotypes present.
Relationship matrix calculation complete.
--pca: Results saved to pca_covars_10.eigenval and pca_covars_10.eigenvec .

End time: Thu Mar 14 02:56:54 2024
