*******************************************************************
* Genome-wide Complex Trait Analysis (GCTA)
* version v1.94.1 Linux
* Built at Nov 15 2022 21:14:25, by GCC 8.5
* (C) 2010-present, Yang Lab, Westlake University
* Please report bugs to Jian Yang <jian.yang@westlake.edu.cn>
*******************************************************************
Analysis started at 20:14:05 UTC on Fri Mar 15 2024.
Hostname: dsmlp-jupyter-nrittler

Accepted options:
--grm GCTAgrm_herit.01_beta10
--pheno traits_h=.01_betamult=10.phen
--reml
--out Exp_Large/herit.01_beta10_no_covars
--thread-num 10

Note: the program will be running on 10 threads.

Reading IDs of the GRM from [GCTAgrm_herit.01_beta10.grm.id].
787 IDs are read from [GCTAgrm_herit.01_beta10.grm.id].
Reading the GRM from [GCTAgrm_herit.01_beta10.grm.bin].
GRM for 787 individuals are included from [GCTAgrm_herit.01_beta10.grm.bin].
Reading phenotypes from [traits_h=.01_betamult=10.phen].
Non-missing phenotypes of 787 individuals are included from [traits_h=.01_betamult=10.phen].

787 individuals are in common in these files.

Performing  REML analysis ... (Note: may take hours depending on sample size).
787 observations, 1 fixed effect(s), and 2 variance component(s)(including residual variance).
Calculating prior values of variance components by EM-REML ...
Updated prior values: 13203.9 15518.5
logL: -4430.75
Running AI-REML algorithm ...
Iter.	logL	V(G)	V(e)	
1	-4421.54	6910.94661	19478.58924	
2	-4406.99	3482.79820	22171.82196	
3	-4400.20	1576.16593	23956.75112	
4	-4397.08	585.84695	25047.93191	
5	-4395.75	213.16086	25581.80224	
6	-4395.34	81.71384	25848.12539	
7	-4395.22	0.02624	26238.07543	(1 component(s) constrained)
8	-4395.16	0.02624	26245.45398	(1 component(s) constrained)
9	-4395.16	0.02624	26245.45605	(1 component(s) constrained)
Log-likelihood ratio converged.

Calculating the logLikelihood for the reduced model ...
(variance component 1 is dropped from the model)
Calculating prior values of variance components by EM-REML ...
Updated prior values: 26242.29507
logL: -4395.15930
Running AI-REML algorithm ...
Iter.	logL	V(e)	
1	-4395.16	26242.29507	
Log-likelihood ratio converged.

Summary result of REML analysis:
Source	Variance	SE
V(G)	0.026242	531.738251
V(e)	26245.456051	1434.886086
Vp	26245.482294	1324.162518
V(G)/Vp	0.000001	0.020260

Sampling variance/covariance of the estimates of variance components:
2.827456e+05	-2.941186e+05	
-2.941186e+05	2.058898e+06	

Summary result of REML analysis has been saved in the file [Exp_Large/herit.01_beta10_no_covars.hsq].

Analysis finished at 20:14:05 UTC on Fri Mar 15 2024
Overall computational time: 0.46 sec.
