*******************************************************************
* Genome-wide Complex Trait Analysis (GCTA)
* version v1.94.1 Linux
* Built at Nov 15 2022 21:14:25, by GCC 8.5
* (C) 2010-present, Yang Lab, Westlake University
* Please report bugs to Jian Yang <jian.yang@westlake.edu.cn>
*******************************************************************
Analysis started at 20:06:39 UTC on Fri Mar 15 2024.
Hostname: dsmlp-jupyter-nrittler

Accepted options:
--grm GCTAgrm_herit.5_beta1
--pheno traits_h=.5_betamult=1.phen
--reml
--out Exp_Large/herit.5_beta1
--qcovar pca_covars.qcovar
--thread-num 10

Note: the program will be running on 10 threads.

Reading IDs of the GRM from [GCTAgrm_herit.5_beta1.grm.id].
787 IDs are read from [GCTAgrm_herit.5_beta1.grm.id].
Reading the GRM from [GCTAgrm_herit.5_beta1.grm.bin].
GRM for 787 individuals are included from [GCTAgrm_herit.5_beta1.grm.bin].
Reading phenotypes from [traits_h=.5_betamult=1.phen].
Non-missing phenotypes of 787 individuals are included from [traits_h=.5_betamult=1.phen].
Reading quantitative covariate(s) from [pca_covars.qcovar].
3 quantitative covariate(s) of 787 individuals are included from [pca_covars.qcovar].

3 quantitative variable(s) included as covariate(s).
787 individuals are in common in these files.

Performing  REML analysis ... (Note: may take hours depending on sample size).
787 observations, 4 fixed effect(s), and 2 variance component(s)(including residual variance).
Calculating prior values of variance components by EM-REML ...
Updated prior values: 2.60835 2.85823
logL: -1044.48
Running AI-REML algorithm ...
Iter.	logL	V(G)	V(e)	
1	-1040.55	2.02681	3.28905	
2	-1036.47	1.63025	3.61160	
3	-1034.31	1.35865	3.84835	
4	-1033.19	1.17109	4.02010	
5	-1032.61	1.04047	4.14384	
6	-1032.32	0.75034	4.42483	
7	-1032.01	0.72539	4.45299	
8	-1032.01	0.72243	4.45554	
9	-1032.01	0.72209	4.45583	
Log-likelihood ratio converged.

Calculating the logLikelihood for the reduced model ...
(variance component 1 is dropped from the model)
Calculating prior values of variance components by EM-REML ...
Updated prior values: 5.11560
logL: -1033.87592
Running AI-REML algorithm ...
Iter.	logL	V(e)	
1	-1033.88	5.11559	
2	-1033.88	5.11558	
Log-likelihood ratio converged.

Summary result of REML analysis:
Source	Variance	SE
V(G)	0.722088	0.392977
V(e)	4.455832	0.398887
Vp	5.177920	0.268945
V(G)/Vp	0.139455	0.073896

Sampling variance/covariance of the estimates of variance components:
1.544311e-01	-1.206051e-01	
-1.206051e-01	1.591107e-01	

Summary result of REML analysis has been saved in the file [Exp_Large/herit.5_beta1.hsq].

Analysis finished at 20:06:39 UTC on Fri Mar 15 2024
Overall computational time: 0.57 sec.
