*******************************************************************
* Genome-wide Complex Trait Analysis (GCTA)
* version v1.94.1 Linux
* Built at Nov 15 2022 21:14:25, by GCC 8.5
* (C) 2010-present, Yang Lab, Westlake University
* Please report bugs to Jian Yang <jian.yang@westlake.edu.cn>
*******************************************************************
Analysis started at 20:14:08 UTC on Fri Mar 15 2024.
Hostname: dsmlp-jupyter-nrittler

Accepted options:
--grm GCTAgrm_herit.1_beta.01
--pheno traits_h=.1_betamult=.01.phen
--reml
--out Exp_Large/herit.1_beta.01_no_covars
--thread-num 10

Note: the program will be running on 10 threads.

Reading IDs of the GRM from [GCTAgrm_herit.1_beta.01.grm.id].
787 IDs are read from [GCTAgrm_herit.1_beta.01.grm.id].
Reading the GRM from [GCTAgrm_herit.1_beta.01.grm.bin].
GRM for 787 individuals are included from [GCTAgrm_herit.1_beta.01.grm.bin].
Reading phenotypes from [traits_h=.1_betamult=.01.phen].
Non-missing phenotypes of 787 individuals are included from [traits_h=.1_betamult=.01.phen].

787 individuals are in common in these files.

Performing  REML analysis ... (Note: may take hours depending on sample size).
787 observations, 1 fixed effect(s), and 2 variance component(s)(including residual variance).
Calculating prior values of variance components by EM-REML ...
Updated prior values: 0.00145112  0.0016592
logL: 1877.58
Running AI-REML algorithm ...
Iter.	logL	V(G)	V(e)	
1	1884.29	0.00094	0.00200	
2	1893.41	0.00062	0.00225	
3	1898.09	0.00041	0.00244	
4	1900.52	0.00027	0.00257	
5	1901.84	0.00018	0.00267	
6	1902.58	0.00011	0.00274	
7	1903.02	0.00000	0.00287	(1 component(s) constrained)
8	1903.53	0.00000	0.00287	(1 component(s) constrained)
9	1903.54	0.00000	0.00287	(1 component(s) constrained)
10	1903.54	0.00000	0.00287	(1 component(s) constrained)
Log-likelihood ratio converged.

Calculating the logLikelihood for the reduced model ...
(variance component 1 is dropped from the model)
Calculating prior values of variance components by EM-REML ...
Updated prior values: 0.00287
logL: 1903.53578
Running AI-REML algorithm ...
Iter.	logL	V(e)	
1	1903.54	0.00287	
Log-likelihood ratio converged.

Summary result of REML analysis:
Source	Variance	SE
V(G)	0.000000	0.000063
V(e)	0.002874	0.000159
Vp	0.002874	0.000145
V(G)/Vp	0.000001	0.021804

Sampling variance/covariance of the estimates of variance components:
3.926985e-09	-4.135928e-09	
-4.135928e-09	2.537558e-08	

Summary result of REML analysis has been saved in the file [Exp_Large/herit.1_beta.01_no_covars.hsq].

Analysis finished at 20:14:08 UTC on Fri Mar 15 2024
Overall computational time: 0.47 sec.
