*******************************************************************
* Genome-wide Complex Trait Analysis (GCTA)
* version v1.94.1 Linux
* Built at Nov 15 2022 21:14:25, by GCC 8.5
* (C) 2010-present, Yang Lab, Westlake University
* Please report bugs to Jian Yang <jian.yang@westlake.edu.cn>
*******************************************************************
Analysis started at 20:14:33 UTC on Fri Mar 15 2024.
Hostname: dsmlp-jupyter-nrittler

Accepted options:
--grm GCTAgrm_herit.2_beta1
--pheno traits_h=.2_betamult=1.phen
--reml
--out Exp_Large/herit.2_beta1_no_covars
--thread-num 10

Note: the program will be running on 10 threads.

Reading IDs of the GRM from [GCTAgrm_herit.2_beta1.grm.id].
787 IDs are read from [GCTAgrm_herit.2_beta1.grm.id].
Reading the GRM from [GCTAgrm_herit.2_beta1.grm.bin].
GRM for 787 individuals are included from [GCTAgrm_herit.2_beta1.grm.bin].
Reading phenotypes from [traits_h=.2_betamult=1.phen].
Non-missing phenotypes of 787 individuals are included from [traits_h=.2_betamult=1.phen].

787 individuals are in common in these files.

Performing  REML analysis ... (Note: may take hours depending on sample size).
787 observations, 1 fixed effect(s), and 2 variance component(s)(including residual variance).
Calculating prior values of variance components by EM-REML ...
Updated prior values: 6.86406 7.70038
logL: -1438.37
Running AI-REML algorithm ...
Iter.	logL	V(G)	V(e)	
1	-1433.51	4.95244	9.02557	
2	-1427.26	3.79143	9.95522	
3	-1424.34	3.05607	10.60700	
4	-1422.96	2.57381	11.06521	
5	-1422.29	2.24843	11.38890	
6	-1421.96	1.53747	12.11689	
7	-1421.61	1.45963	12.20669	
8	-1421.61	1.44342	12.22134	
9	-1421.61	1.43991	12.22446	
10	-1421.61	1.43914	12.22515	
Log-likelihood ratio converged.

Calculating the logLikelihood for the reduced model ...
(variance component 1 is dropped from the model)
Calculating prior values of variance components by EM-REML ...
Updated prior values: 13.62273
logL: -1422.74778
Running AI-REML algorithm ...
Iter.	logL	V(e)	
1	-1422.75	13.62273	
Log-likelihood ratio converged.

Summary result of REML analysis:
Source	Variance	SE
V(G)	1.439144	0.889058
V(e)	12.225145	0.998562
Vp	13.664289	0.696589
V(G)/Vp	0.105322	0.064071

Sampling variance/covariance of the estimates of variance components:
7.904249e-01	-6.511566e-01	
-6.511566e-01	9.971252e-01	

Summary result of REML analysis has been saved in the file [Exp_Large/herit.2_beta1_no_covars.hsq].

Analysis finished at 20:14:33 UTC on Fri Mar 15 2024
Overall computational time: 0.49 sec.
