*******************************************************************
* Genome-wide Complex Trait Analysis (GCTA)
* version v1.94.1 Linux
* Built at Nov 15 2022 21:14:25, by GCC 8.5
* (C) 2010-present, Yang Lab, Westlake University
* Please report bugs to Jian Yang <jian.yang@westlake.edu.cn>
*******************************************************************
Analysis started at 20:14:30 UTC on Fri Mar 15 2024.
Hostname: dsmlp-jupyter-nrittler

Accepted options:
--grm GCTAgrm_herit.2_beta.1
--pheno traits_h=.2_betamult=.1.phen
--reml
--out Exp_Large/herit.2_beta.1_no_covars
--thread-num 10

Note: the program will be running on 10 threads.

Reading IDs of the GRM from [GCTAgrm_herit.2_beta.1.grm.id].
787 IDs are read from [GCTAgrm_herit.2_beta.1.grm.id].
Reading the GRM from [GCTAgrm_herit.2_beta.1.grm.bin].
GRM for 787 individuals are included from [GCTAgrm_herit.2_beta.1.grm.bin].
Reading phenotypes from [traits_h=.2_betamult=.1.phen].
Non-missing phenotypes of 787 individuals are included from [traits_h=.2_betamult=.1.phen].

787 individuals are in common in these files.

Performing  REML analysis ... (Note: may take hours depending on sample size).
787 observations, 1 fixed effect(s), and 2 variance component(s)(including residual variance).
Calculating prior values of variance components by EM-REML ...
Updated prior values: 0.0747531 0.0853314
logL: 328.5
Running AI-REML algorithm ...
Iter.	logL	V(G)	V(e)	
1	335.20	0.04688	0.10393	
2	344.83	0.03000	0.11723	
3	349.69	0.01956	0.12658	
4	352.10	0.01285	0.13317	
5	353.34	0.00838	0.13786	
6	354.01	0.00527	0.14126	
7	354.40	0.00000	0.14744	(1 component(s) constrained)
8	354.96	0.00000	0.14786	(1 component(s) constrained)
9	354.97	0.00000	0.14786	(1 component(s) constrained)
10	354.97	0.00000	0.14786	(1 component(s) constrained)
Log-likelihood ratio converged.

Calculating the logLikelihood for the reduced model ...
(variance component 1 is dropped from the model)
Calculating prior values of variance components by EM-REML ...
Updated prior values: 0.14783
logL: 354.96615
Running AI-REML algorithm ...
Iter.	logL	V(e)	
1	354.97	0.14783	
Log-likelihood ratio converged.

Summary result of REML analysis:
Source	Variance	SE
V(G)	0.000000	0.003885
V(e)	0.147862	0.008457
Vp	0.147862	0.007460
V(G)/Vp	0.000001	0.026271

Sampling variance/covariance of the estimates of variance components:
1.508963e-05	-1.547508e-05	
-1.547508e-05	7.151493e-05	

Summary result of REML analysis has been saved in the file [Exp_Large/herit.2_beta.1_no_covars.hsq].

Analysis finished at 20:14:30 UTC on Fri Mar 15 2024
Overall computational time: 0.51 sec.
