*******************************************************************
* Genome-wide Complex Trait Analysis (GCTA)
* version v1.94.1 Linux
* Built at Nov 15 2022 21:14:25, by GCC 8.5
* (C) 2010-present, Yang Lab, Westlake University
* Please report bugs to Jian Yang <jian.yang@westlake.edu.cn>
*******************************************************************
Analysis started at 20:06:54 UTC on Fri Mar 15 2024.
Hostname: dsmlp-jupyter-nrittler

Accepted options:
--grm GCTAgrm_herit.9_beta.01
--pheno traits_h=.9_betamult=.01.phen
--reml
--out Exp_Large/herit.9_beta.01
--qcovar pca_covars.qcovar
--thread-num 10

Note: the program will be running on 10 threads.

Reading IDs of the GRM from [GCTAgrm_herit.9_beta.01.grm.id].
787 IDs are read from [GCTAgrm_herit.9_beta.01.grm.id].
Reading the GRM from [GCTAgrm_herit.9_beta.01.grm.bin].
GRM for 787 individuals are included from [GCTAgrm_herit.9_beta.01.grm.bin].
Reading phenotypes from [traits_h=.9_betamult=.01.phen].
Non-missing phenotypes of 787 individuals are included from [traits_h=.9_betamult=.01.phen].
Reading quantitative covariate(s) from [pca_covars.qcovar].
3 quantitative covariate(s) of 787 individuals are included from [pca_covars.qcovar].

3 quantitative variable(s) included as covariate(s).
787 individuals are in common in these files.

Performing  REML analysis ... (Note: may take hours depending on sample size).
787 observations, 4 fixed effect(s), and 2 variance component(s)(including residual variance).
Calculating prior values of variance components by EM-REML ...
Updated prior values: 0.000159402 0.000171634
logL: 2765.11
Running AI-REML algorithm ...
Iter.	logL	V(G)	V(e)	
1	2767.43	0.00013	0.00019	
2	2769.85	0.00012	0.00021	
3	2771.03	0.00011	0.00022	
4	2771.59	0.00010	0.00022	
5	2771.86	0.00008	0.00024	
6	2772.11	0.00008	0.00024	
7	2772.11	0.00008	0.00024	
8	2772.11	0.00008	0.00024	
Log-likelihood ratio converged.

Calculating the logLikelihood for the reduced model ...
(variance component 1 is dropped from the model)
Calculating prior values of variance components by EM-REML ...
Updated prior values: 0.00031
logL: 2765.41253
Running AI-REML algorithm ...
Iter.	logL	V(e)	
1	2765.43	0.00031	
2	2765.43	0.00031	
Log-likelihood ratio converged.

Summary result of REML analysis:
Source	Variance	SE
V(G)	0.000081	0.000026
V(e)	0.000238	0.000023
Vp	0.000319	0.000017
V(G)/Vp	0.253540	0.074876

Sampling variance/covariance of the estimates of variance components:
6.532476e-10	-4.533540e-10	
-4.533540e-10	5.415463e-10	

Summary result of REML analysis has been saved in the file [Exp_Large/herit.9_beta.01.hsq].

Analysis finished at 20:06:54 UTC on Fri Mar 15 2024
Overall computational time: 0.51 sec.
