*******************************************************************
* Genome-wide Complex Trait Analysis (GCTA)
* version v1.94.1 Linux
* Built at Nov 15 2022 21:14:25, by GCC 8.5
* (C) 2010-present, Yang Lab, Westlake University
* Please report bugs to Jian Yang <jian.yang@westlake.edu.cn>
*******************************************************************
Analysis started at 20:14:42 UTC on Fri Mar 15 2024.
Hostname: dsmlp-jupyter-nrittler

Accepted options:
--grm GCTAgrm_herit.2_beta10
--pheno traits_h=.2_betamult=10.phen
--reml
--out Exp_Large/herit.2_beta10_no_covars
--thread-num 10

Note: the program will be running on 10 threads.

Reading IDs of the GRM from [GCTAgrm_herit.2_beta10.grm.id].
787 IDs are read from [GCTAgrm_herit.2_beta10.grm.id].
Reading the GRM from [GCTAgrm_herit.2_beta10.grm.bin].
GRM for 787 individuals are included from [GCTAgrm_herit.2_beta10.grm.bin].
Reading phenotypes from [traits_h=.2_betamult=10.phen].
Non-missing phenotypes of 787 individuals are included from [traits_h=.2_betamult=10.phen].

787 individuals are in common in these files.

Performing  REML analysis ... (Note: may take hours depending on sample size).
787 observations, 1 fixed effect(s), and 2 variance component(s)(including residual variance).
Calculating prior values of variance components by EM-REML ...
Updated prior values: 738.836 864.192
logL: -3293.58
Running AI-REML algorithm ...
Iter.	logL	V(G)	V(e)	
1	-3285.30	419.20111	1066.60335	
2	-3272.64	255.79856	1196.66048	
3	-3267.43	165.70569	1281.27325	
4	-3265.23	113.27247	1336.77561	
5	-3264.27	81.89647	1373.14491	
6	-3263.84	21.53626	1448.36675	
7	-3263.47	25.68437	1447.42142	
8	-3263.47	26.65260	1446.49359	
9	-3263.47	26.82859	1446.32069	
10	-3263.47	26.85870	1446.29092	
Log-likelihood ratio converged.

Calculating the logLikelihood for the reduced model ...
(variance component 1 is dropped from the model)
Calculating prior values of variance components by EM-REML ...
Updated prior values: 1474.27246
logL: -3263.63064
Running AI-REML algorithm ...
Iter.	logL	V(e)	
1	-3263.63	1474.27246	
Log-likelihood ratio converged.

Summary result of REML analysis:
Source	Variance	SE
V(G)	26.858703	51.677494
V(e)	1446.290925	89.086591
Vp	1473.149628	74.312481
V(G)/Vp	0.018232	0.035061

Sampling variance/covariance of the estimates of variance components:
2.670563e+03	-2.542320e+03	
-2.542320e+03	7.936421e+03	

Summary result of REML analysis has been saved in the file [Exp_Large/herit.2_beta10_no_covars.hsq].

Analysis finished at 20:14:42 UTC on Fri Mar 15 2024
Overall computational time: 0.44 sec.
