*******************************************************************
* Genome-wide Complex Trait Analysis (GCTA)
* version v1.94.1 Linux
* Built at Nov 15 2022 21:14:25, by GCC 8.5
* (C) 2010-present, Yang Lab, Westlake University
* Please report bugs to Jian Yang <jian.yang@westlake.edu.cn>
*******************************************************************
Analysis started at 20:06:08 UTC on Fri Mar 15 2024.
Hostname: dsmlp-jupyter-nrittler

Accepted options:
--grm GCTAgrm_herit.2_beta.01
--pheno traits_h=.2_betamult=.01.phen
--reml
--out Exp_Large/herit.2_beta.01
--qcovar pca_covars.qcovar
--thread-num 10

Note: the program will be running on 10 threads.

Reading IDs of the GRM from [GCTAgrm_herit.2_beta.01.grm.id].
787 IDs are read from [GCTAgrm_herit.2_beta.01.grm.id].
Reading the GRM from [GCTAgrm_herit.2_beta.01.grm.bin].
GRM for 787 individuals are included from [GCTAgrm_herit.2_beta.01.grm.bin].
Reading phenotypes from [traits_h=.2_betamult=.01.phen].
Non-missing phenotypes of 787 individuals are included from [traits_h=.2_betamult=.01.phen].
Reading quantitative covariate(s) from [pca_covars.qcovar].
3 quantitative covariate(s) of 787 individuals are included from [pca_covars.qcovar].

3 quantitative variable(s) included as covariate(s).
787 individuals are in common in these files.

Performing  REML analysis ... (Note: may take hours depending on sample size).
787 observations, 4 fixed effect(s), and 2 variance component(s)(including residual variance).
Calculating prior values of variance components by EM-REML ...
Updated prior values: 0.000718377 0.000813979
logL: 2152.4
Running AI-REML algorithm ...
Iter.	logL	V(G)	V(e)	
1	2158.56	0.00049	0.00097	
2	2166.05	0.00035	0.00108	
3	2169.64	0.00026	0.00116	
4	2171.32	0.00021	0.00121	
5	2172.09	0.00017	0.00125	
6	2172.45	0.00010	0.00133	
7	2172.76	0.00010	0.00133	
8	2172.76	0.00010	0.00133	
9	2172.76	0.00010	0.00133	
Log-likelihood ratio converged.

Calculating the logLikelihood for the reduced model ...
(variance component 1 is dropped from the model)
Calculating prior values of variance components by EM-REML ...
Updated prior values: 0.00142
logL: 2172.08119
Running AI-REML algorithm ...
Iter.	logL	V(e)	
1	2172.08	0.00142	
2	2172.08	0.00142	
Log-likelihood ratio converged.

Summary result of REML analysis:
Source	Variance	SE
V(G)	0.000102	0.000095
V(e)	0.001326	0.000107
Vp	0.001428	0.000073
V(G)/Vp	0.071594	0.065799

Sampling variance/covariance of the estimates of variance components:
9.017389e-09	-7.546325e-09	
-7.546325e-09	1.142129e-08	

Summary result of REML analysis has been saved in the file [Exp_Large/herit.2_beta.01.hsq].

Analysis finished at 20:06:09 UTC on Fri Mar 15 2024
Overall computational time: 0.63 sec.
