*******************************************************************
* Genome-wide Complex Trait Analysis (GCTA)
* version v1.94.1 Linux
* Built at Nov 15 2022 21:14:25, by GCC 8.5
* (C) 2010-present, Yang Lab, Westlake University
* Please report bugs to Jian Yang <jian.yang@westlake.edu.cn>
*******************************************************************
Analysis started at 20:13:49 UTC on Fri Mar 15 2024.
Hostname: dsmlp-jupyter-nrittler

Accepted options:
--grm GCTAgrm_herit.01_beta.01
--pheno traits_h=.01_betamult=.01.phen
--reml
--out Exp_Large/herit.01_beta.01_no_covars
--thread-num 10

Note: the program will be running on 10 threads.

Reading IDs of the GRM from [GCTAgrm_herit.01_beta.01.grm.id].
787 IDs are read from [GCTAgrm_herit.01_beta.01.grm.id].
Reading the GRM from [GCTAgrm_herit.01_beta.01.grm.bin].
GRM for 787 individuals are included from [GCTAgrm_herit.01_beta.01.grm.bin].
Reading phenotypes from [traits_h=.01_betamult=.01.phen].
Non-missing phenotypes of 787 individuals are included from [traits_h=.01_betamult=.01.phen].

787 individuals are in common in these files.

Performing  REML analysis ... (Note: may take hours depending on sample size).
787 observations, 1 fixed effect(s), and 2 variance component(s)(including residual variance).
Calculating prior values of variance components by EM-REML ...
Updated prior values: 0.0155065 0.0174949
logL: 952.902
Running AI-REML algorithm ...
Iter.	logL	V(G)	V(e)	
1	958.36	0.01074	0.02076	
2	965.60	0.00779	0.02310	
3	969.15	0.00591	0.02476	
4	970.89	0.00468	0.02594	
5	971.76	0.00384	0.02678	
6	972.20	0.00202	0.02868	
7	972.70	0.00176	0.02898	
8	972.72	0.00169	0.02905	
9	972.72	0.00166	0.02907	
10	972.72	0.00165	0.02908	
11	972.72	0.00165	0.02908	
12	972.72	0.00165	0.02908	
Log-likelihood ratio converged.

Calculating the logLikelihood for the reduced model ...
(variance component 1 is dropped from the model)
Calculating prior values of variance components by EM-REML ...
Updated prior values: 0.03073
logL: 972.30173
Running AI-REML algorithm ...
Iter.	logL	V(e)	
1	972.30	0.03073	
Log-likelihood ratio converged.

Summary result of REML analysis:
Source	Variance	SE
V(G)	0.001649	0.001692
V(e)	0.029084	0.002153
Vp	0.030732	0.001554
V(G)/Vp	0.053643	0.054787

Sampling variance/covariance of the estimates of variance components:
2.862380e-06	-2.541519e-06	
-2.541519e-06	4.636809e-06	

Summary result of REML analysis has been saved in the file [Exp_Large/herit.01_beta.01_no_covars.hsq].

Analysis finished at 20:13:50 UTC on Fri Mar 15 2024
Overall computational time: 0.60 sec.
