*******************************************************************
* Genome-wide Complex Trait Analysis (GCTA)
* version v1.94.1 Linux
* Built at Nov 15 2022 21:14:25, by GCC 8.5
* (C) 2010-present, Yang Lab, Westlake University
* Please report bugs to Jian Yang <jian.yang@westlake.edu.cn>
*******************************************************************
Analysis started at 20:14:39 UTC on Fri Mar 15 2024.
Hostname: dsmlp-jupyter-nrittler

Accepted options:
--grm GCTAgrm_herit.2_beta5
--pheno traits_h=.2_betamult=5.phen
--reml
--out Exp_Large/herit.2_beta5_no_covars
--thread-num 10

Note: the program will be running on 10 threads.

Reading IDs of the GRM from [GCTAgrm_herit.2_beta5.grm.id].
787 IDs are read from [GCTAgrm_herit.2_beta5.grm.id].
Reading the GRM from [GCTAgrm_herit.2_beta5.grm.bin].
GRM for 787 individuals are included from [GCTAgrm_herit.2_beta5.grm.bin].
Reading phenotypes from [traits_h=.2_betamult=5.phen].
Non-missing phenotypes of 787 individuals are included from [traits_h=.2_betamult=5.phen].

787 individuals are in common in these files.

Performing  REML analysis ... (Note: may take hours depending on sample size).
787 observations, 1 fixed effect(s), and 2 variance component(s)(including residual variance).
Calculating prior values of variance components by EM-REML ...
Updated prior values: 161.369 181.042
logL: -2681.19
Running AI-REML algorithm ...
Iter.	logL	V(G)	V(e)	
1	-2675.96	104.98498	219.33347	
2	-2667.78	70.54451	246.45179	
3	-2663.60	50.10489	264.70122	
4	-2661.64	38.08701	276.60301	
5	-2660.78	31.01309	284.23180	
6	-2660.40	17.64937	299.67420	
7	-2660.13	19.58175	298.39185	
8	-2660.13	19.58752	298.40052	
9	-2660.13	19.58733	298.40069	
Log-likelihood ratio converged.

Calculating the logLikelihood for the reduced model ...
(variance component 1 is dropped from the model)
Calculating prior values of variance components by EM-REML ...
Updated prior values: 318.88175
logL: -2661.90851
Running AI-REML algorithm ...
Iter.	logL	V(e)	
1	-2661.91	318.88175	
Log-likelihood ratio converged.

Summary result of REML analysis:
Source	Variance	SE
V(G)	19.587328	15.460405
V(e)	298.400690	20.734250
Vp	317.988018	16.082928
V(G)/Vp	0.061598	0.048294

Sampling variance/covariance of the estimates of variance components:
2.390241e+02	-2.051363e+02	
-2.051363e+02	4.299091e+02	

Summary result of REML analysis has been saved in the file [Exp_Large/herit.2_beta5_no_covars.hsq].

Analysis finished at 20:14:39 UTC on Fri Mar 15 2024
Overall computational time: 0.45 sec.
