*******************************************************************
* Genome-wide Complex Trait Analysis (GCTA)
* version v1.94.1 Linux
* Built at Nov 15 2022 21:14:25, by GCC 8.5
* (C) 2010-present, Yang Lab, Westlake University
* Please report bugs to Jian Yang <jian.yang@westlake.edu.cn>
*******************************************************************
Analysis started at 20:14:48 UTC on Fri Mar 15 2024.
Hostname: dsmlp-jupyter-nrittler

Accepted options:
--grm GCTAgrm_herit.5_beta.1
--pheno traits_h=.5_betamult=.1.phen
--reml
--out Exp_Large/herit.5_beta.1_no_covars
--thread-num 10

Note: the program will be running on 10 threads.

Reading IDs of the GRM from [GCTAgrm_herit.5_beta.1.grm.id].
787 IDs are read from [GCTAgrm_herit.5_beta.1.grm.id].
Reading the GRM from [GCTAgrm_herit.5_beta.1.grm.bin].
GRM for 787 individuals are included from [GCTAgrm_herit.5_beta.1.grm.bin].
Reading phenotypes from [traits_h=.5_betamult=.1.phen].
Non-missing phenotypes of 787 individuals are included from [traits_h=.5_betamult=.1.phen].

787 individuals are in common in these files.

Performing  REML analysis ... (Note: may take hours depending on sample size).
787 observations, 1 fixed effect(s), and 2 variance component(s)(including residual variance).
Calculating prior values of variance components by EM-REML ...
Updated prior values: 0.0278717 0.0316736
logL: 721.109
Running AI-REML algorithm ...
Iter.	logL	V(G)	V(e)	
1	726.85	0.01828	0.03805	
2	735.44	0.01260	0.04251	
3	739.51	0.00920	0.04555	
4	741.38	0.00715	0.04757	
5	742.22	0.00592	0.04888	
6	742.58	0.00356	0.05155	
7	742.84	0.00391	0.05132	
8	742.85	0.00390	0.05133	
9	742.85	0.00391	0.05133	
Log-likelihood ratio converged.

Calculating the logLikelihood for the reduced model ...
(variance component 1 is dropped from the model)
Calculating prior values of variance components by EM-REML ...
Updated prior values: 0.05546
logL: 740.22580
Running AI-REML algorithm ...
Iter.	logL	V(e)	
1	740.23	0.05546	
Log-likelihood ratio converged.

Summary result of REML analysis:
Source	Variance	SE
V(G)	0.003905	0.002783
V(e)	0.051326	0.003627
Vp	0.055231	0.002796
V(G)/Vp	0.070708	0.049955

Sampling variance/covariance of the estimates of variance components:
7.743472e-06	-6.541401e-06	
-6.541401e-06	1.315673e-05	

Summary result of REML analysis has been saved in the file [Exp_Large/herit.5_beta.1_no_covars.hsq].

Analysis finished at 20:14:48 UTC on Fri Mar 15 2024
Overall computational time: 0.36 sec.
