*******************************************************************
* Genome-wide Complex Trait Analysis (GCTA)
* version v1.94.1 Linux
* Built at Nov 15 2022 21:14:25, by GCC 8.5
* (C) 2010-present, Yang Lab, Westlake University
* Please report bugs to Jian Yang <jian.yang@westlake.edu.cn>
*******************************************************************
Analysis started at 20:07:01 UTC on Fri Mar 15 2024.
Hostname: dsmlp-jupyter-nrittler

Accepted options:
--grm GCTAgrm_herit.9_beta1
--pheno traits_h=.9_betamult=1.phen
--reml
--out Exp_Large/herit.9_beta1
--qcovar pca_covars.qcovar
--thread-num 10

Note: the program will be running on 10 threads.

Reading IDs of the GRM from [GCTAgrm_herit.9_beta1.grm.id].
787 IDs are read from [GCTAgrm_herit.9_beta1.grm.id].
Reading the GRM from [GCTAgrm_herit.9_beta1.grm.bin].
GRM for 787 individuals are included from [GCTAgrm_herit.9_beta1.grm.bin].
Reading phenotypes from [traits_h=.9_betamult=1.phen].
Non-missing phenotypes of 787 individuals are included from [traits_h=.9_betamult=1.phen].
Reading quantitative covariate(s) from [pca_covars.qcovar].
3 quantitative covariate(s) of 787 individuals are included from [pca_covars.qcovar].

3 quantitative variable(s) included as covariate(s).
787 individuals are in common in these files.

Performing  REML analysis ... (Note: may take hours depending on sample size).
787 observations, 4 fixed effect(s), and 2 variance component(s)(including residual variance).
Calculating prior values of variance components by EM-REML ...
Updated prior values: 1.50632 1.63713
logL: -821.982
Running AI-REML algorithm ...
Iter.	logL	V(G)	V(e)	
1	-819.20	1.19909	1.86063	
2	-815.76	0.99663	2.02260	
3	-814.03	0.86165	2.13826	
4	-813.19	0.77060	2.22014	
5	-812.77	0.57436	2.40259	
6	-812.38	0.56937	2.41224	
7	-812.38	0.56902	2.41254	
8	-812.38	0.56901	2.41255	
Log-likelihood ratio converged.

Calculating the logLikelihood for the reduced model ...
(variance component 1 is dropped from the model)
Calculating prior values of variance components by EM-REML ...
Updated prior values: 2.93461
logL: -816.33308
Running AI-REML algorithm ...
Iter.	logL	V(e)	
1	-816.28	2.93453	
2	-816.28	2.93436	
Log-likelihood ratio converged.

Summary result of REML analysis:
Source	Variance	SE
V(G)	0.569005	0.230461
V(e)	2.412552	0.223079
Vp	2.981557	0.156391
V(G)/Vp	0.190842	0.074013

Sampling variance/covariance of the estimates of variance components:
5.311231e-02	-3.920920e-02	
-3.920920e-02	4.976435e-02	

Summary result of REML analysis has been saved in the file [Exp_Large/herit.9_beta1.hsq].

Analysis finished at 20:07:02 UTC on Fri Mar 15 2024
Overall computational time: 0.55 sec.
