*******************************************************************
* Genome-wide Complex Trait Analysis (GCTA)
* version v1.94.1 Linux
* Built at Nov 15 2022 21:14:25, by GCC 8.5
* (C) 2010-present, Yang Lab, Westlake University
* Please report bugs to Jian Yang <jian.yang@westlake.edu.cn>
*******************************************************************
Analysis started at 20:06:31 UTC on Fri Mar 15 2024.
Hostname: dsmlp-jupyter-nrittler

Accepted options:
--grm GCTAgrm_herit.5_beta.01
--pheno traits_h=.5_betamult=.01.phen
--reml
--out Exp_Large/herit.5_beta.01
--qcovar pca_covars.qcovar
--thread-num 10

Note: the program will be running on 10 threads.

Reading IDs of the GRM from [GCTAgrm_herit.5_beta.01.grm.id].
787 IDs are read from [GCTAgrm_herit.5_beta.01.grm.id].
Reading the GRM from [GCTAgrm_herit.5_beta.01.grm.bin].
GRM for 787 individuals are included from [GCTAgrm_herit.5_beta.01.grm.bin].
Reading phenotypes from [traits_h=.5_betamult=.01.phen].
Non-missing phenotypes of 787 individuals are included from [traits_h=.5_betamult=.01.phen].
Reading quantitative covariate(s) from [pca_covars.qcovar].
3 quantitative covariate(s) of 787 individuals are included from [pca_covars.qcovar].

3 quantitative variable(s) included as covariate(s).
787 individuals are in common in these files.

Performing  REML analysis ... (Note: may take hours depending on sample size).
787 observations, 4 fixed effect(s), and 2 variance component(s)(including residual variance).
Calculating prior values of variance components by EM-REML ...
Updated prior values: 0.000272309  0.00029925
logL: 2545.37
Running AI-REML algorithm ...
Iter.	logL	V(G)	V(e)	
1	2549.15	0.00021	0.00035	
2	2553.58	0.00017	0.00038	
3	2555.88	0.00014	0.00040	
4	2557.05	0.00012	0.00042	
5	2557.64	0.00010	0.00044	
6	2557.94	0.00007	0.00046	
7	2558.24	0.00007	0.00047	
8	2558.25	0.00007	0.00047	
9	2558.25	0.00007	0.00047	
Log-likelihood ratio converged.

Calculating the logLikelihood for the reduced model ...
(variance component 1 is dropped from the model)
Calculating prior values of variance components by EM-REML ...
Updated prior values: 0.00053
logL: 2556.58913
Running AI-REML algorithm ...
Iter.	logL	V(e)	
1	2556.61	0.00053	
2	2556.61	0.00053	
Log-likelihood ratio converged.

Summary result of REML analysis:
Source	Variance	SE
V(G)	0.000071	0.000040
V(e)	0.000468	0.000041
Vp	0.000538	0.000028
V(G)/Vp	0.131122	0.073284

Sampling variance/covariance of the estimates of variance components:
1.632772e-09	-1.285727e-09	
-1.285727e-09	1.716924e-09	

Summary result of REML analysis has been saved in the file [Exp_Large/herit.5_beta.01.hsq].

Analysis finished at 20:06:32 UTC on Fri Mar 15 2024
Overall computational time: 0.63 sec.
