*******************************************************************
* Genome-wide Complex Trait Analysis (GCTA)
* version v1.94.1 Linux
* Built at Nov 15 2022 21:14:25, by GCC 8.5
* (C) 2010-present, Yang Lab, Westlake University
* Please report bugs to Jian Yang <jian.yang@westlake.edu.cn>
*******************************************************************
Analysis started at 20:14:02 UTC on Fri Mar 15 2024.
Hostname: dsmlp-jupyter-nrittler

Accepted options:
--grm GCTAgrm_herit.01_beta5
--pheno traits_h=.01_betamult=5.phen
--reml
--out Exp_Large/herit.01_beta5_no_covars
--thread-num 10

Note: the program will be running on 10 threads.

Reading IDs of the GRM from [GCTAgrm_herit.01_beta5.grm.id].
787 IDs are read from [GCTAgrm_herit.01_beta5.grm.id].
Reading the GRM from [GCTAgrm_herit.01_beta5.grm.bin].
GRM for 787 individuals are included from [GCTAgrm_herit.01_beta5.grm.bin].
Reading phenotypes from [traits_h=.01_betamult=5.phen].
Non-missing phenotypes of 787 individuals are included from [traits_h=.01_betamult=5.phen].

787 individuals are in common in these files.

Performing  REML analysis ... (Note: may take hours depending on sample size).
787 observations, 1 fixed effect(s), and 2 variance component(s)(including residual variance).
Calculating prior values of variance components by EM-REML ...
Updated prior values: 3467.92 3892.32
logL: -3887.71
Running AI-REML algorithm ...
Iter.	logL	V(G)	V(e)	
1	-3882.31	2376.43394	4647.86356	
2	-3875.06	1664.85711	5210.24258	
3	-3871.17	1193.03213	5622.61614	
4	-3869.10	875.34780	5921.89224	
5	-3867.99	659.54233	6136.92159	
6	-3867.39	512.41718	6289.89188	
7	-3867.07	193.88924	6631.93548	
8	-3866.69	167.17591	6670.09402	
9	-3866.68	159.43532	6677.80477	
10	-3866.68	156.92347	6680.27359	
11	-3866.68	156.07539	6681.10508	
12	-3866.68	155.78531	6681.38929	
Log-likelihood ratio converged.

Calculating the logLikelihood for the reduced model ...
(variance component 1 is dropped from the model)
Calculating prior values of variance components by EM-REML ...
Updated prior values: 6841.57543
logL: -3866.82802
Running AI-REML algorithm ...
Iter.	logL	V(e)	
1	-3866.83	6841.57543	
Log-likelihood ratio converged.

Summary result of REML analysis:
Source	Variance	SE
V(G)	155.785309	277.024632
V(e)	6681.389287	432.549925
Vp	6837.174596	344.938376
V(G)/Vp	0.022785	0.040482

Sampling variance/covariance of the estimates of variance components:
7.674265e+04	-7.242980e+04	
-7.242980e+04	1.870994e+05	

Summary result of REML analysis has been saved in the file [Exp_Large/herit.01_beta5_no_covars.hsq].

Analysis finished at 20:14:02 UTC on Fri Mar 15 2024
Overall computational time: 0.70 sec.
