*******************************************************************
* Genome-wide Complex Trait Analysis (GCTA)
* version v1.94.1 Linux
* Built at Nov 15 2022 21:14:25, by GCC 8.5
* (C) 2010-present, Yang Lab, Westlake University
* Please report bugs to Jian Yang <jian.yang@westlake.edu.cn>
*******************************************************************
Analysis started at 20:13:59 UTC on Fri Mar 15 2024.
Hostname: dsmlp-jupyter-nrittler

Accepted options:
--grm GCTAgrm_herit.01_beta2
--pheno traits_h=.01_betamult=2.phen
--reml
--out Exp_Large/herit.01_beta2_no_covars
--thread-num 10

Note: the program will be running on 10 threads.

Reading IDs of the GRM from [GCTAgrm_herit.01_beta2.grm.id].
787 IDs are read from [GCTAgrm_herit.01_beta2.grm.id].
Reading the GRM from [GCTAgrm_herit.01_beta2.grm.bin].
GRM for 787 individuals are included from [GCTAgrm_herit.01_beta2.grm.bin].
Reading phenotypes from [traits_h=.01_betamult=2.phen].
Non-missing phenotypes of 787 individuals are included from [traits_h=.01_betamult=2.phen].

787 individuals are in common in these files.

Performing  REML analysis ... (Note: may take hours depending on sample size).
787 observations, 1 fixed effect(s), and 2 variance component(s)(including residual variance).
Calculating prior values of variance components by EM-REML ...
Updated prior values: 593.841 705.388
logL: -3216.35
Running AI-REML algorithm ...
Iter.	logL	V(G)	V(e)	
1	-3206.01	281.46656	897.93795	
2	-3188.96	113.77240	1029.17999	
3	-3180.86	27.51878	1112.09828	
4	-3177.33	9.12125	1141.43220	
5	-3176.73	5.93033	1153.93141	
6	-3176.62	1.59844	1179.06638	
7	-3176.55	3.49701	1177.54177	
8	-3176.54	2.89461	1178.19541	
9	-3176.54	3.13206	1177.94945	
10	-3176.54	3.04351	1178.04223	
11	-3176.54	3.07730	1178.00699	
Log-likelihood ratio converged.

Calculating the logLikelihood for the reduced model ...
(variance component 1 is dropped from the model)
Calculating prior values of variance components by EM-REML ...
Updated prior values: 1181.29489
logL: -3176.56014
Running AI-REML algorithm ...
Iter.	logL	V(e)	
1	-3176.56	1181.29489	
Log-likelihood ratio converged.

Summary result of REML analysis:
Source	Variance	SE
V(G)	3.077303	20.500436
V(e)	1178.006991	63.163066
Vp	1181.084293	59.584819
V(G)/Vp	0.002605	0.017359

Sampling variance/covariance of the estimates of variance components:
4.202679e+02	-4.297451e+02	
-4.297451e+02	3.989573e+03	

Summary result of REML analysis has been saved in the file [Exp_Large/herit.01_beta2_no_covars.hsq].

Analysis finished at 20:13:59 UTC on Fri Mar 15 2024
Overall computational time: 0.58 sec.
