*******************************************************************
* Genome-wide Complex Trait Analysis (GCTA)
* version v1.94.1 Linux
* Built at Nov 15 2022 21:14:25, by GCC 8.5
* (C) 2010-present, Yang Lab, Westlake University
* Please report bugs to Jian Yang <jian.yang@westlake.edu.cn>
*******************************************************************
Analysis started at 20:13:55 UTC on Fri Mar 15 2024.
Hostname: dsmlp-jupyter-nrittler

Accepted options:
--grm GCTAgrm_herit.01_beta1
--pheno traits_h=.01_betamult=1.phen
--reml
--out Exp_Large/herit.01_beta1_no_covars
--thread-num 10

Note: the program will be running on 10 threads.

Reading IDs of the GRM from [GCTAgrm_herit.01_beta1.grm.id].
787 IDs are read from [GCTAgrm_herit.01_beta1.grm.id].
Reading the GRM from [GCTAgrm_herit.01_beta1.grm.bin].
GRM for 787 individuals are included from [GCTAgrm_herit.01_beta1.grm.bin].
Reading phenotypes from [traits_h=.01_betamult=1.phen].
Non-missing phenotypes of 787 individuals are included from [traits_h=.01_betamult=1.phen].

787 individuals are in common in these files.

Performing  REML analysis ... (Note: may take hours depending on sample size).
787 observations, 1 fixed effect(s), and 2 variance component(s)(including residual variance).
Calculating prior values of variance components by EM-REML ...
Updated prior values: 136.221 157.621
logL: -2625.08
Running AI-REML algorithm ...
Iter.	logL	V(G)	V(e)	
1	-2617.72	84.29891	191.39965	
2	-2607.26	55.59484	214.16706	
3	-2602.67	38.66034	229.63006	
4	-2600.59	28.11519	240.24530	
5	-2599.61	21.21132	247.65709	
6	-2599.13	6.19631	264.40784	
7	-2598.51	2.05451	269.08400	
8	-2598.40	0.00027	271.22983	(1 component(s) constrained)
9	-2598.34	0.00027	271.34367	(1 component(s) constrained)
10	-2598.34	0.00027	271.34371	(1 component(s) constrained)
Log-likelihood ratio converged.

Calculating the logLikelihood for the reduced model ...
(variance component 1 is dropped from the model)
Calculating prior values of variance components by EM-REML ...
Updated prior values: 271.25763
logL: -2598.34024
Running AI-REML algorithm ...
Iter.	logL	V(e)	
1	-2598.34	271.25763	
Log-likelihood ratio converged.

Summary result of REML analysis:
Source	Variance	SE
V(G)	0.000271	8.445261
V(e)	271.343715	16.242982
Vp	271.343986	13.692891
V(G)/Vp	0.000001	0.031124

Sampling variance/covariance of the estimates of variance components:
7.132243e+01	-7.383082e+01	
-7.383082e+01	2.638345e+02	

Summary result of REML analysis has been saved in the file [Exp_Large/herit.01_beta1_no_covars.hsq].

Analysis finished at 20:13:56 UTC on Fri Mar 15 2024
Overall computational time: 0.46 sec.
