*******************************************************************
* Genome-wide Complex Trait Analysis (GCTA)
* version v1.94.1 Linux
* Built at Nov 15 2022 21:14:25, by GCC 8.5
* (C) 2010-present, Yang Lab, Westlake University
* Please report bugs to Jian Yang <jian.yang@westlake.edu.cn>
*******************************************************************
Analysis started at 20:15:15 UTC on Fri Mar 15 2024.
Hostname: dsmlp-jupyter-nrittler

Accepted options:
--grm GCTAgrm_herit.9_beta5
--pheno traits_h=.9_betamult=5.phen
--reml
--out Exp_Large/herit.9_beta5_no_covars
--thread-num 10

Note: the program will be running on 10 threads.

Reading IDs of the GRM from [GCTAgrm_herit.9_beta5.grm.id].
787 IDs are read from [GCTAgrm_herit.9_beta5.grm.id].
Reading the GRM from [GCTAgrm_herit.9_beta5.grm.bin].
GRM for 787 individuals are included from [GCTAgrm_herit.9_beta5.grm.bin].
Reading phenotypes from [traits_h=.9_betamult=5.phen].
Non-missing phenotypes of 787 individuals are included from [traits_h=.9_betamult=5.phen].

787 individuals are in common in these files.

Performing  REML analysis ... (Note: may take hours depending on sample size).
787 observations, 1 fixed effect(s), and 2 variance component(s)(including residual variance).
Calculating prior values of variance components by EM-REML ...
Updated prior values:  39.089 42.2516
logL: -2106.31
Running AI-REML algorithm ...
Iter.	logL	V(G)	V(e)	
1	-2103.90	32.24759	47.36452	
2	-2101.10	27.72411	51.05685	
3	-2099.71	24.68723	53.69508	
4	-2099.03	22.62074	55.56898	
5	-2098.69	18.12060	59.76824	
6	-2098.36	17.87949	60.08173	
7	-2098.36	17.85524	60.10205	
8	-2098.36	17.85303	60.10385	
Log-likelihood ratio converged.

Calculating the logLikelihood for the reduced model ...
(variance component 1 is dropped from the model)
Calculating prior values of variance components by EM-REML ...
Updated prior values: 77.48162
logL: -2105.90011
Running AI-REML algorithm ...
Iter.	logL	V(e)	
1	-2105.90	77.48162	
Log-likelihood ratio converged.

Summary result of REML analysis:
Source	Variance	SE
V(G)	17.853031	5.927734
V(e)	60.103853	5.650792
Vp	77.956884	4.080765
V(G)/Vp	0.229012	0.071953

Sampling variance/covariance of the estimates of variance components:
3.513803e+01	-2.520842e+01	
-2.520842e+01	3.193145e+01	

Summary result of REML analysis has been saved in the file [Exp_Large/herit.9_beta5_no_covars.hsq].

Analysis finished at 20:15:16 UTC on Fri Mar 15 2024
Overall computational time: 0.41 sec.
