*******************************************************************
* Genome-wide Complex Trait Analysis (GCTA)
* version v1.94.1 Linux
* Built at Nov 15 2022 21:14:25, by GCC 8.5
* (C) 2010-present, Yang Lab, Westlake University
* Please report bugs to Jian Yang <jian.yang@westlake.edu.cn>
*******************************************************************
Analysis started at 20:15:06 UTC on Fri Mar 15 2024.
Hostname: dsmlp-jupyter-nrittler

Accepted options:
--grm GCTAgrm_herit.9_beta.1
--pheno traits_h=.9_betamult=.1.phen
--reml
--out Exp_Large/herit.9_beta.1_no_covars
--thread-num 10

Note: the program will be running on 10 threads.

Reading IDs of the GRM from [GCTAgrm_herit.9_beta.1.grm.id].
787 IDs are read from [GCTAgrm_herit.9_beta.1.grm.id].
Reading the GRM from [GCTAgrm_herit.9_beta.1.grm.bin].
GRM for 787 individuals are included from [GCTAgrm_herit.9_beta.1.grm.bin].
Reading phenotypes from [traits_h=.9_betamult=.1.phen].
Non-missing phenotypes of 787 individuals are included from [traits_h=.9_betamult=.1.phen].

787 individuals are in common in these files.

Performing  REML analysis ... (Note: may take hours depending on sample size).
787 observations, 1 fixed effect(s), and 2 variance component(s)(including residual variance).
Calculating prior values of variance components by EM-REML ...
Updated prior values: 0.0157065 0.0170129
logL: 967.051
Running AI-REML algorithm ...
Iter.	logL	V(G)	V(e)	
1	969.43	0.01282	0.01913	
2	972.45	0.01095	0.02064	
3	973.91	0.00972	0.02170	
4	974.61	0.00889	0.02245	
5	974.95	0.00712	0.02410	
6	975.27	0.00708	0.02418	
7	975.27	0.00708	0.02419	
8	975.27	0.00708	0.02419	
Log-likelihood ratio converged.

Calculating the logLikelihood for the reduced model ...
(variance component 1 is dropped from the model)
Calculating prior values of variance components by EM-REML ...
Updated prior values: 0.03122
logL: 966.08888
Running AI-REML algorithm ...
Iter.	logL	V(e)	
1	966.09	0.03122	
Log-likelihood ratio converged.

Summary result of REML analysis:
Source	Variance	SE
V(G)	0.007078	0.002338
V(e)	0.024186	0.002244
Vp	0.031264	0.001634
V(G)/Vp	0.226409	0.070815

Sampling variance/covariance of the estimates of variance components:
5.466567e-06	-3.916861e-06	
-3.916861e-06	5.036627e-06	

Summary result of REML analysis has been saved in the file [Exp_Large/herit.9_beta.1_no_covars.hsq].

Analysis finished at 20:15:07 UTC on Fri Mar 15 2024
Overall computational time: 0.41 sec.
