*******************************************************************
* Genome-wide Complex Trait Analysis (GCTA)
* version v1.94.1 Linux
* Built at Nov 15 2022 21:14:25, by GCC 8.5
* (C) 2010-present, Yang Lab, Westlake University
* Please report bugs to Jian Yang <jian.yang@westlake.edu.cn>
*******************************************************************
Analysis started at 20:14:24 UTC on Fri Mar 15 2024.
Hostname: dsmlp-jupyter-nrittler

Accepted options:
--grm GCTAgrm_herit.1_beta10
--pheno traits_h=.1_betamult=10.phen
--reml
--out Exp_Large/herit.1_beta10_no_covars
--thread-num 10

Note: the program will be running on 10 threads.

Reading IDs of the GRM from [GCTAgrm_herit.1_beta10.grm.id].
787 IDs are read from [GCTAgrm_herit.1_beta10.grm.id].
Reading the GRM from [GCTAgrm_herit.1_beta10.grm.bin].
GRM for 787 individuals are included from [GCTAgrm_herit.1_beta10.grm.bin].
Reading phenotypes from [traits_h=.1_betamult=10.phen].
Non-missing phenotypes of 787 individuals are included from [traits_h=.1_betamult=10.phen].

787 individuals are in common in these files.

Performing  REML analysis ... (Note: may take hours depending on sample size).
787 observations, 1 fixed effect(s), and 2 variance component(s)(including residual variance).
Calculating prior values of variance components by EM-REML ...
Updated prior values: 1415.29 1636.83
logL: -3545.16
Running AI-REML algorithm ...
Iter.	logL	V(G)	V(e)	
1	-3537.77	863.54269	1995.41126	
2	-3527.04	555.35642	2239.10880	
3	-3522.21	372.68989	2405.48955	
4	-3519.99	258.88146	2519.99222	
5	-3518.93	185.83313	2598.91561	
6	-3518.40	138.43908	2652.97096	
7	-3518.13	40.89830	2769.16323	
8	-3517.86	41.41380	2772.81476	
9	-3517.86	41.52007	2772.71498	
10	-3517.86	41.54425	2772.69084	
Log-likelihood ratio converged.

Calculating the logLikelihood for the reduced model ...
(variance component 1 is dropped from the model)
Calculating prior values of variance components by EM-REML ...
Updated prior values: 2816.04034
logL: -3517.96732
Running AI-REML algorithm ...
Iter.	logL	V(e)	
1	-3517.97	2816.04034	
Log-likelihood ratio converged.

Summary result of REML analysis:
Source	Variance	SE
V(G)	41.544254	94.841791
V(e)	2772.690844	168.896850
Vp	2814.235097	141.959449
V(G)/Vp	0.014762	0.033692

Sampling variance/covariance of the estimates of variance components:
8.994965e+03	-8.684313e+03	
-8.684313e+03	2.852615e+04	

Summary result of REML analysis has been saved in the file [Exp_Large/herit.1_beta10_no_covars.hsq].

Analysis finished at 20:14:24 UTC on Fri Mar 15 2024
Overall computational time: 0.45 sec.
