*******************************************************************
* Genome-wide Complex Trait Analysis (GCTA)
* version v1.94.1 Linux
* Built at Nov 15 2022 21:14:25, by GCC 8.5
* (C) 2010-present, Yang Lab, Westlake University
* Please report bugs to Jian Yang <jian.yang@westlake.edu.cn>
*******************************************************************
Analysis started at 20:14:51 UTC on Fri Mar 15 2024.
Hostname: dsmlp-jupyter-nrittler

Accepted options:
--grm GCTAgrm_herit.5_beta1
--pheno traits_h=.5_betamult=1.phen
--reml
--out Exp_Large/herit.5_beta1_no_covars
--thread-num 10

Note: the program will be running on 10 threads.

Reading IDs of the GRM from [GCTAgrm_herit.5_beta1.grm.id].
787 IDs are read from [GCTAgrm_herit.5_beta1.grm.id].
Reading the GRM from [GCTAgrm_herit.5_beta1.grm.bin].
GRM for 787 individuals are included from [GCTAgrm_herit.5_beta1.grm.bin].
Reading phenotypes from [traits_h=.5_betamult=1.phen].
Non-missing phenotypes of 787 individuals are included from [traits_h=.5_betamult=1.phen].

787 individuals are in common in these files.

Performing  REML analysis ... (Note: may take hours depending on sample size).
787 observations, 1 fixed effect(s), and 2 variance component(s)(including residual variance).
Calculating prior values of variance components by EM-REML ...
Updated prior values: 2.59946 2.85793
logL: -1051.26
Running AI-REML algorithm ...
Iter.	logL	V(G)	V(e)	
1	-1047.35	1.97666	3.31162	
2	-1042.72	1.55053	3.65450	
3	-1040.19	1.25558	3.90999	
4	-1038.83	1.04812	4.09934	
5	-1038.08	0.89969	4.23968	
6	-1037.67	0.55810	4.57001	
7	-1037.15	0.48431	4.64571	
8	-1037.12	0.46026	4.66778	
9	-1037.11	0.45162	4.67561	
10	-1037.11	0.44839	4.67852	
11	-1037.11	0.44716	4.67963	
12	-1037.11	0.44669	4.68005	
13	-1037.11	0.44651	4.68022	
Log-likelihood ratio converged.

Calculating the logLikelihood for the reduced model ...
(variance component 1 is dropped from the model)
Calculating prior values of variance components by EM-REML ...
Updated prior values: 5.11974
logL: -1038.14356
Running AI-REML algorithm ...
Iter.	logL	V(e)	
1	-1038.14	5.11974	
Log-likelihood ratio converged.

Summary result of REML analysis:
Source	Variance	SE
V(G)	0.446509	0.334865
V(e)	4.680216	0.382467
Vp	5.126725	0.260731
V(G)/Vp	0.087094	0.064606

Sampling variance/covariance of the estimates of variance components:
1.121343e-01	-9.521706e-02	
-9.521706e-02	1.462808e-01	

Summary result of REML analysis has been saved in the file [Exp_Large/herit.5_beta1_no_covars.hsq].

Analysis finished at 20:14:51 UTC on Fri Mar 15 2024
Overall computational time: 0.57 sec.
