*******************************************************************
* Genome-wide Complex Trait Analysis (GCTA)
* version v1.94.1 Linux
* Built at Nov 15 2022 21:14:25, by GCC 8.5
* (C) 2010-present, Yang Lab, Westlake University
* Please report bugs to Jian Yang <jian.yang@westlake.edu.cn>
*******************************************************************
Analysis started at 20:15:09 UTC on Fri Mar 15 2024.
Hostname: dsmlp-jupyter-nrittler

Accepted options:
--grm GCTAgrm_herit.9_beta1
--pheno traits_h=.9_betamult=1.phen
--reml
--out Exp_Large/herit.9_beta1_no_covars
--thread-num 10

Note: the program will be running on 10 threads.

Reading IDs of the GRM from [GCTAgrm_herit.9_beta1.grm.id].
787 IDs are read from [GCTAgrm_herit.9_beta1.grm.id].
Reading the GRM from [GCTAgrm_herit.9_beta1.grm.bin].
GRM for 787 individuals are included from [GCTAgrm_herit.9_beta1.grm.bin].
Reading phenotypes from [traits_h=.9_betamult=1.phen].
Non-missing phenotypes of 787 individuals are included from [traits_h=.9_betamult=1.phen].

787 individuals are in common in these files.

Performing  REML analysis ... (Note: may take hours depending on sample size).
787 observations, 1 fixed effect(s), and 2 variance component(s)(including residual variance).
Calculating prior values of variance components by EM-REML ...
Updated prior values: 1.50281 1.63703
logL: -828.419
Running AI-REML algorithm ...
Iter.	logL	V(G)	V(e)	
1	-825.64	1.18549	1.86635	
2	-821.91	0.97821	2.03202	
3	-820.04	0.84115	2.14994	
4	-819.12	0.74941	2.23314	
5	-818.67	0.55285	2.41807	
6	-818.23	0.54780	2.42850	
7	-818.23	0.54732	2.42892	
8	-818.23	0.54728	2.42895	
Log-likelihood ratio converged.

Calculating the logLikelihood for the reduced model ...
(variance component 1 is dropped from the model)
Calculating prior values of variance components by EM-REML ...
Updated prior values: 2.98322
logL: -825.88402
Running AI-REML algorithm ...
Iter.	logL	V(e)	
1	-825.88	2.98322	
Log-likelihood ratio converged.

Summary result of REML analysis:
Source	Variance	SE
V(G)	0.547280	0.212518
V(e)	2.428948	0.214796
Vp	2.976229	0.153998
V(G)/Vp	0.183884	0.068681

Sampling variance/covariance of the estimates of variance components:
4.516369e-02	-3.379297e-02	
-3.379297e-02	4.613753e-02	

Summary result of REML analysis has been saved in the file [Exp_Large/herit.9_beta1_no_covars.hsq].

Analysis finished at 20:15:09 UTC on Fri Mar 15 2024
Overall computational time: 0.41 sec.
