*******************************************************************
* Genome-wide Complex Trait Analysis (GCTA)
* version v1.94.1 Linux
* Built at Nov 15 2022 21:14:25, by GCC 8.5
* (C) 2010-present, Yang Lab, Westlake University
* Please report bugs to Jian Yang <jian.yang@westlake.edu.cn>
*******************************************************************
Analysis started at 20:15:03 UTC on Fri Mar 15 2024.
Hostname: dsmlp-jupyter-nrittler

Accepted options:
--grm GCTAgrm_herit.9_beta.01
--pheno traits_h=.9_betamult=.01.phen
--reml
--out Exp_Large/herit.9_beta.01_no_covars
--thread-num 10

Note: the program will be running on 10 threads.

Reading IDs of the GRM from [GCTAgrm_herit.9_beta.01.grm.id].
787 IDs are read from [GCTAgrm_herit.9_beta.01.grm.id].
Reading the GRM from [GCTAgrm_herit.9_beta.01.grm.bin].
GRM for 787 individuals are included from [GCTAgrm_herit.9_beta.01.grm.bin].
Reading phenotypes from [traits_h=.9_betamult=.01.phen].
Non-missing phenotypes of 787 individuals are included from [traits_h=.9_betamult=.01.phen].

787 individuals are in common in these files.

Performing  REML analysis ... (Note: may take hours depending on sample size).
787 observations, 1 fixed effect(s), and 2 variance component(s)(including residual variance).
Calculating prior values of variance components by EM-REML ...
Updated prior values: 0.000158952  0.00017162
logL: 2772.61
Running AI-REML algorithm ...
Iter.	logL	V(G)	V(e)	
1	2774.93	0.00013	0.00019	
2	2777.65	0.00011	0.00021	
3	2778.99	0.00010	0.00022	
4	2779.64	0.00009	0.00022	
5	2779.97	0.00008	0.00024	
6	2780.28	0.00007	0.00024	
7	2780.28	0.00007	0.00024	
8	2780.28	0.00007	0.00024	
Log-likelihood ratio converged.

Calculating the logLikelihood for the reduced model ...
(variance component 1 is dropped from the model)
Calculating prior values of variance components by EM-REML ...
Updated prior values: 0.00032
logL: 2772.10206
Running AI-REML algorithm ...
Iter.	logL	V(e)	
1	2772.10	0.00032	
Log-likelihood ratio converged.

Summary result of REML analysis:
Source	Variance	SE
V(G)	0.000074	0.000024
V(e)	0.000243	0.000023
Vp	0.000317	0.000017
V(G)/Vp	0.234380	0.072133

Sampling variance/covariance of the estimates of variance components:
5.863899e-10	-4.184500e-10	
-4.184500e-10	5.265771e-10	

Summary result of REML analysis has been saved in the file [Exp_Large/herit.9_beta.01_no_covars.hsq].

Analysis finished at 20:15:03 UTC on Fri Mar 15 2024
Overall computational time: 0.44 sec.
