*******************************************************************
* Genome-wide Complex Trait Analysis (GCTA)
* version v1.94.1 Linux
* Built at Nov 15 2022 21:14:25, by GCC 8.5
* (C) 2010-present, Yang Lab, Westlake University
* Please report bugs to Jian Yang <jian.yang@westlake.edu.cn>
*******************************************************************
Analysis started at 20:14:57 UTC on Fri Mar 15 2024.
Hostname: dsmlp-jupyter-nrittler

Accepted options:
--grm GCTAgrm_herit.5_beta5
--pheno traits_h=.5_betamult=5.phen
--reml
--out Exp_Large/herit.5_beta5_no_covars
--thread-num 10

Note: the program will be running on 10 threads.

Reading IDs of the GRM from [GCTAgrm_herit.5_beta5.grm.id].
787 IDs are read from [GCTAgrm_herit.5_beta5.grm.id].
Reading the GRM from [GCTAgrm_herit.5_beta5.grm.bin].
GRM for 787 individuals are included from [GCTAgrm_herit.5_beta5.grm.bin].
Reading phenotypes from [traits_h=.5_betamult=5.phen].
Non-missing phenotypes of 787 individuals are included from [traits_h=.5_betamult=5.phen].

787 individuals are in common in these files.

Performing  REML analysis ... (Note: may take hours depending on sample size).
787 observations, 1 fixed effect(s), and 2 variance component(s)(including residual variance).
Calculating prior values of variance components by EM-REML ...
Updated prior values: 69.7779 78.5772
logL: -2349.68
Running AI-REML algorithm ...
Iter.	logL	V(G)	V(e)	
1	-2344.82	50.56294	91.75615	
2	-2338.53	39.25110	100.80656	
3	-2335.74	32.24116	107.04312	
4	-2334.48	27.73034	111.35616	
5	-2333.89	24.74542	114.35068	
6	-2333.61	18.36145	120.95737	
7	-2333.35	18.06729	121.38797	
8	-2333.35	18.03203	121.41926	
9	-2333.35	18.02802	121.42276	
Log-likelihood ratio converged.

Calculating the logLikelihood for the reduced model ...
(variance component 1 is dropped from the model)
Calculating prior values of variance components by EM-REML ...
Updated prior values: 139.02716
logL: -2335.65914
Running AI-REML algorithm ...
Iter.	logL	V(e)	
1	-2335.66	139.02716	
Log-likelihood ratio converged.

Summary result of REML analysis:
Source	Variance	SE
V(G)	18.028020	9.205514
V(e)	121.422756	10.049572
Vp	139.450776	7.134830
V(G)/Vp	0.129279	0.064584

Sampling variance/covariance of the estimates of variance components:
8.474148e+01	-6.741479e+01	
-6.741479e+01	1.009939e+02	

Summary result of REML analysis has been saved in the file [Exp_Large/herit.5_beta5_no_covars.hsq].

Analysis finished at 20:14:57 UTC on Fri Mar 15 2024
Overall computational time: 0.41 sec.
