*******************************************************************
* Genome-wide Complex Trait Analysis (GCTA)
* version v1.94.1 Linux
* Built at Nov 15 2022 21:14:25, by GCC 8.5
* (C) 2010-present, Yang Lab, Westlake University
* Please report bugs to Jian Yang <jian.yang@westlake.edu.cn>
*******************************************************************
Analysis started at 20:05:35 UTC on Fri Mar 15 2024.
Hostname: dsmlp-jupyter-nrittler

Accepted options:
--grm GCTAgrm_herit.01_beta2
--pheno traits_h=.01_betamult=2.phen
--reml
--out Exp_Large/herit.01_beta2
--qcovar pca_covars.qcovar
--thread-num 10

Note: the program will be running on 10 threads.

Reading IDs of the GRM from [GCTAgrm_herit.01_beta2.grm.id].
787 IDs are read from [GCTAgrm_herit.01_beta2.grm.id].
Reading the GRM from [GCTAgrm_herit.01_beta2.grm.bin].
GRM for 787 individuals are included from [GCTAgrm_herit.01_beta2.grm.bin].
Reading phenotypes from [traits_h=.01_betamult=2.phen].
Non-missing phenotypes of 787 individuals are included from [traits_h=.01_betamult=2.phen].
Reading quantitative covariate(s) from [pca_covars.qcovar].
3 quantitative covariate(s) of 787 individuals are included from [pca_covars.qcovar].

3 quantitative variable(s) included as covariate(s).
787 individuals are in common in these files.

Performing  REML analysis ... (Note: may take hours depending on sample size).
787 observations, 4 fixed effect(s), and 2 variance component(s)(including residual variance).
Calculating prior values of variance components by EM-REML ...
Updated prior values: 595.817 705.453
logL: -3201.35
Running AI-REML algorithm ...
Iter.	logL	V(G)	V(e)	
1	-3191.03	292.87495	893.25092	
2	-3175.27	128.31372	1021.43497	
3	-3168.02	34.83451	1107.96052	
4	-3164.75	0.00118	1145.57304	(1 component(s) constrained)
5	-3163.75	0.00118	1149.63043	(1 component(s) constrained)
6	-3163.72	0.00118	1158.48963	(1 component(s) constrained)
7	-3163.65	0.00118	1158.55843	(1 component(s) constrained)
8	-3163.65	0.00118	1158.55843	(1 component(s) constrained)
9	-3163.65	0.00118	1158.55843	(1 component(s) constrained)
Log-likelihood ratio converged.

Calculating the logLikelihood for the reduced model ...
(variance component 1 is dropped from the model)
Calculating prior values of variance components by EM-REML ...
Updated prior values: 1178.73090
logL: -3163.59450
Running AI-REML algorithm ...
Iter.	logL	V(e)	
1	-3163.59	1178.72676	
2	-3163.59	1178.71780	
Log-likelihood ratio converged.

Summary result of REML analysis:
Source	Variance	SE
V(G)	0.001181	76.474133
V(e)	1158.558432	87.422963
Vp	1158.559613	59.103554
V(G)/Vp	0.000001	0.066008

Sampling variance/covariance of the estimates of variance components:
5.848293e+03	-4.998919e+03	
-4.998919e+03	7.642774e+03	

Summary result of REML analysis has been saved in the file [Exp_Large/herit.01_beta2.hsq].

Analysis finished at 20:05:35 UTC on Fri Mar 15 2024
Overall computational time: 0.56 sec.
