*******************************************************************
* Genome-wide Complex Trait Analysis (GCTA)
* version v1.94.1 Linux
* Built at Nov 15 2022 21:14:25, by GCC 8.5
* (C) 2010-present, Yang Lab, Westlake University
* Please report bugs to Jian Yang <jian.yang@westlake.edu.cn>
*******************************************************************
Analysis started at 20:15:12 UTC on Fri Mar 15 2024.
Hostname: dsmlp-jupyter-nrittler

Accepted options:
--grm GCTAgrm_herit.9_beta2
--pheno traits_h=.9_betamult=2.phen
--reml
--out Exp_Large/herit.9_beta2_no_covars
--thread-num 10

Note: the program will be running on 10 threads.

Reading IDs of the GRM from [GCTAgrm_herit.9_beta2.grm.id].
787 IDs are read from [GCTAgrm_herit.9_beta2.grm.id].
Reading the GRM from [GCTAgrm_herit.9_beta2.grm.bin].
GRM for 787 individuals are included from [GCTAgrm_herit.9_beta2.grm.bin].
Reading phenotypes from [traits_h=.9_betamult=2.phen].
Non-missing phenotypes of 787 individuals are included from [traits_h=.9_betamult=2.phen].

787 individuals are in common in these files.

Performing  REML analysis ... (Note: may take hours depending on sample size).
787 observations, 1 fixed effect(s), and 2 variance component(s)(including residual variance).
Calculating prior values of variance components by EM-REML ...
Updated prior values: 6.39493 6.97009
logL: -1397.87
Running AI-REML algorithm ...
Iter.	logL	V(G)	V(e)	
1	-1395.05	5.13168	7.89316	
2	-1391.58	4.30506	8.56029	
3	-1389.88	3.75430	9.03715	
4	-1389.04	3.38165	9.37590	
5	-1388.62	2.57351	10.13506	
6	-1388.22	2.53147	10.19377	
7	-1388.21	2.52683	10.19774	
8	-1388.21	2.52636	10.19813	
Log-likelihood ratio converged.

Calculating the logLikelihood for the reduced model ...
(variance component 1 is dropped from the model)
Calculating prior values of variance components by EM-REML ...
Updated prior values: 12.69238
logL: -1394.94788
Running AI-REML algorithm ...
Iter.	logL	V(e)	
1	-1394.95	12.69238	
Log-likelihood ratio converged.

Summary result of REML analysis:
Source	Variance	SE
V(G)	2.526362	0.937044
V(e)	10.198129	0.925975
Vp	12.724491	0.661123
V(G)/Vp	0.198543	0.070485

Sampling variance/covariance of the estimates of variance components:
8.780507e-01	-6.491982e-01	
-6.491982e-01	8.574297e-01	

Summary result of REML analysis has been saved in the file [Exp_Large/herit.9_beta2_no_covars.hsq].

Analysis finished at 20:15:13 UTC on Fri Mar 15 2024
Overall computational time: 0.42 sec.
