*******************************************************************
* Genome-wide Complex Trait Analysis (GCTA)
* version v1.94.1 Linux
* Built at Nov 15 2022 21:14:25, by GCC 8.5
* (C) 2010-present, Yang Lab, Westlake University
* Please report bugs to Jian Yang <jian.yang@westlake.edu.cn>
*******************************************************************
Analysis started at 20:13:52 UTC on Fri Mar 15 2024.
Hostname: dsmlp-jupyter-nrittler

Accepted options:
--grm GCTAgrm_herit.01_beta.1
--pheno traits_h=.01_betamult=.1.phen
--reml
--out Exp_Large/herit.01_beta.1_no_covars
--thread-num 10

Note: the program will be running on 10 threads.

Reading IDs of the GRM from [GCTAgrm_herit.01_beta.1.grm.id].
787 IDs are read from [GCTAgrm_herit.01_beta.1.grm.id].
Reading the GRM from [GCTAgrm_herit.01_beta.1.grm.bin].
GRM for 787 individuals are included from [GCTAgrm_herit.01_beta.1.grm.bin].
Reading phenotypes from [traits_h=.01_betamult=.1.phen].
Non-missing phenotypes of 787 individuals are included from [traits_h=.01_betamult=.1.phen].

787 individuals are in common in these files.

Performing  REML analysis ... (Note: may take hours depending on sample size).
787 observations, 1 fixed effect(s), and 2 variance component(s)(including residual variance).
Calculating prior values of variance components by EM-REML ...
Updated prior values: 1.33104 1.52906
logL: -805.531
Running AI-REML algorithm ...
Iter.	logL	V(G)	V(e)	
1	-798.32	0.80661	1.87450	
2	-787.74	0.49727	2.11809	
3	-782.53	0.30773	2.28886	
4	-779.95	0.18690	2.40895	
5	-778.62	0.10806	2.49327	
6	-777.90	0.05727	2.55113	
7	-777.50	0.00000	2.63005	(1 component(s) constrained)
8	-777.13	0.00000	2.63561	(1 component(s) constrained)
9	-777.12	0.00000	2.63563	(1 component(s) constrained)
10	-777.12	0.00000	2.63563	(1 component(s) constrained)
Log-likelihood ratio converged.

Calculating the logLikelihood for the reduced model ...
(variance component 1 is dropped from the model)
Calculating prior values of variance components by EM-REML ...
Updated prior values: 2.63513
logL: -777.12431
Running AI-REML algorithm ...
Iter.	logL	V(e)	
1	-777.12	2.63513	
Log-likelihood ratio converged.

Summary result of REML analysis:
Source	Variance	SE
V(G)	0.000003	0.062301
V(e)	2.635627	0.147668
Vp	2.635629	0.132977
V(G)/Vp	0.000001	0.023638

Sampling variance/covariance of the estimates of variance components:
3.881449e-03	-4.002220e-03	
-4.002220e-03	2.180579e-02	

Summary result of REML analysis has been saved in the file [Exp_Large/herit.01_beta.1_no_covars.hsq].

Analysis finished at 20:13:53 UTC on Fri Mar 15 2024
Overall computational time: 0.43 sec.
