*******************************************************************
* Genome-wide Complex Trait Analysis (GCTA)
* version v1.94.1 Linux
* Built at Nov 15 2022 21:14:25, by GCC 8.5
* (C) 2010-present, Yang Lab, Westlake University
* Please report bugs to Jian Yang <jian.yang@westlake.edu.cn>
*******************************************************************
Analysis started at 20:14:11 UTC on Fri Mar 15 2024.
Hostname: dsmlp-jupyter-nrittler

Accepted options:
--grm GCTAgrm_herit.1_beta.1
--pheno traits_h=.1_betamult=.1.phen
--reml
--out Exp_Large/herit.1_beta.1_no_covars
--thread-num 10

Note: the program will be running on 10 threads.

Reading IDs of the GRM from [GCTAgrm_herit.1_beta.1.grm.id].
787 IDs are read from [GCTAgrm_herit.1_beta.1.grm.id].
Reading the GRM from [GCTAgrm_herit.1_beta.1.grm.bin].
GRM for 787 individuals are included from [GCTAgrm_herit.1_beta.1.grm.bin].
Reading phenotypes from [traits_h=.1_betamult=.1.phen].
Non-missing phenotypes of 787 individuals are included from [traits_h=.1_betamult=.1.phen].

787 individuals are in common in these files.

Performing  REML analysis ... (Note: may take hours depending on sample size).
787 observations, 1 fixed effect(s), and 2 variance component(s)(including residual variance).
Calculating prior values of variance components by EM-REML ...
Updated prior values: 0.137956 0.159947
logL: 80.3205
Running AI-REML algorithm ...
Iter.	logL	V(G)	V(e)	
1	88.63	0.07676	0.19958	
2	101.39	0.03834	0.22931	
3	108.49	0.01469	0.25055	
4	112.34	0.00284	0.26316	
5	114.01	0.00062	0.26732	
6	114.27	0.00000	0.26941	(1 component(s) constrained)
7	114.34	0.00000	0.27267	(1 component(s) constrained)
8	114.37	0.00000	0.27271	(1 component(s) constrained)
9	114.37	0.00000	0.27271	(1 component(s) constrained)
Log-likelihood ratio converged.

Calculating the logLikelihood for the reduced model ...
(variance component 1 is dropped from the model)
Calculating prior values of variance components by EM-REML ...
Updated prior values: 0.27267
logL: 114.36821
Running AI-REML algorithm ...
Iter.	logL	V(e)	
1	114.37	0.27267	
Log-likelihood ratio converged.

Summary result of REML analysis:
Source	Variance	SE
V(G)	0.000000	0.005578
V(e)	0.272706	0.014897
Vp	0.272707	0.013758
V(G)/Vp	0.000001	0.020455

Sampling variance/covariance of the estimates of variance components:
3.111548e-05	-3.187525e-05	
-3.187525e-05	2.219138e-04	

Summary result of REML analysis has been saved in the file [Exp_Large/herit.1_beta.1_no_covars.hsq].

Analysis finished at 20:14:12 UTC on Fri Mar 15 2024
Overall computational time: 0.46 sec.
