*******************************************************************
* Genome-wide Complex Trait Analysis (GCTA)
* version v1.94.1 Linux
* Built at Nov 15 2022 21:14:25, by GCC 8.5
* (C) 2010-present, Yang Lab, Westlake University
* Please report bugs to Jian Yang <jian.yang@westlake.edu.cn>
*******************************************************************
Analysis started at 20:05:54 UTC on Fri Mar 15 2024.
Hostname: dsmlp-jupyter-nrittler

Accepted options:
--grm GCTAgrm_herit.1_beta1
--pheno traits_h=.1_betamult=1.phen
--reml
--out Exp_Large/herit.1_beta1
--qcovar pca_covars.qcovar
--thread-num 10

Note: the program will be running on 10 threads.

Reading IDs of the GRM from [GCTAgrm_herit.1_beta1.grm.id].
787 IDs are read from [GCTAgrm_herit.1_beta1.grm.id].
Reading the GRM from [GCTAgrm_herit.1_beta1.grm.bin].
GRM for 787 individuals are included from [GCTAgrm_herit.1_beta1.grm.bin].
Reading phenotypes from [traits_h=.1_betamult=1.phen].
Non-missing phenotypes of 787 individuals are included from [traits_h=.1_betamult=1.phen].
Reading quantitative covariate(s) from [pca_covars.qcovar].
3 quantitative covariate(s) of 787 individuals are included from [pca_covars.qcovar].

3 quantitative variable(s) included as covariate(s).
787 individuals are in common in these files.

Performing  REML analysis ... (Note: may take hours depending on sample size).
787 observations, 4 fixed effect(s), and 2 variance component(s)(including residual variance).
Calculating prior values of variance components by EM-REML ...
Updated prior values: 14.2085 16.1835
logL: -1720.18
Running AI-REML algorithm ...
Iter.	logL	V(G)	V(e)	
1	-1714.06	9.45677	19.35109	
2	-1705.90	6.90249	21.39963	
3	-1702.58	5.44609	22.73323	
4	-1701.23	4.57721	23.60703	
5	-1700.66	4.04293	24.18172	
6	-1700.43	2.98305	25.38006	
7	-1700.26	3.12734	25.28308	
8	-1700.25	3.11252	25.29622	
9	-1700.25	3.11420	25.29478	
Log-likelihood ratio converged.

Calculating the logLikelihood for the reduced model ...
(variance component 1 is dropped from the model)
Calculating prior values of variance components by EM-REML ...
Updated prior values: 28.19925
logL: -1702.16760
Running AI-REML algorithm ...
Iter.	logL	V(e)	
1	-1702.17	28.19923	
Log-likelihood ratio converged.

Summary result of REML analysis:
Source	Variance	SE
V(G)	3.114203	1.864755
V(e)	25.294777	2.042008
Vp	28.408980	1.460177
V(G)/Vp	0.109620	0.064380

Sampling variance/covariance of the estimates of variance components:
3.477312e+00	-2.757496e+00	
-2.757496e+00	4.169796e+00	

Summary result of REML analysis has been saved in the file [Exp_Large/herit.1_beta1.hsq].

Analysis finished at 20:05:54 UTC on Fri Mar 15 2024
Overall computational time: 0.65 sec.
