*******************************************************************
* Genome-wide Complex Trait Analysis (GCTA)
* version v1.94.1 Linux
* Built at Nov 15 2022 21:14:25, by GCC 8.5
* (C) 2010-present, Yang Lab, Westlake University
* Please report bugs to Jian Yang <jian.yang@westlake.edu.cn>
*******************************************************************
Analysis started at 20:06:43 UTC on Fri Mar 15 2024.
Hostname: dsmlp-jupyter-nrittler

Accepted options:
--grm GCTAgrm_herit.5_beta2
--pheno traits_h=.5_betamult=2.phen
--reml
--out Exp_Large/herit.5_beta2
--qcovar pca_covars.qcovar
--thread-num 10

Note: the program will be running on 10 threads.

Reading IDs of the GRM from [GCTAgrm_herit.5_beta2.grm.id].
787 IDs are read from [GCTAgrm_herit.5_beta2.grm.id].
Reading the GRM from [GCTAgrm_herit.5_beta2.grm.bin].
GRM for 787 individuals are included from [GCTAgrm_herit.5_beta2.grm.bin].
Reading phenotypes from [traits_h=.5_betamult=2.phen].
Non-missing phenotypes of 787 individuals are included from [traits_h=.5_betamult=2.phen].
Reading quantitative covariate(s) from [pca_covars.qcovar].
3 quantitative covariate(s) of 787 individuals are included from [pca_covars.qcovar].

3 quantitative variable(s) included as covariate(s).
787 individuals are in common in these files.

Performing  REML analysis ... (Note: may take hours depending on sample size).
787 observations, 4 fixed effect(s), and 2 variance component(s)(including residual variance).
Calculating prior values of variance components by EM-REML ...
Updated prior values: 10.5189 11.5108
logL: -1588.06
Running AI-REML algorithm ...
Iter.	logL	V(G)	V(e)	
1	-1584.51	8.14452	13.24267	
2	-1580.43	6.55504	14.52110	
3	-1578.30	5.48254	15.44824	
4	-1577.22	4.75114	16.11383	
5	-1576.68	4.24723	16.58885	
6	-1576.40	3.13908	17.65820	
7	-1576.13	3.06641	17.74552	
8	-1576.13	3.05927	17.75166	
9	-1576.13	3.05860	17.75223	
Log-likelihood ratio converged.

Calculating the logLikelihood for the reduced model ...
(variance component 1 is dropped from the model)
Calculating prior values of variance components by EM-REML ...
Updated prior values: 20.55058
logL: -1578.29252
Running AI-REML algorithm ...
Iter.	logL	V(e)	
1	-1578.28	20.55030	
2	-1578.28	20.54968	
Log-likelihood ratio converged.

Summary result of REML analysis:
Source	Variance	SE
V(G)	3.058597	1.575432
V(e)	17.752226	1.590640
Vp	20.810823	1.082099
V(G)/Vp	0.146971	0.073541

Sampling variance/covariance of the estimates of variance components:
2.481985e+00	-1.920592e+00	
-1.920592e+00	2.530136e+00	

Summary result of REML analysis has been saved in the file [Exp_Large/herit.5_beta2.hsq].

Analysis finished at 20:06:43 UTC on Fri Mar 15 2024
Overall computational time: 0.59 sec.
