*******************************************************************
* Genome-wide Complex Trait Analysis (GCTA)
* version v1.94.1 Linux
* Built at Nov 15 2022 21:14:25, by GCC 8.5
* (C) 2010-present, Yang Lab, Westlake University
* Please report bugs to Jian Yang <jian.yang@westlake.edu.cn>
*******************************************************************
Analysis started at 20:14:45 UTC on Fri Mar 15 2024.
Hostname: dsmlp-jupyter-nrittler

Accepted options:
--grm GCTAgrm_herit.5_beta.01
--pheno traits_h=.5_betamult=.01.phen
--reml
--out Exp_Large/herit.5_beta.01_no_covars
--thread-num 10

Note: the program will be running on 10 threads.

Reading IDs of the GRM from [GCTAgrm_herit.5_beta.01.grm.id].
787 IDs are read from [GCTAgrm_herit.5_beta.01.grm.id].
Reading the GRM from [GCTAgrm_herit.5_beta.01.grm.bin].
GRM for 787 individuals are included from [GCTAgrm_herit.5_beta.01.grm.bin].
Reading phenotypes from [traits_h=.5_betamult=.01.phen].
Non-missing phenotypes of 787 individuals are included from [traits_h=.5_betamult=.01.phen].

787 individuals are in common in these files.

Performing  REML analysis ... (Note: may take hours depending on sample size).
787 observations, 1 fixed effect(s), and 2 variance component(s)(including residual variance).
Calculating prior values of variance components by EM-REML ...
Updated prior values: 0.000271588  0.00029923
logL: 2552
Running AI-REML algorithm ...
Iter.	logL	V(G)	V(e)	
1	2555.78	0.00020	0.00035	
2	2560.61	0.00016	0.00038	
3	2563.13	0.00013	0.00041	
4	2564.43	0.00011	0.00043	
5	2565.10	0.00010	0.00044	
6	2565.44	0.00007	0.00047	
7	2565.81	0.00006	0.00047	
8	2565.81	0.00006	0.00047	
9	2565.81	0.00006	0.00047	
10	2565.81	0.00006	0.00047	
Log-likelihood ratio converged.

Calculating the logLikelihood for the reduced model ...
(variance component 1 is dropped from the model)
Calculating prior values of variance components by EM-REML ...
Updated prior values: 0.00054
logL: 2562.75515
Running AI-REML algorithm ...
Iter.	logL	V(e)	
1	2562.76	0.00054	
Log-likelihood ratio converged.

Summary result of REML analysis:
Source	Variance	SE
V(G)	0.000064	0.000035
V(e)	0.000473	0.000039
Vp	0.000537	0.000027
V(G)/Vp	0.119852	0.064518

Sampling variance/covariance of the estimates of variance components:
1.247225e-09	-1.006062e-09	
-1.006062e-09	1.517578e-09	

Summary result of REML analysis has been saved in the file [Exp_Large/herit.5_beta.01_no_covars.hsq].

Analysis finished at 20:14:45 UTC on Fri Mar 15 2024
Overall computational time: 0.42 sec.
