*******************************************************************
* Genome-wide Complex Trait Analysis (GCTA)
* version v1.94.1 Linux
* Built at Nov 15 2022 21:14:25, by GCC 8.5
* (C) 2010-present, Yang Lab, Westlake University
* Please report bugs to Jian Yang <jian.yang@westlake.edu.cn>
*******************************************************************
Analysis started at 20:06:01 UTC on Fri Mar 15 2024.
Hostname: dsmlp-jupyter-nrittler

Accepted options:
--grm GCTAgrm_herit.1_beta5
--pheno traits_h=.1_betamult=5.phen
--reml
--out Exp_Large/herit.1_beta5
--qcovar pca_covars.qcovar
--thread-num 10

Note: the program will be running on 10 threads.

Reading IDs of the GRM from [GCTAgrm_herit.1_beta5.grm.id].
787 IDs are read from [GCTAgrm_herit.1_beta5.grm.id].
Reading the GRM from [GCTAgrm_herit.1_beta5.grm.bin].
GRM for 787 individuals are included from [GCTAgrm_herit.1_beta5.grm.bin].
Reading phenotypes from [traits_h=.1_betamult=5.phen].
Non-missing phenotypes of 787 individuals are included from [traits_h=.1_betamult=5.phen].
Reading quantitative covariate(s) from [pca_covars.qcovar].
3 quantitative covariate(s) of 787 individuals are included from [pca_covars.qcovar].

3 quantitative variable(s) included as covariate(s).
787 individuals are in common in these files.

Performing  REML analysis ... (Note: may take hours depending on sample size).
787 observations, 4 fixed effect(s), and 2 variance component(s)(including residual variance).
Calculating prior values of variance components by EM-REML ...
Updated prior values: 329.267 360.841
logL: -2938.29
Running AI-REML algorithm ...
Iter.	logL	V(G)	V(e)	
1	-2934.42	259.99198	412.56367	
2	-2930.61	213.54114	450.73246	
3	-2928.66	182.00156	478.48974	
4	-2927.67	160.34774	498.47909	
5	-2927.18	112.86241	543.74897	
6	-2926.68	109.90389	547.69298	
7	-2926.67	109.59764	547.95670	
8	-2926.67	109.56842	547.98096	
Log-likelihood ratio converged.

Calculating the logLikelihood for the reduced model ...
(variance component 1 is dropped from the model)
Calculating prior values of variance components by EM-REML ...
Updated prior values: 647.96715
logL: -2929.34669
Running AI-REML algorithm ...
Iter.	logL	V(e)	
1	-2929.35	647.96902	
2	-2929.35	647.97308	
Log-likelihood ratio converged.

Summary result of REML analysis:
Source	Variance	SE
V(G)	109.568417	50.715218
V(e)	547.980963	50.102625
Vp	657.549380	34.342158
V(G)/Vp	0.166631	0.074472

Sampling variance/covariance of the estimates of variance components:
2.572033e+03	-1.951461e+03	
-1.951461e+03	2.510273e+03	

Summary result of REML analysis has been saved in the file [Exp_Large/herit.1_beta5.hsq].

Analysis finished at 20:06:02 UTC on Fri Mar 15 2024
Overall computational time: 0.63 sec.
