*******************************************************************
* Genome-wide Complex Trait Analysis (GCTA)
* version v1.94.1 Linux
* Built at Nov 15 2022 21:14:25, by GCC 8.5
* (C) 2010-present, Yang Lab, Westlake University
* Please report bugs to Jian Yang <jian.yang@westlake.edu.cn>
*******************************************************************
Analysis started at 20:14:17 UTC on Fri Mar 15 2024.
Hostname: dsmlp-jupyter-nrittler

Accepted options:
--grm GCTAgrm_herit.1_beta2
--pheno traits_h=.1_betamult=2.phen
--reml
--out Exp_Large/herit.1_beta2_no_covars
--thread-num 10

Note: the program will be running on 10 threads.

Reading IDs of the GRM from [GCTAgrm_herit.1_beta2.grm.id].
787 IDs are read from [GCTAgrm_herit.1_beta2.grm.id].
Reading the GRM from [GCTAgrm_herit.1_beta2.grm.bin].
GRM for 787 individuals are included from [GCTAgrm_herit.1_beta2.grm.bin].
Reading phenotypes from [traits_h=.1_betamult=2.phen].
Non-missing phenotypes of 787 individuals are included from [traits_h=.1_betamult=2.phen].

787 individuals are in common in these files.

Performing  REML analysis ... (Note: may take hours depending on sample size).
787 observations, 1 fixed effect(s), and 2 variance component(s)(including residual variance).
Calculating prior values of variance components by EM-REML ...
Updated prior values: 55.0611 63.3822
logL: -2268.64
Running AI-REML algorithm ...
Iter.	logL	V(G)	V(e)	
1	-2261.40	34.03846	77.22413	
2	-2251.12	21.77190	86.91222	
3	-2246.22	14.17199	93.75172	
4	-2243.80	9.19431	98.65280	
5	-2242.54	5.75806	102.24152	
6	-2241.81	3.26101	104.94506	
7	-2241.35	0.00011	108.84506	(1 component(s) constrained)
8	-2240.71	0.00011	109.17249	(1 component(s) constrained)
9	-2240.71	0.00011	109.17348	(1 component(s) constrained)
10	-2240.71	0.00011	109.17348	(1 component(s) constrained)
Log-likelihood ratio converged.

Calculating the logLikelihood for the reduced model ...
(variance component 1 is dropped from the model)
Calculating prior values of variance components by EM-REML ...
Updated prior values: 109.18748
logL: -2240.70921
Running AI-REML algorithm ...
Iter.	logL	V(e)	
1	-2240.71	109.18748	
Log-likelihood ratio converged.

Summary result of REML analysis:
Source	Variance	SE
V(G)	0.000109	3.503856
V(e)	109.173477	6.517703
Vp	109.173586	5.506756
V(G)/Vp	0.000001	0.032094

Sampling variance/covariance of the estimates of variance components:
1.227700e+01	-1.221655e+01	
-1.221655e+01	4.248045e+01	

Summary result of REML analysis has been saved in the file [Exp_Large/herit.1_beta2_no_covars.hsq].

Analysis finished at 20:14:18 UTC on Fri Mar 15 2024
Overall computational time: 0.51 sec.
