*******************************************************************
* Genome-wide Complex Trait Analysis (GCTA)
* version v1.94.1 Linux
* Built at Nov 15 2022 21:14:25, by GCC 8.5
* (C) 2010-present, Yang Lab, Westlake University
* Please report bugs to Jian Yang <jian.yang@westlake.edu.cn>
*******************************************************************
Analysis started at 22:53:43 UTC on Fri Mar 15 2024.
Hostname: dsmlp-jupyter-nrittler

Accepted options:
--grm Conjecture/GCTAgrm_herit.1_beta5
--pheno Conjecture/traits_h=.1_betamult=5.phen
--reml
--out Conjecture/herit.1_beta5
--qcovar pca_covars.qcovar
--thread-num 10

Note: the program will be running on 10 threads.

Reading IDs of the GRM from [Conjecture/GCTAgrm_herit.1_beta5.grm.id].
787 IDs are read from [Conjecture/GCTAgrm_herit.1_beta5.grm.id].
Reading the GRM from [Conjecture/GCTAgrm_herit.1_beta5.grm.bin].
GRM for 787 individuals are included from [Conjecture/GCTAgrm_herit.1_beta5.grm.bin].
Reading phenotypes from [Conjecture/traits_h=.1_betamult=5.phen].
Non-missing phenotypes of 787 individuals are included from [Conjecture/traits_h=.1_betamult=5.phen].
Reading quantitative covariate(s) from [pca_covars.qcovar].
3 quantitative covariate(s) of 787 individuals are included from [pca_covars.qcovar].

3 quantitative variable(s) included as covariate(s).
787 individuals are in common in these files.

Performing  REML analysis ... (Note: may take hours depending on sample size).
787 observations, 4 fixed effect(s), and 2 variance component(s)(including residual variance).
Calculating prior values of variance components by EM-REML ...
Updated prior values: 431.343 489.342
logL: -3054.58
Running AI-REML algorithm ...
Iter.	logL	V(G)	V(e)	
1	-3048.81	290.58823	583.61123	
2	-3041.00	209.35463	647.85609	
3	-3037.53	160.29404	691.54510	
4	-3035.99	129.56357	721.27317	
5	-3035.30	109.80040	741.51835	
6	-3034.99	68.83423	785.17492	
7	-3034.72	70.52010	784.87526	
8	-3034.72	70.51595	784.88218	
9	-3034.72	70.51598	784.88215	
Log-likelihood ratio converged.

Calculating the logLikelihood for the reduced model ...
(variance component 1 is dropped from the model)
Calculating prior values of variance components by EM-REML ...
Updated prior values: 850.02419
logL: -3035.60129
Running AI-REML algorithm ...
Iter.	logL	V(e)	
1	-3035.59	850.01392	
2	-3035.59	849.99167	
Log-likelihood ratio converged.

Summary result of REML analysis:
Source	Variance	SE
V(G)	70.515982	57.505788
V(e)	784.882145	63.848876
Vp	855.398127	43.854383
V(G)/Vp	0.082436	0.066388

Sampling variance/covariance of the estimates of variance components:
3.306916e+03	-2.730194e+03	
-2.730194e+03	4.076679e+03	

Summary result of REML analysis has been saved in the file [Conjecture/herit.1_beta5.hsq].

Analysis finished at 22:53:44 UTC on Fri Mar 15 2024
Overall computational time: 0.48 sec.
