*******************************************************************
* Genome-wide Complex Trait Analysis (GCTA)
* version v1.94.1 Linux
* Built at Nov 15 2022 21:14:25, by GCC 8.5
* (C) 2010-present, Yang Lab, Westlake University
* Please report bugs to Jian Yang <jian.yang@westlake.edu.cn>
*******************************************************************
Analysis started at 22:54:28 UTC on Fri Mar 15 2024.
Hostname: dsmlp-jupyter-nrittler

Accepted options:
--grm Conjecture/GCTAgrm_herit.9_beta2
--pheno Conjecture/traits_h=.9_betamult=2.phen
--reml
--out Conjecture/herit.9_beta2
--qcovar pca_covars.qcovar
--thread-num 10

Note: the program will be running on 10 threads.

Reading IDs of the GRM from [Conjecture/GCTAgrm_herit.9_beta2.grm.id].
787 IDs are read from [Conjecture/GCTAgrm_herit.9_beta2.grm.id].
Reading the GRM from [Conjecture/GCTAgrm_herit.9_beta2.grm.bin].
GRM for 787 individuals are included from [Conjecture/GCTAgrm_herit.9_beta2.grm.bin].
Reading phenotypes from [Conjecture/traits_h=.9_betamult=2.phen].
Non-missing phenotypes of 787 individuals are included from [Conjecture/traits_h=.9_betamult=2.phen].
Reading quantitative covariate(s) from [pca_covars.qcovar].
3 quantitative covariate(s) of 787 individuals are included from [pca_covars.qcovar].

3 quantitative variable(s) included as covariate(s).
787 individuals are in common in these files.

Performing  REML analysis ... (Note: may take hours depending on sample size).
787 observations, 4 fixed effect(s), and 2 variance component(s)(including residual variance).
Calculating prior values of variance components by EM-REML ...
Updated prior values: 7.24207 7.37254
logL: -1399.94
Running AI-REML algorithm ...
Iter.	logL	V(G)	V(e)	
1	-1399.86	6.82178	7.62909	
2	-1399.58	5.97601	8.15898	
3	-1399.36	6.05547	8.11658	
4	-1399.36	6.05128	8.11975	
5	-1399.36	6.05155	8.11956	
Log-likelihood ratio converged.

Calculating the logLikelihood for the reduced model ...
(variance component 1 is dropped from the model)
Calculating prior values of variance components by EM-REML ...
Updated prior values: 13.77169
logL: -1422.25277
Running AI-REML algorithm ...
Iter.	logL	V(e)	
1	-1421.46	13.77022	
2	-1421.46	13.76703	
3	-1421.46	13.76703	
Log-likelihood ratio converged.

Summary result of REML analysis:
Source	Variance	SE
V(G)	6.051554	1.189674
V(e)	8.119559	0.926163
Vp	14.171113	0.784198
V(G)/Vp	0.427034	0.071504

Sampling variance/covariance of the estimates of variance components:
1.415324e+00	-8.290678e-01	
-8.290678e-01	8.577780e-01	

Summary result of REML analysis has been saved in the file [Conjecture/herit.9_beta2.hsq].

Analysis finished at 22:54:28 UTC on Fri Mar 15 2024
Overall computational time: 0.35 sec.
