*******************************************************************
* Genome-wide Complex Trait Analysis (GCTA)
* version v1.94.1 Linux
* Built at Nov 15 2022 21:14:25, by GCC 8.5
* (C) 2010-present, Yang Lab, Westlake University
* Please report bugs to Jian Yang <jian.yang@westlake.edu.cn>
*******************************************************************
Analysis started at 05:24:27 UTC on Thu Mar 14 2024.
Hostname: dsmlp-jupyter-nrittler

Accepted options:
--grm Conjecture/GCTAgrm_herit.5_beta10
--pheno Conjecture/traits_h=.5_betamult=10.phen
--reml
--out Conjecture/herit.5_beta10_no_covars
--thread-num 10

Note: the program will be running on 10 threads.

Reading IDs of the GRM from [Conjecture/GCTAgrm_herit.5_beta10.grm.id].
787 IDs are read from [Conjecture/GCTAgrm_herit.5_beta10.grm.id].
Reading the GRM from [Conjecture/GCTAgrm_herit.5_beta10.grm.bin].
GRM for 787 individuals are included from [Conjecture/GCTAgrm_herit.5_beta10.grm.bin].
Reading phenotypes from [Conjecture/traits_h=.5_betamult=10.phen].
Non-missing phenotypes of 787 individuals are included from [Conjecture/traits_h=.5_betamult=10.phen].

787 individuals are in common in these files.

Performing  REML analysis ... (Note: may take hours depending on sample size).
787 observations, 1 fixed effect(s), and 2 variance component(s)(including residual variance).
Calculating prior values of variance components by EM-REML ...
Updated prior values: 353.313 375.118
logL: -2958.53
Running AI-REML algorithm ...
Iter.	logL	V(G)	V(e)	
1	-2957.49	304.78926	409.99150	
2	-2955.73	274.54713	433.58713	
3	-2954.96	255.23321	449.53684	
4	-2954.61	215.54264	483.63105	
5	-2954.33	218.07115	482.63621	
6	-2954.33	218.00933	482.68855	
7	-2954.33	218.01148	482.68689	
Log-likelihood ratio converged.

Calculating the logLikelihood for the reduced model ...
(variance component 1 is dropped from the model)
Calculating prior values of variance components by EM-REML ...
Updated prior values: 709.31771
logL: -2976.10540
Running AI-REML algorithm ...
Iter.	logL	V(e)	
1	-2976.11	709.31771	
Log-likelihood ratio converged.

Summary result of REML analysis:
Source	Variance	SE
V(G)	218.011478	54.117608
V(e)	482.686889	47.802984
Vp	700.698367	37.279437
V(G)/Vp	0.311135	0.070360

Sampling variance/covariance of the estimates of variance components:
2.928716e+03	-1.912042e+03	
-1.912042e+03	2.285125e+03	

Summary result of REML analysis has been saved in the file [Conjecture/herit.5_beta10_no_covars.hsq].

Analysis finished at 05:24:27 UTC on Thu Mar 14 2024
Overall computational time: 0.35 sec.
