*******************************************************************
* Genome-wide Complex Trait Analysis (GCTA)
* version v1.94.1 Linux
* Built at Nov 15 2022 21:14:25, by GCC 8.5
* (C) 2010-present, Yang Lab, Westlake University
* Please report bugs to Jian Yang <jian.yang@westlake.edu.cn>
*******************************************************************
Analysis started at 05:24:09 UTC on Thu Mar 14 2024.
Hostname: dsmlp-jupyter-nrittler

Accepted options:
--grm Conjecture/GCTAgrm_herit.2_beta1
--pheno Conjecture/traits_h=.2_betamult=1.phen
--reml
--out Conjecture/herit.2_beta1_no_covars
--thread-num 10

Note: the program will be running on 10 threads.

Reading IDs of the GRM from [Conjecture/GCTAgrm_herit.2_beta1.grm.id].
787 IDs are read from [Conjecture/GCTAgrm_herit.2_beta1.grm.id].
Reading the GRM from [Conjecture/GCTAgrm_herit.2_beta1.grm.bin].
GRM for 787 individuals are included from [Conjecture/GCTAgrm_herit.2_beta1.grm.bin].
Reading phenotypes from [Conjecture/traits_h=.2_betamult=1.phen].
Non-missing phenotypes of 787 individuals are included from [Conjecture/traits_h=.2_betamult=1.phen].

787 individuals are in common in these files.

Performing  REML analysis ... (Note: may take hours depending on sample size).
787 observations, 1 fixed effect(s), and 2 variance component(s)(including residual variance).
Calculating prior values of variance components by EM-REML ...
Updated prior values: 8.36492 9.01211
logL: -1502.03
Running AI-REML algorithm ...
Iter.	logL	V(G)	V(e)	
1	-1499.39	6.95216	10.10517	
2	-1496.77	5.95998	10.92920	
3	-1495.35	5.25590	11.54381	
4	-1494.60	4.75075	11.99972	
5	-1494.19	3.59189	13.06775	
6	-1493.71	3.38969	13.26574	
7	-1493.69	3.34322	13.30523	
8	-1493.69	3.33230	13.31432	
9	-1493.69	3.32971	13.31647	
10	-1493.69	3.32909	13.31698	
Log-likelihood ratio converged.

Calculating the logLikelihood for the reduced model ...
(variance component 1 is dropped from the model)
Calculating prior values of variance components by EM-REML ...
Updated prior values: 16.46494
logL: -1497.21873
Running AI-REML algorithm ...
Iter.	logL	V(e)	
1	-1497.22	16.46494	
Log-likelihood ratio converged.

Summary result of REML analysis:
Source	Variance	SE
V(G)	3.329092	1.301602
V(e)	13.316980	1.262969
Vp	16.646072	0.868335
V(G)/Vp	0.199993	0.074881

Sampling variance/covariance of the estimates of variance components:
1.694167e+00	-1.267625e+00	
-1.267625e+00	1.595090e+00	

Summary result of REML analysis has been saved in the file [Conjecture/herit.2_beta1_no_covars.hsq].

Analysis finished at 05:24:09 UTC on Thu Mar 14 2024
Overall computational time: 0.47 sec.
