*******************************************************************
* Genome-wide Complex Trait Analysis (GCTA)
* version v1.94.1 Linux
* Built at Nov 15 2022 21:14:25, by GCC 8.5
* (C) 2010-present, Yang Lab, Westlake University
* Please report bugs to Jian Yang <jian.yang@westlake.edu.cn>
*******************************************************************
Analysis started at 22:54:17 UTC on Fri Mar 15 2024.
Hostname: dsmlp-jupyter-nrittler

Accepted options:
--grm Conjecture/GCTAgrm_herit.5_beta10
--pheno Conjecture/traits_h=.5_betamult=10.phen
--reml
--out Conjecture/herit.5_beta10
--qcovar pca_covars.qcovar
--thread-num 10

Note: the program will be running on 10 threads.

Reading IDs of the GRM from [Conjecture/GCTAgrm_herit.5_beta10.grm.id].
787 IDs are read from [Conjecture/GCTAgrm_herit.5_beta10.grm.id].
Reading the GRM from [Conjecture/GCTAgrm_herit.5_beta10.grm.bin].
GRM for 787 individuals are included from [Conjecture/GCTAgrm_herit.5_beta10.grm.bin].
Reading phenotypes from [Conjecture/traits_h=.5_betamult=10.phen].
Non-missing phenotypes of 787 individuals are included from [Conjecture/traits_h=.5_betamult=10.phen].
Reading quantitative covariate(s) from [pca_covars.qcovar].
3 quantitative covariate(s) of 787 individuals are included from [pca_covars.qcovar].

3 quantitative variable(s) included as covariate(s).
787 individuals are in common in these files.

Performing  REML analysis ... (Note: may take hours depending on sample size).
787 observations, 4 fixed effect(s), and 2 variance component(s)(including residual variance).
Calculating prior values of variance components by EM-REML ...
Updated prior values: 354.201 375.154
logL: -2943.96
Running AI-REML algorithm ...
Iter.	logL	V(G)	V(e)	
1	-2942.94	308.24996	408.56725	
2	-2941.37	279.53765	431.14419	
3	-2940.68	261.22400	446.35006	
4	-2940.38	223.75409	478.67564	
5	-2940.15	226.89971	477.10965	
6	-2940.14	226.73626	477.23970	
7	-2940.14	226.74663	477.23181	
Log-likelihood ratio converged.

Calculating the logLikelihood for the reduced model ...
(variance component 1 is dropped from the model)
Calculating prior values of variance components by EM-REML ...
Updated prior values: 688.61823
logL: -2953.27573
Running AI-REML algorithm ...
Iter.	logL	V(e)	
1	-2953.10	688.58481	
2	-2953.10	688.51247	
3	-2953.10	688.51248	
Log-likelihood ratio converged.

Summary result of REML analysis:
Source	Variance	SE
V(G)	226.746630	56.198009
V(e)	477.231812	48.351140
Vp	703.978442	37.917967
V(G)/Vp	0.322093	0.072153

Sampling variance/covariance of the estimates of variance components:
3.158216e+03	-2.029138e+03	
-2.029138e+03	2.337833e+03	

Summary result of REML analysis has been saved in the file [Conjecture/herit.5_beta10.hsq].

Analysis finished at 22:54:18 UTC on Fri Mar 15 2024
Overall computational time: 0.46 sec.
