*******************************************************************
* Genome-wide Complex Trait Analysis (GCTA)
* version v1.94.1 Linux
* Built at Nov 15 2022 21:14:25, by GCC 8.5
* (C) 2010-present, Yang Lab, Westlake University
* Please report bugs to Jian Yang <jian.yang@westlake.edu.cn>
*******************************************************************
Analysis started at 05:24:21 UTC on Thu Mar 14 2024.
Hostname: dsmlp-jupyter-nrittler

Accepted options:
--grm Conjecture/GCTAgrm_herit.5_beta1
--pheno Conjecture/traits_h=.5_betamult=1.phen
--reml
--out Conjecture/herit.5_beta1_no_covars
--thread-num 10

Note: the program will be running on 10 threads.

Reading IDs of the GRM from [Conjecture/GCTAgrm_herit.5_beta1.grm.id].
787 IDs are read from [Conjecture/GCTAgrm_herit.5_beta1.grm.id].
Reading the GRM from [Conjecture/GCTAgrm_herit.5_beta1.grm.bin].
GRM for 787 individuals are included from [Conjecture/GCTAgrm_herit.5_beta1.grm.bin].
Reading phenotypes from [Conjecture/traits_h=.5_betamult=1.phen].
Non-missing phenotypes of 787 individuals are included from [Conjecture/traits_h=.5_betamult=1.phen].

787 individuals are in common in these files.

Performing  REML analysis ... (Note: may take hours depending on sample size).
787 observations, 1 fixed effect(s), and 2 variance component(s)(including residual variance).
Calculating prior values of variance components by EM-REML ...
Updated prior values: 3.44081 3.67126
logL: -1140.42
Running AI-REML algorithm ...
Iter.	logL	V(G)	V(e)	
1	-1139.19	2.95661	4.02006	
2	-1137.28	2.66104	4.25307	
3	-1136.47	2.47549	4.40872	
4	-1136.12	2.10005	4.73762	
5	-1135.85	2.13531	4.71958	
6	-1135.85	2.13344	4.72111	
7	-1135.85	2.13356	4.72101	
Log-likelihood ratio converged.

Calculating the logLikelihood for the reduced model ...
(variance component 1 is dropped from the model)
Calculating prior values of variance components by EM-REML ...
Updated prior values: 6.90670
logL: -1155.80360
Running AI-REML algorithm ...
Iter.	logL	V(e)	
1	-1155.80	6.90670	
Log-likelihood ratio converged.

Summary result of REML analysis:
Source	Variance	SE
V(G)	2.133563	0.521193
V(e)	4.721010	0.461995
Vp	6.854573	0.364099
V(G)/Vp	0.311261	0.069217

Sampling variance/covariance of the estimates of variance components:
2.716425e-01	-1.762570e-01	
-1.762570e-01	2.134393e-01	

Summary result of REML analysis has been saved in the file [Conjecture/herit.5_beta1_no_covars.hsq].

Analysis finished at 05:24:21 UTC on Thu Mar 14 2024
Overall computational time: 0.38 sec.
