*******************************************************************
* Genome-wide Complex Trait Analysis (GCTA)
* version v1.94.1 Linux
* Built at Nov 15 2022 21:14:25, by GCC 8.5
* (C) 2010-present, Yang Lab, Westlake University
* Please report bugs to Jian Yang <jian.yang@westlake.edu.cn>
*******************************************************************
Analysis started at 22:53:33 UTC on Fri Mar 15 2024.
Hostname: dsmlp-jupyter-nrittler

Accepted options:
--grm Conjecture/GCTAgrm_herit.1_beta.01
--pheno Conjecture/traits_h=.1_betamult=.01.phen
--reml
--out Conjecture/herit.1_beta.01
--qcovar pca_covars.qcovar
--thread-num 10

Note: the program will be running on 10 threads.

Reading IDs of the GRM from [Conjecture/GCTAgrm_herit.1_beta.01.grm.id].
787 IDs are read from [Conjecture/GCTAgrm_herit.1_beta.01.grm.id].
Reading the GRM from [Conjecture/GCTAgrm_herit.1_beta.01.grm.bin].
GRM for 787 individuals are included from [Conjecture/GCTAgrm_herit.1_beta.01.grm.bin].
Reading phenotypes from [Conjecture/traits_h=.1_betamult=.01.phen].
Non-missing phenotypes of 787 individuals are included from [Conjecture/traits_h=.1_betamult=.01.phen].
Reading quantitative covariate(s) from [pca_covars.qcovar].
3 quantitative covariate(s) of 787 individuals are included from [pca_covars.qcovar].

3 quantitative variable(s) included as covariate(s).
787 individuals are in common in these files.

Performing  REML analysis ... (Note: may take hours depending on sample size).
787 observations, 4 fixed effect(s), and 2 variance component(s)(including residual variance).
Calculating prior values of variance components by EM-REML ...
Updated prior values: 0.00167766 0.00188666
logL: 1825.13
Running AI-REML algorithm ...
Iter.	logL	V(G)	V(e)	
1	1830.38	0.00117	0.00224	
2	1837.28	0.00085	0.00248	
3	1840.59	0.00065	0.00266	
4	1842.18	0.00052	0.00278	
5	1842.94	0.00043	0.00287	
6	1843.31	0.00024	0.00306	
7	1843.66	0.00024	0.00307	
8	1843.67	0.00024	0.00307	
9	1843.67	0.00024	0.00308	
Log-likelihood ratio converged.

Calculating the logLikelihood for the reduced model ...
(variance component 1 is dropped from the model)
Calculating prior values of variance components by EM-REML ...
Updated prior values: 0.00329
logL: 1843.11908
Running AI-REML algorithm ...
Iter.	logL	V(e)	
1	1843.14	0.00329	
2	1843.14	0.00329	
Log-likelihood ratio converged.

Summary result of REML analysis:
Source	Variance	SE
V(G)	0.000236	0.000230
V(e)	0.003075	0.000254
Vp	0.003311	0.000170
V(G)/Vp	0.071161	0.068708

Sampling variance/covariance of the estimates of variance components:
5.279242e-08	-4.438216e-08	
-4.438216e-08	6.474993e-08	

Summary result of REML analysis has been saved in the file [Conjecture/herit.1_beta.01.hsq].

Analysis finished at 22:53:34 UTC on Fri Mar 15 2024
Overall computational time: 0.53 sec.
