*******************************************************************
* Genome-wide Complex Trait Analysis (GCTA)
* version v1.94.1 Linux
* Built at Nov 15 2022 21:14:25, by GCC 8.5
* (C) 2010-present, Yang Lab, Westlake University
* Please report bugs to Jian Yang <jian.yang@westlake.edu.cn>
*******************************************************************
Analysis started at 22:53:16 UTC on Fri Mar 15 2024.
Hostname: dsmlp-jupyter-nrittler

Accepted options:
--grm Conjecture/GCTAgrm_herit.01_beta.01
--pheno Conjecture/traits_h=.01_betamult=.01.phen
--reml
--out Conjecture/herit.01_beta.01
--qcovar pca_covars.qcovar
--thread-num 10

Note: the program will be running on 10 threads.

Reading IDs of the GRM from [Conjecture/GCTAgrm_herit.01_beta.01.grm.id].
787 IDs are read from [Conjecture/GCTAgrm_herit.01_beta.01.grm.id].
Reading the GRM from [Conjecture/GCTAgrm_herit.01_beta.01.grm.bin].
GRM for 787 individuals are included from [Conjecture/GCTAgrm_herit.01_beta.01.grm.bin].
Reading phenotypes from [Conjecture/traits_h=.01_betamult=.01.phen].
Non-missing phenotypes of 787 individuals are included from [Conjecture/traits_h=.01_betamult=.01.phen].
Reading quantitative covariate(s) from [pca_covars.qcovar].
3 quantitative covariate(s) of 787 individuals are included from [pca_covars.qcovar].

3 quantitative variable(s) included as covariate(s).
787 individuals are in common in these files.

Performing  REML analysis ... (Note: may take hours depending on sample size).
787 observations, 4 fixed effect(s), and 2 variance component(s)(including residual variance).
Calculating prior values of variance components by EM-REML ...
Updated prior values: 0.0192351 0.0234929
logL: 835.092
Running AI-REML algorithm ...
Iter.	logL	V(G)	V(e)	
1	848.65	0.00748	0.03039	
2	869.99	0.00259	0.03438	
3	877.30	0.00024	0.03679	
4	879.91	0.00000	0.03729	(1 component(s) constrained)
5	880.20	0.00000	0.03748	(1 component(s) constrained)
6	880.27	0.00000	0.03791	(1 component(s) constrained)
7	880.36	0.00000	0.03792	(1 component(s) constrained)
8	880.36	0.00000	0.03792	(1 component(s) constrained)
9	880.36	0.00000	0.03792	(1 component(s) constrained)
Log-likelihood ratio converged.

Calculating the logLikelihood for the reduced model ...
(variance component 1 is dropped from the model)
Calculating prior values of variance components by EM-REML ...
Updated prior values: 0.03849
logL: 880.40210
Running AI-REML algorithm ...
Iter.	logL	V(e)	
1	880.40	0.03849	
2	880.40	0.03849	
Log-likelihood ratio converged.

Summary result of REML analysis:
Source	Variance	SE
V(G)	0.000000	0.002289
V(e)	0.037916	0.002725
Vp	0.037916	0.001932
V(G)/Vp	0.000001	0.060381

Sampling variance/covariance of the estimates of variance components:
5.241418e-06	-4.469391e-06	
-4.469391e-06	7.428348e-06	

Summary result of REML analysis has been saved in the file [Conjecture/herit.01_beta.01.hsq].

Analysis finished at 22:53:17 UTC on Fri Mar 15 2024
Overall computational time: 0.57 sec.
