*******************************************************************
* Genome-wide Complex Trait Analysis (GCTA)
* version v1.94.1 Linux
* Built at Nov 15 2022 21:14:25, by GCC 8.5
* (C) 2010-present, Yang Lab, Westlake University
* Please report bugs to Jian Yang <jian.yang@westlake.edu.cn>
*******************************************************************
Analysis started at 22:53:25 UTC on Fri Mar 15 2024.
Hostname: dsmlp-jupyter-nrittler

Accepted options:
--grm Conjecture/GCTAgrm_herit.01_beta2
--pheno Conjecture/traits_h=.01_betamult=2.phen
--reml
--out Conjecture/herit.01_beta2
--qcovar pca_covars.qcovar
--thread-num 10

Note: the program will be running on 10 threads.

Reading IDs of the GRM from [Conjecture/GCTAgrm_herit.01_beta2.grm.id].
787 IDs are read from [Conjecture/GCTAgrm_herit.01_beta2.grm.id].
Reading the GRM from [Conjecture/GCTAgrm_herit.01_beta2.grm.bin].
GRM for 787 individuals are included from [Conjecture/GCTAgrm_herit.01_beta2.grm.bin].
Reading phenotypes from [Conjecture/traits_h=.01_betamult=2.phen].
Non-missing phenotypes of 787 individuals are included from [Conjecture/traits_h=.01_betamult=2.phen].
Reading quantitative covariate(s) from [pca_covars.qcovar].
3 quantitative covariate(s) of 787 individuals are included from [pca_covars.qcovar].

3 quantitative variable(s) included as covariate(s).
787 individuals are in common in these files.

Performing  REML analysis ... (Note: may take hours depending on sample size).
787 observations, 4 fixed effect(s), and 2 variance component(s)(including residual variance).
Calculating prior values of variance components by EM-REML ...
Updated prior values: 679.233   781.3
logL: -3239.94
Running AI-REML algorithm ...
Iter.	logL	V(G)	V(e)	
1	-3232.63	425.58159	948.36816	
2	-3222.88	281.02981	1062.71146	
3	-3218.50	194.68922	1140.68330	
4	-3216.54	140.93803	1193.94077	
5	-3215.65	106.41184	1230.40295	
6	-3215.24	34.64006	1309.55814	
7	-3214.89	36.11851	1310.68754	
8	-3214.89	36.16474	1310.65118	
9	-3214.89	36.16599	1310.65005	
Log-likelihood ratio converged.

Calculating the logLikelihood for the reduced model ...
(variance component 1 is dropped from the model)
Calculating prior values of variance components by EM-REML ...
Updated prior values: 1344.04026
logL: -3214.97822
Running AI-REML algorithm ...
Iter.	logL	V(e)	
1	-3214.98	1344.03926	
Log-likelihood ratio converged.

Summary result of REML analysis:
Source	Variance	SE
V(G)	36.165995	85.215539
V(e)	1310.650048	101.673187
Vp	1346.816043	68.543644
V(G)/Vp	0.026853	0.063097

Sampling variance/covariance of the estimates of variance components:
7.261688e+03	-6.450447e+03	
-6.450447e+03	1.033744e+04	

Summary result of REML analysis has been saved in the file [Conjecture/herit.01_beta2.hsq].

Analysis finished at 22:53:25 UTC on Fri Mar 15 2024
Overall computational time: 0.52 sec.
