*******************************************************************
* Genome-wide Complex Trait Analysis (GCTA)
* version v1.94.1 Linux
* Built at Nov 15 2022 21:14:25, by GCC 8.5
* (C) 2010-present, Yang Lab, Westlake University
* Please report bugs to Jian Yang <jian.yang@westlake.edu.cn>
*******************************************************************
Analysis started at 05:24:33 UTC on Thu Mar 14 2024.
Hostname: dsmlp-jupyter-nrittler

Accepted options:
--grm Conjecture/GCTAgrm_herit.9_beta2
--pheno Conjecture/traits_h=.9_betamult=2.phen
--reml
--out Conjecture/herit.9_beta2_no_covars
--thread-num 10

Note: the program will be running on 10 threads.

Reading IDs of the GRM from [Conjecture/GCTAgrm_herit.9_beta2.grm.id].
787 IDs are read from [Conjecture/GCTAgrm_herit.9_beta2.grm.id].
Reading the GRM from [Conjecture/GCTAgrm_herit.9_beta2.grm.bin].
GRM for 787 individuals are included from [Conjecture/GCTAgrm_herit.9_beta2.grm.bin].
Reading phenotypes from [Conjecture/traits_h=.9_betamult=2.phen].
Non-missing phenotypes of 787 individuals are included from [Conjecture/traits_h=.9_betamult=2.phen].

787 individuals are in common in these files.

Performing  REML analysis ... (Note: may take hours depending on sample size).
787 observations, 1 fixed effect(s), and 2 variance component(s)(including residual variance).
Calculating prior values of variance components by EM-REML ...
Updated prior values:  7.2336 7.37207
logL: -1409.24
Running AI-REML algorithm ...
Iter.	logL	V(G)	V(e)	
1	-1409.15	6.79894	7.63760	
2	-1408.83	5.92591	8.18585	
3	-1408.60	6.00572	8.14420	
4	-1408.59	6.00212	8.14699	
5	-1408.59	6.00232	8.14683	
Log-likelihood ratio converged.

Calculating the logLikelihood for the reduced model ...
(variance component 1 is dropped from the model)
Calculating prior values of variance components by EM-REML ...
Updated prior values: 14.68437
logL: -1452.24016
Running AI-REML algorithm ...
Iter.	logL	V(e)	
1	-1452.24	14.68437	
Log-likelihood ratio converged.

Summary result of REML analysis:
Source	Variance	SE
V(G)	6.002323	1.159469
V(e)	8.146835	0.915217
Vp	14.149158	0.774788
V(G)/Vp	0.424218	0.070064

Sampling variance/covariance of the estimates of variance components:
1.344368e+00	-7.908470e-01	
-7.908470e-01	8.376230e-01	

Summary result of REML analysis has been saved in the file [Conjecture/herit.9_beta2_no_covars.hsq].

Analysis finished at 05:24:34 UTC on Thu Mar 14 2024
Overall computational time: 0.28 sec.
