*******************************************************************
* Genome-wide Complex Trait Analysis (GCTA)
* version v1.94.1 Linux
* Built at Nov 15 2022 21:14:25, by GCC 8.5
* (C) 2010-present, Yang Lab, Westlake University
* Please report bugs to Jian Yang <jian.yang@westlake.edu.cn>
*******************************************************************
Analysis started at 05:24:17 UTC on Thu Mar 14 2024.
Hostname: dsmlp-jupyter-nrittler

Accepted options:
--grm Conjecture/GCTAgrm_herit.5_beta.01
--pheno Conjecture/traits_h=.5_betamult=.01.phen
--reml
--out Conjecture/herit.5_beta.01_no_covars
--thread-num 10

Note: the program will be running on 10 threads.

Reading IDs of the GRM from [Conjecture/GCTAgrm_herit.5_beta.01.grm.id].
787 IDs are read from [Conjecture/GCTAgrm_herit.5_beta.01.grm.id].
Reading the GRM from [Conjecture/GCTAgrm_herit.5_beta.01.grm.bin].
GRM for 787 individuals are included from [Conjecture/GCTAgrm_herit.5_beta.01.grm.bin].
Reading phenotypes from [Conjecture/traits_h=.5_betamult=.01.phen].
Non-missing phenotypes of 787 individuals are included from [Conjecture/traits_h=.5_betamult=.01.phen].

787 individuals are in common in these files.

Performing  REML analysis ... (Note: may take hours depending on sample size).
787 observations, 1 fixed effect(s), and 2 variance component(s)(including residual variance).
Calculating prior values of variance components by EM-REML ...
Updated prior values: 0.000342845 0.000365939
logL: 2478.54
Running AI-REML algorithm ...
Iter.	logL	V(G)	V(e)	
1	2479.96	0.00029	0.00040	
2	2482.00	0.00026	0.00043	
3	2482.97	0.00024	0.00045	
4	2483.43	0.00019	0.00049	
5	2483.85	0.00019	0.00049	
6	2483.85	0.00019	0.00049	
7	2483.85	0.00019	0.00049	
Log-likelihood ratio converged.

Calculating the logLikelihood for the reduced model ...
(variance component 1 is dropped from the model)
Calculating prior values of variance components by EM-REML ...
Updated prior values: 0.00068
logL: 2467.11567
Running AI-REML algorithm ...
Iter.	logL	V(e)	
1	2467.12	0.00068	
Log-likelihood ratio converged.

Summary result of REML analysis:
Source	Variance	SE
V(G)	0.000190	0.000053
V(e)	0.000490	0.000048
Vp	0.000680	0.000036
V(G)/Vp	0.278996	0.072369

Sampling variance/covariance of the estimates of variance components:
2.825850e-09	-1.924396e-09	
-1.924396e-09	2.320600e-09	

Summary result of REML analysis has been saved in the file [Conjecture/herit.5_beta.01_no_covars.hsq].

Analysis finished at 05:24:17 UTC on Thu Mar 14 2024
Overall computational time: 0.39 sec.
