*******************************************************************
* Genome-wide Complex Trait Analysis (GCTA)
* version v1.94.1 Linux
* Built at Nov 15 2022 21:14:25, by GCC 8.5
* (C) 2010-present, Yang Lab, Westlake University
* Please report bugs to Jian Yang <jian.yang@westlake.edu.cn>
*******************************************************************
Analysis started at 22:53:56 UTC on Fri Mar 15 2024.
Hostname: dsmlp-jupyter-nrittler

Accepted options:
--grm Conjecture/GCTAgrm_herit.2_beta2
--pheno Conjecture/traits_h=.2_betamult=2.phen
--reml
--out Conjecture/herit.2_beta2
--qcovar pca_covars.qcovar
--thread-num 10

Note: the program will be running on 10 threads.

Reading IDs of the GRM from [Conjecture/GCTAgrm_herit.2_beta2.grm.id].
787 IDs are read from [Conjecture/GCTAgrm_herit.2_beta2.grm.id].
Reading the GRM from [Conjecture/GCTAgrm_herit.2_beta2.grm.bin].
GRM for 787 individuals are included from [Conjecture/GCTAgrm_herit.2_beta2.grm.bin].
Reading phenotypes from [Conjecture/traits_h=.2_betamult=2.phen].
Non-missing phenotypes of 787 individuals are included from [Conjecture/traits_h=.2_betamult=2.phen].
Reading quantitative covariate(s) from [pca_covars.qcovar].
3 quantitative covariate(s) of 787 individuals are included from [pca_covars.qcovar].

3 quantitative variable(s) included as covariate(s).
787 individuals are in common in these files.

Performing  REML analysis ... (Note: may take hours depending on sample size).
787 observations, 4 fixed effect(s), and 2 variance component(s)(including residual variance).
Calculating prior values of variance components by EM-REML ...
Updated prior values: 35.2904 40.8848
logL: -2082.79
Running AI-REML algorithm ...
Iter.	logL	V(G)	V(e)	
1	-2075.28	20.29831	50.42155	
2	-2063.51	11.90245	56.93414	
3	-2058.17	7.05961	61.29533	
4	-2055.83	4.16962	64.19769	
5	-2054.81	2.38642	66.13337	
6	-2054.36	1.25540	67.43025	
7	-2054.16	0.00007	69.12949	(1 component(s) constrained)
8	-2054.02	0.00007	69.18623	(1 component(s) constrained)
9	-2054.02	0.00007	69.18628	(1 component(s) constrained)
10	-2054.02	0.00007	69.18628	(1 component(s) constrained)
Log-likelihood ratio converged.

Calculating the logLikelihood for the reduced model ...
(variance component 1 is dropped from the model)
Calculating prior values of variance components by EM-REML ...
Updated prior values: 69.27556
logL: -2054.05803
Running AI-REML algorithm ...
Iter.	logL	V(e)	
1	-2054.02	69.27397	
2	-2054.02	69.27052	
Log-likelihood ratio converged.

Summary result of REML analysis:
Source	Variance	SE
V(G)	0.000070	4.132623
V(e)	69.186275	5.144928
Vp	69.186346	3.512689
V(G)/Vp	0.000001	0.059732

Sampling variance/covariance of the estimates of variance components:
1.707857e+01	-1.560494e+01	
-1.560494e+01	2.647029e+01	

Summary result of REML analysis has been saved in the file [Conjecture/herit.2_beta2.hsq].

Analysis finished at 22:53:57 UTC on Fri Mar 15 2024
Overall computational time: 0.57 sec.
