*******************************************************************
* Genome-wide Complex Trait Analysis (GCTA)
* version v1.94.1 Linux
* Built at Nov 15 2022 21:14:25, by GCC 8.5
* (C) 2010-present, Yang Lab, Westlake University
* Please report bugs to Jian Yang <jian.yang@westlake.edu.cn>
*******************************************************************
Analysis started at 22:53:27 UTC on Fri Mar 15 2024.
Hostname: dsmlp-jupyter-nrittler

Accepted options:
--grm Conjecture/GCTAgrm_herit.01_beta5
--pheno Conjecture/traits_h=.01_betamult=5.phen
--reml
--out Conjecture/herit.01_beta5
--qcovar pca_covars.qcovar
--thread-num 10

Note: the program will be running on 10 threads.

Reading IDs of the GRM from [Conjecture/GCTAgrm_herit.01_beta5.grm.id].
787 IDs are read from [Conjecture/GCTAgrm_herit.01_beta5.grm.id].
Reading the GRM from [Conjecture/GCTAgrm_herit.01_beta5.grm.bin].
GRM for 787 individuals are included from [Conjecture/GCTAgrm_herit.01_beta5.grm.bin].
Reading phenotypes from [Conjecture/traits_h=.01_betamult=5.phen].
Non-missing phenotypes of 787 individuals are included from [Conjecture/traits_h=.01_betamult=5.phen].
Reading quantitative covariate(s) from [pca_covars.qcovar].
3 quantitative covariate(s) of 787 individuals are included from [pca_covars.qcovar].

3 quantitative variable(s) included as covariate(s).
787 individuals are in common in these files.

Performing  REML analysis ... (Note: may take hours depending on sample size).
787 observations, 4 fixed effect(s), and 2 variance component(s)(including residual variance).
Calculating prior values of variance components by EM-REML ...
Updated prior values: 4082.31 4706.04
logL: -3942.35
Running AI-REML algorithm ...
Iter.	logL	V(G)	V(e)	
1	-3934.96	2522.50767	5725.09245	
2	-3924.87	1663.46251	6405.79967	
3	-3920.51	1171.06466	6855.82370	
4	-3918.67	875.88351	7154.35974	
5	-3917.88	692.62984	7353.35621	
6	-3917.54	323.76826	7774.55711	
7	-3917.27	356.66952	7756.81251	
8	-3917.27	355.22141	7758.21090	
9	-3917.27	355.30002	7758.14076	
Log-likelihood ratio converged.

Calculating the logLikelihood for the reduced model ...
(variance component 1 is dropped from the model)
Calculating prior values of variance components by EM-REML ...
Updated prior values: 8086.92899
logL: -3917.55113
Running AI-REML algorithm ...
Iter.	logL	V(e)	
1	-3917.55	8086.91689	
2	-3917.55	8086.89071	
Log-likelihood ratio converged.

Summary result of REML analysis:
Source	Variance	SE
V(G)	355.300016	505.712765
V(e)	7758.140757	598.450337
Vp	8113.440774	413.499617
V(G)/Vp	0.043792	0.062003

Sampling variance/covariance of the estimates of variance components:
2.557454e+05	-2.214531e+05	
-2.214531e+05	3.581428e+05	

Summary result of REML analysis has been saved in the file [Conjecture/herit.01_beta5.hsq].

Analysis finished at 22:53:28 UTC on Fri Mar 15 2024
Overall computational time: 0.56 sec.
