*******************************************************************
* Genome-wide Complex Trait Analysis (GCTA)
* version v1.94.1 Linux
* Built at Nov 15 2022 21:14:25, by GCC 8.5
* (C) 2010-present, Yang Lab, Westlake University
* Please report bugs to Jian Yang <jian.yang@westlake.edu.cn>
*******************************************************************
Analysis started at 22:54:30 UTC on Fri Mar 15 2024.
Hostname: dsmlp-jupyter-nrittler

Accepted options:
--grm Conjecture/GCTAgrm_herit.9_beta5
--pheno Conjecture/traits_h=.9_betamult=5.phen
--reml
--out Conjecture/herit.9_beta5
--qcovar pca_covars.qcovar
--thread-num 10

Note: the program will be running on 10 threads.

Reading IDs of the GRM from [Conjecture/GCTAgrm_herit.9_beta5.grm.id].
787 IDs are read from [Conjecture/GCTAgrm_herit.9_beta5.grm.id].
Reading the GRM from [Conjecture/GCTAgrm_herit.9_beta5.grm.bin].
GRM for 787 individuals are included from [Conjecture/GCTAgrm_herit.9_beta5.grm.bin].
Reading phenotypes from [Conjecture/traits_h=.9_betamult=5.phen].
Non-missing phenotypes of 787 individuals are included from [Conjecture/traits_h=.9_betamult=5.phen].
Reading quantitative covariate(s) from [pca_covars.qcovar].
3 quantitative covariate(s) of 787 individuals are included from [pca_covars.qcovar].

3 quantitative variable(s) included as covariate(s).
787 individuals are in common in these files.

Performing  REML analysis ... (Note: may take hours depending on sample size).
787 observations, 4 fixed effect(s), and 2 variance component(s)(including residual variance).
Calculating prior values of variance components by EM-REML ...
Updated prior values: 47.1473 46.9545
logL: -2126.09
Running AI-REML algorithm ...
Iter.	logL	V(G)	V(e)	
1	-2126.00	46.87342	46.83324	
2	-2125.98	46.29283	46.56886	
3	-2125.97	46.30860	46.56357	
4	-2125.97	46.30799	46.56400	
Log-likelihood ratio converged.

Calculating the logLikelihood for the reduced model ...
(variance component 1 is dropped from the model)
Calculating prior values of variance components by EM-REML ...
Updated prior values: 89.73556
logL: -2155.92960
Running AI-REML algorithm ...
Iter.	logL	V(e)	
1	-2155.23	89.72662	
2	-2155.23	89.70727	
3	-2155.23	89.70727	
Log-likelihood ratio converged.

Summary result of REML analysis:
Source	Variance	SE
V(G)	46.307985	8.055663
V(e)	46.563995	5.862389
Vp	92.871981	5.244195
V(G)/Vp	0.498622	0.070441

Sampling variance/covariance of the estimates of variance components:
6.489370e+01	-3.587986e+01	
-3.587986e+01	3.436760e+01	

Summary result of REML analysis has been saved in the file [Conjecture/herit.9_beta5.hsq].

Analysis finished at 22:54:31 UTC on Fri Mar 15 2024
Overall computational time: 0.28 sec.
