*******************************************************************
* Genome-wide Complex Trait Analysis (GCTA)
* version v1.94.1 Linux
* Built at Nov 15 2022 21:14:25, by GCC 8.5
* (C) 2010-present, Yang Lab, Westlake University
* Please report bugs to Jian Yang <jian.yang@westlake.edu.cn>
*******************************************************************
Analysis started at 05:24:29 UTC on Thu Mar 14 2024.
Hostname: dsmlp-jupyter-nrittler

Accepted options:
--grm Conjecture/GCTAgrm_herit.9_beta.01
--pheno Conjecture/traits_h=.9_betamult=.01.phen
--reml
--out Conjecture/herit.9_beta.01_no_covars
--thread-num 10

Note: the program will be running on 10 threads.

Reading IDs of the GRM from [Conjecture/GCTAgrm_herit.9_beta.01.grm.id].
787 IDs are read from [Conjecture/GCTAgrm_herit.9_beta.01.grm.id].
Reading the GRM from [Conjecture/GCTAgrm_herit.9_beta.01.grm.bin].
GRM for 787 individuals are included from [Conjecture/GCTAgrm_herit.9_beta.01.grm.bin].
Reading phenotypes from [Conjecture/traits_h=.9_betamult=.01.phen].
Non-missing phenotypes of 787 individuals are included from [Conjecture/traits_h=.9_betamult=.01.phen].

787 individuals are in common in these files.

Performing  REML analysis ... (Note: may take hours depending on sample size).
787 observations, 1 fixed effect(s), and 2 variance component(s)(including residual variance).
Calculating prior values of variance components by EM-REML ...
Updated prior values: 0.000185812 0.000182732
logL: 2757.47
Running AI-REML algorithm ...
Iter.	logL	V(G)	V(e)	
1	2757.76	0.00019	0.00018	
2	2757.86	0.00020	0.00017	
3	2757.93	0.00019	0.00017	
4	2757.93	0.00019	0.00017	
5	2757.93	0.00019	0.00017	
Log-likelihood ratio converged.

Calculating the logLikelihood for the reduced model ...
(variance component 1 is dropped from the model)
Calculating prior values of variance components by EM-REML ...
Updated prior values: 0.00038
logL: 2702.57575
Running AI-REML algorithm ...
Iter.	logL	V(e)	
1	2702.58	0.00038	
Log-likelihood ratio converged.

Summary result of REML analysis:
Source	Variance	SE
V(G)	0.000194	0.000031
V(e)	0.000171	0.000022
Vp	0.000365	0.000021
V(G)/Vp	0.532452	0.067386

Sampling variance/covariance of the estimates of variance components:
9.632053e-10	-5.142773e-10	
-5.142773e-10	4.873791e-10	

Summary result of REML analysis has been saved in the file [Conjecture/herit.9_beta.01_no_covars.hsq].

Analysis finished at 05:24:29 UTC on Thu Mar 14 2024
Overall computational time: 0.30 sec.
