*******************************************************************
* Genome-wide Complex Trait Analysis (GCTA)
* version v1.94.1 Linux
* Built at Nov 15 2022 21:14:25, by GCC 8.5
* (C) 2010-present, Yang Lab, Westlake University
* Please report bugs to Jian Yang <jian.yang@westlake.edu.cn>
*******************************************************************
Analysis started at 22:54:04 UTC on Fri Mar 15 2024.
Hostname: dsmlp-jupyter-nrittler

Accepted options:
--grm Conjecture/GCTAgrm_herit.5_beta.01
--pheno Conjecture/traits_h=.5_betamult=.01.phen
--reml
--out Conjecture/herit.5_beta.01
--qcovar pca_covars.qcovar
--thread-num 10

Note: the program will be running on 10 threads.

Reading IDs of the GRM from [Conjecture/GCTAgrm_herit.5_beta.01.grm.id].
787 IDs are read from [Conjecture/GCTAgrm_herit.5_beta.01.grm.id].
Reading the GRM from [Conjecture/GCTAgrm_herit.5_beta.01.grm.bin].
GRM for 787 individuals are included from [Conjecture/GCTAgrm_herit.5_beta.01.grm.bin].
Reading phenotypes from [Conjecture/traits_h=.5_betamult=.01.phen].
Non-missing phenotypes of 787 individuals are included from [Conjecture/traits_h=.5_betamult=.01.phen].
Reading quantitative covariate(s) from [pca_covars.qcovar].
3 quantitative covariate(s) of 787 individuals are included from [pca_covars.qcovar].

3 quantitative variable(s) included as covariate(s).
787 individuals are in common in these files.

Performing  REML analysis ... (Note: may take hours depending on sample size).
787 observations, 4 fixed effect(s), and 2 variance component(s)(including residual variance).
Calculating prior values of variance components by EM-REML ...
Updated prior values: 0.000343706 0.000365972
logL: 2472.33
Running AI-REML algorithm ...
Iter.	logL	V(G)	V(e)	
1	2473.74	0.00030	0.00040	
2	2475.58	0.00026	0.00043	
3	2476.44	0.00024	0.00044	
4	2476.84	0.00020	0.00048	
5	2477.20	0.00020	0.00048	
6	2477.20	0.00020	0.00048	
7	2477.20	0.00020	0.00048	
Log-likelihood ratio converged.

Calculating the logLikelihood for the reduced model ...
(variance component 1 is dropped from the model)
Calculating prior values of variance components by EM-REML ...
Updated prior values: 0.00067
logL: 2468.34738
Running AI-REML algorithm ...
Iter.	logL	V(e)	
1	2468.50	0.00067	
2	2468.50	0.00067	
Log-likelihood ratio converged.

Summary result of REML analysis:
Source	Variance	SE
V(G)	0.000199	0.000056
V(e)	0.000484	0.000049
Vp	0.000683	0.000037
V(G)/Vp	0.291498	0.074774

Sampling variance/covariance of the estimates of variance components:
3.095002e-09	-2.070133e-09	
-2.070133e-09	2.391624e-09	

Summary result of REML analysis has been saved in the file [Conjecture/herit.5_beta.01.hsq].

Analysis finished at 22:54:05 UTC on Fri Mar 15 2024
Overall computational time: 0.44 sec.
