*******************************************************************
* Genome-wide Complex Trait Analysis (GCTA)
* version v1.94.1 Linux
* Built at Nov 15 2022 21:14:25, by GCC 8.5
* (C) 2010-present, Yang Lab, Westlake University
* Please report bugs to Jian Yang <jian.yang@westlake.edu.cn>
*******************************************************************
Analysis started at 05:23:55 UTC on Thu Mar 14 2024.
Hostname: dsmlp-jupyter-nrittler

Accepted options:
--grm Conjecture/GCTAgrm_herit.1_beta.1
--pheno Conjecture/traits_h=.1_betamult=.1.phen
--reml
--out Conjecture/herit.1_beta.1_no_covars
--thread-num 10

Note: the program will be running on 10 threads.

Reading IDs of the GRM from [Conjecture/GCTAgrm_herit.1_beta.1.grm.id].
787 IDs are read from [Conjecture/GCTAgrm_herit.1_beta.1.grm.id].
Reading the GRM from [Conjecture/GCTAgrm_herit.1_beta.1.grm.bin].
GRM for 787 individuals are included from [Conjecture/GCTAgrm_herit.1_beta.1.grm.bin].
Reading phenotypes from [Conjecture/traits_h=.1_betamult=.1.phen].
Non-missing phenotypes of 787 individuals are included from [Conjecture/traits_h=.1_betamult=.1.phen].

787 individuals are in common in these files.

Performing  REML analysis ... (Note: may take hours depending on sample size).
787 observations, 1 fixed effect(s), and 2 variance component(s)(including residual variance).
Calculating prior values of variance components by EM-REML ...
Updated prior values: 0.164631 0.189469
logL: 19.2263
Running AI-REML algorithm ...
Iter.	logL	V(G)	V(e)	
1	25.77	0.10218	0.22986	
2	35.96	0.06847	0.25646	
3	40.30	0.04932	0.27394	
4	42.15	0.03819	0.28529	
5	42.94	0.03166	0.29255	
6	43.26	0.01941	0.30720	
7	43.49	0.02154	0.30567	
8	43.50	0.02145	0.30577	
9	43.50	0.02146	0.30576	
Log-likelihood ratio converged.

Calculating the logLikelihood for the reduced model ...
(variance component 1 is dropped from the model)
Calculating prior values of variance components by EM-REML ...
Updated prior values: 0.32894
logL: 40.63159
Running AI-REML algorithm ...
Iter.	logL	V(e)	
1	40.63	0.32894	
Log-likelihood ratio converged.

Summary result of REML analysis:
Source	Variance	SE
V(G)	0.021459	0.015836
V(e)	0.305761	0.021196
Vp	0.327220	0.016554
V(G)/Vp	0.065579	0.048031

Sampling variance/covariance of the estimates of variance components:
2.507910e-04	-2.130179e-04	
-2.130179e-04	4.492816e-04	

Summary result of REML analysis has been saved in the file [Conjecture/herit.1_beta.1_no_covars.hsq].

Analysis finished at 05:23:55 UTC on Thu Mar 14 2024
Overall computational time: 0.41 sec.
