*******************************************************************
* Genome-wide Complex Trait Analysis (GCTA)
* version v1.94.1 Linux
* Built at Nov 15 2022 21:14:25, by GCC 8.5
* (C) 2010-present, Yang Lab, Westlake University
* Please report bugs to Jian Yang <jian.yang@westlake.edu.cn>
*******************************************************************
Analysis started at 22:53:46 UTC on Fri Mar 15 2024.
Hostname: dsmlp-jupyter-nrittler

Accepted options:
--grm Conjecture/GCTAgrm_herit.1_beta10
--pheno Conjecture/traits_h=.1_betamult=10.phen
--reml
--out Conjecture/herit.1_beta10
--qcovar pca_covars.qcovar
--thread-num 10

Note: the program will be running on 10 threads.

Reading IDs of the GRM from [Conjecture/GCTAgrm_herit.1_beta10.grm.id].
787 IDs are read from [Conjecture/GCTAgrm_herit.1_beta10.grm.id].
Reading the GRM from [Conjecture/GCTAgrm_herit.1_beta10.grm.bin].
GRM for 787 individuals are included from [Conjecture/GCTAgrm_herit.1_beta10.grm.bin].
Reading phenotypes from [Conjecture/traits_h=.1_betamult=10.phen].
Non-missing phenotypes of 787 individuals are included from [Conjecture/traits_h=.1_betamult=10.phen].
Reading quantitative covariate(s) from [pca_covars.qcovar].
3 quantitative covariate(s) of 787 individuals are included from [pca_covars.qcovar].

3 quantitative variable(s) included as covariate(s).
787 individuals are in common in these files.

Performing  REML analysis ... (Note: may take hours depending on sample size).
787 observations, 4 fixed effect(s), and 2 variance component(s)(including residual variance).
Calculating prior values of variance components by EM-REML ...
Updated prior values: 1726.99    1952
logL: -3598.18
Running AI-REML algorithm ...
Iter.	logL	V(G)	V(e)	
1	-3592.32	1137.69642	2349.59536	
2	-3584.23	777.86817	2632.20312	
3	-3580.26	555.26009	2828.54010	
4	-3578.39	414.37634	2963.77380	
5	-3577.52	323.22891	3056.67953	
6	-3577.11	133.24418	3258.58962	
7	-3576.74	137.39420	3261.22446	
8	-3576.74	137.50882	3261.13643	
9	-3576.74	137.51152	3261.13401	
Log-likelihood ratio converged.

Calculating the logLikelihood for the reduced model ...
(variance component 1 is dropped from the model)
Calculating prior values of variance components by EM-REML ...
Updated prior values: 3388.19821
logL: -3576.96284
Running AI-REML algorithm ...
Iter.	logL	V(e)	
1	-3576.95	3388.15881	
2	-3576.95	3388.07354	
Log-likelihood ratio converged.

Summary result of REML analysis:
Source	Variance	SE
V(G)	137.511522	219.256042
V(e)	3261.134005	256.466070
Vp	3398.645527	173.254205
V(G)/Vp	0.040461	0.064211

Sampling variance/covariance of the estimates of variance components:
4.807321e+04	-4.191552e+04	
-4.191552e+04	6.577484e+04	

Summary result of REML analysis has been saved in the file [Conjecture/herit.1_beta10.hsq].

Analysis finished at 22:53:47 UTC on Fri Mar 15 2024
Overall computational time: 0.52 sec.
