*******************************************************************
* Genome-wide Complex Trait Analysis (GCTA)
* version v1.94.1 Linux
* Built at Nov 15 2022 21:14:25, by GCC 8.5
* (C) 2010-present, Yang Lab, Westlake University
* Please report bugs to Jian Yang <jian.yang@westlake.edu.cn>
*******************************************************************
Analysis started at 05:24:37 UTC on Thu Mar 14 2024.
Hostname: dsmlp-jupyter-nrittler

Accepted options:
--grm Conjecture/GCTAgrm_herit.9_beta10
--pheno Conjecture/traits_h=.9_betamult=10.phen
--reml
--out Conjecture/herit.9_beta10_no_covars
--thread-num 10

Note: the program will be running on 10 threads.

Reading IDs of the GRM from [Conjecture/GCTAgrm_herit.9_beta10.grm.id].
787 IDs are read from [Conjecture/GCTAgrm_herit.9_beta10.grm.id].
Reading the GRM from [Conjecture/GCTAgrm_herit.9_beta10.grm.bin].
GRM for 787 individuals are included from [Conjecture/GCTAgrm_herit.9_beta10.grm.bin].
Reading phenotypes from [Conjecture/traits_h=.9_betamult=10.phen].
Non-missing phenotypes of 787 individuals are included from [Conjecture/traits_h=.9_betamult=10.phen].

787 individuals are in common in these files.

Performing  REML analysis ... (Note: may take hours depending on sample size).
787 observations, 1 fixed effect(s), and 2 variance component(s)(including residual variance).
Calculating prior values of variance components by EM-REML ...
Updated prior values: 188.182 192.756
logL: -2691.53
Running AI-REML algorithm ...
Iter.	logL	V(G)	V(e)	
1	-2691.41	174.76782	201.12686	
2	-2690.96	148.23018	218.28303	
3	-2690.63	151.17643	216.72306	
4	-2690.63	151.00882	216.85480	
5	-2690.63	151.02110	216.84579	
Log-likelihood ratio converged.

Calculating the logLikelihood for the reduced model ...
(variance component 1 is dropped from the model)
Calculating prior values of variance components by EM-REML ...
Updated prior values: 382.37469
logL: -2733.26970
Running AI-REML algorithm ...
Iter.	logL	V(e)	
1	-2733.27	382.37469	
Log-likelihood ratio converged.

Summary result of REML analysis:
Source	Variance	SE
V(G)	151.021102	29.704591
V(e)	216.845791	23.793259
Vp	367.866893	20.045371
V(G)/Vp	0.410532	0.069587

Sampling variance/covariance of the estimates of variance components:
8.823627e+02	-5.233325e+02	
-5.233325e+02	5.661192e+02	

Summary result of REML analysis has been saved in the file [Conjecture/herit.9_beta10_no_covars.hsq].

Analysis finished at 05:24:37 UTC on Thu Mar 14 2024
Overall computational time: 0.27 sec.
