*******************************************************************
* Genome-wide Complex Trait Analysis (GCTA)
* version v1.94.1 Linux
* Built at Nov 15 2022 21:14:25, by GCC 8.5
* (C) 2010-present, Yang Lab, Westlake University
* Please report bugs to Jian Yang <jian.yang@westlake.edu.cn>
*******************************************************************
Analysis started at 05:24:35 UTC on Thu Mar 14 2024.
Hostname: dsmlp-jupyter-nrittler

Accepted options:
--grm Conjecture/GCTAgrm_herit.9_beta5
--pheno Conjecture/traits_h=.9_betamult=5.phen
--reml
--out Conjecture/herit.9_beta5_no_covars
--thread-num 10

Note: the program will be running on 10 threads.

Reading IDs of the GRM from [Conjecture/GCTAgrm_herit.9_beta5.grm.id].
787 IDs are read from [Conjecture/GCTAgrm_herit.9_beta5.grm.id].
Reading the GRM from [Conjecture/GCTAgrm_herit.9_beta5.grm.bin].
GRM for 787 individuals are included from [Conjecture/GCTAgrm_herit.9_beta5.grm.bin].
Reading phenotypes from [Conjecture/traits_h=.9_betamult=5.phen].
Non-missing phenotypes of 787 individuals are included from [Conjecture/traits_h=.9_betamult=5.phen].

787 individuals are in common in these files.

Performing  REML analysis ... (Note: may take hours depending on sample size).
787 observations, 1 fixed effect(s), and 2 variance component(s)(including residual variance).
Calculating prior values of variance components by EM-REML ...
Updated prior values: 47.0899 46.9516
logL: -2138.18
Running AI-REML algorithm ...
Iter.	logL	V(G)	V(e)	
1	-2138.08	46.64446	46.93378	
2	-2138.05	45.70752	46.88440	
3	-2138.04	45.74282	46.86671	
4	-2138.04	45.74157	46.86759	
Log-likelihood ratio converged.

Calculating the logLikelihood for the reduced model ...
(variance component 1 is dropped from the model)
Calculating prior values of variance components by EM-REML ...
Updated prior values: 95.27378
logL: -2187.13868
Running AI-REML algorithm ...
Iter.	logL	V(e)	
1	-2187.14	95.27378	
Log-likelihood ratio converged.

Summary result of REML analysis:
Source	Variance	SE
V(G)	45.741575	7.886903
V(e)	46.867588	5.815129
Vp	92.609163	5.176040
V(G)/Vp	0.493921	0.069549

Sampling variance/covariance of the estimates of variance components:
6.220324e+01	-3.461379e+01	
-3.461379e+01	3.381572e+01	

Summary result of REML analysis has been saved in the file [Conjecture/herit.9_beta5_no_covars.hsq].

Analysis finished at 05:24:35 UTC on Thu Mar 14 2024
Overall computational time: 0.23 sec.
