*******************************************************************
* Genome-wide Complex Trait Analysis (GCTA)
* version v1.94.1 Linux
* Built at Nov 15 2022 21:14:25, by GCC 8.5
* (C) 2010-present, Yang Lab, Westlake University
* Please report bugs to Jian Yang <jian.yang@westlake.edu.cn>
*******************************************************************
Analysis started at 22:53:36 UTC on Fri Mar 15 2024.
Hostname: dsmlp-jupyter-nrittler

Accepted options:
--grm Conjecture/GCTAgrm_herit.1_beta.1
--pheno Conjecture/traits_h=.1_betamult=.1.phen
--reml
--out Conjecture/herit.1_beta.1
--qcovar pca_covars.qcovar
--thread-num 10

Note: the program will be running on 10 threads.

Reading IDs of the GRM from [Conjecture/GCTAgrm_herit.1_beta.1.grm.id].
787 IDs are read from [Conjecture/GCTAgrm_herit.1_beta.1.grm.id].
Reading the GRM from [Conjecture/GCTAgrm_herit.1_beta.1.grm.bin].
GRM for 787 individuals are included from [Conjecture/GCTAgrm_herit.1_beta.1.grm.bin].
Reading phenotypes from [Conjecture/traits_h=.1_betamult=.1.phen].
Non-missing phenotypes of 787 individuals are included from [Conjecture/traits_h=.1_betamult=.1.phen].
Reading quantitative covariate(s) from [pca_covars.qcovar].
3 quantitative covariate(s) of 787 individuals are included from [pca_covars.qcovar].

3 quantitative variable(s) included as covariate(s).
787 individuals are in common in these files.

Performing  REML analysis ... (Note: may take hours depending on sample size).
787 observations, 4 fixed effect(s), and 2 variance component(s)(including residual variance).
Calculating prior values of variance components by EM-REML ...
Updated prior values: 0.165087 0.189483
logL: 22.1821
Running AI-REML algorithm ...
Iter.	logL	V(G)	V(e)	
1	28.70	0.10395	0.22917	
2	38.28	0.07035	0.25555	
3	42.37	0.05065	0.27324	
4	44.13	0.03854	0.28516	
5	44.90	0.03084	0.29323	
6	45.25	0.01505	0.31055	
7	45.54	0.01585	0.31033	
8	45.54	0.01585	0.31033	
9	45.54	0.01585	0.31033	
Log-likelihood ratio converged.

Calculating the logLikelihood for the reduced model ...
(variance component 1 is dropped from the model)
Calculating prior values of variance components by EM-REML ...
Updated prior values: 0.32499
logL: 45.19239
Running AI-REML algorithm ...
Iter.	logL	V(e)	
1	45.22	0.32498	
2	45.22	0.32497	
Log-likelihood ratio converged.

Summary result of REML analysis:
Source	Variance	SE
V(G)	0.015846	0.020918
V(e)	0.310331	0.024358
Vp	0.326177	0.016640
V(G)/Vp	0.048580	0.063748

Sampling variance/covariance of the estimates of variance components:
4.375782e-04	-3.770082e-04	
-3.770082e-04	5.933260e-04	

Summary result of REML analysis has been saved in the file [Conjecture/herit.1_beta.1.hsq].

Analysis finished at 22:53:36 UTC on Fri Mar 15 2024
Overall computational time: 0.45 sec.
