*******************************************************************
* Genome-wide Complex Trait Analysis (GCTA)
* version v1.94.1 Linux
* Built at Nov 15 2022 21:14:25, by GCC 8.5
* (C) 2010-present, Yang Lab, Westlake University
* Please report bugs to Jian Yang <jian.yang@westlake.edu.cn>
*******************************************************************
Analysis started at 05:24:30 UTC on Thu Mar 14 2024.
Hostname: dsmlp-jupyter-nrittler

Accepted options:
--grm Conjecture/GCTAgrm_herit.9_beta.1
--pheno Conjecture/traits_h=.9_betamult=.1.phen
--reml
--out Conjecture/herit.9_beta.1_no_covars
--thread-num 10

Note: the program will be running on 10 threads.

Reading IDs of the GRM from [Conjecture/GCTAgrm_herit.9_beta.1.grm.id].
787 IDs are read from [Conjecture/GCTAgrm_herit.9_beta.1.grm.id].
Reading the GRM from [Conjecture/GCTAgrm_herit.9_beta.1.grm.bin].
GRM for 787 individuals are included from [Conjecture/GCTAgrm_herit.9_beta.1.grm.bin].
Reading phenotypes from [Conjecture/traits_h=.9_betamult=.1.phen].
Non-missing phenotypes of 787 individuals are included from [Conjecture/traits_h=.9_betamult=.1.phen].

787 individuals are in common in these files.

Performing  REML analysis ... (Note: may take hours depending on sample size).
787 observations, 1 fixed effect(s), and 2 variance component(s)(including residual variance).
Calculating prior values of variance components by EM-REML ...
Updated prior values:  0.019727 0.0201677
logL: 909.357
Running AI-REML algorithm ...
Iter.	logL	V(G)	V(e)	
1	909.45	0.01844	0.02099	
2	909.83	0.01584	0.02270	
3	910.12	0.01605	0.02260	
4	910.12	0.01605	0.02261	
5	910.12	0.01605	0.02261	
Log-likelihood ratio converged.

Calculating the logLikelihood for the reduced model ...
(variance component 1 is dropped from the model)
Calculating prior values of variance components by EM-REML ...
Updated prior values: 0.03998
logL: 868.86716
Running AI-REML algorithm ...
Iter.	logL	V(e)	
1	868.87	0.03998	
Log-likelihood ratio converged.

Summary result of REML analysis:
Source	Variance	SE
V(G)	0.016047	0.003170
V(e)	0.022607	0.002523
Vp	0.038654	0.002113
V(G)/Vp	0.415140	0.070540

Sampling variance/covariance of the estimates of variance components:
1.004871e-05	-5.973037e-06	
-5.973037e-06	6.363106e-06	

Summary result of REML analysis has been saved in the file [Conjecture/herit.9_beta.1_no_covars.hsq].

Analysis finished at 05:24:30 UTC on Thu Mar 14 2024
Overall computational time: 0.29 sec.
