*******************************************************************
* Genome-wide Complex Trait Analysis (GCTA)
* version v1.94.1 Linux
* Built at Nov 15 2022 21:14:25, by GCC 8.5
* (C) 2010-present, Yang Lab, Westlake University
* Please report bugs to Jian Yang <jian.yang@westlake.edu.cn>
*******************************************************************
Analysis started at 22:54:07 UTC on Fri Mar 15 2024.
Hostname: dsmlp-jupyter-nrittler

Accepted options:
--grm Conjecture/GCTAgrm_herit.5_beta.1
--pheno Conjecture/traits_h=.5_betamult=.1.phen
--reml
--out Conjecture/herit.5_beta.1
--qcovar pca_covars.qcovar
--thread-num 10

Note: the program will be running on 10 threads.

Reading IDs of the GRM from [Conjecture/GCTAgrm_herit.5_beta.1.grm.id].
787 IDs are read from [Conjecture/GCTAgrm_herit.5_beta.1.grm.id].
Reading the GRM from [Conjecture/GCTAgrm_herit.5_beta.1.grm.bin].
GRM for 787 individuals are included from [Conjecture/GCTAgrm_herit.5_beta.1.grm.bin].
Reading phenotypes from [Conjecture/traits_h=.5_betamult=.1.phen].
Non-missing phenotypes of 787 individuals are included from [Conjecture/traits_h=.5_betamult=.1.phen].
Reading quantitative covariate(s) from [pca_covars.qcovar].
3 quantitative covariate(s) of 787 individuals are included from [pca_covars.qcovar].

3 quantitative variable(s) included as covariate(s).
787 individuals are in common in these files.

Performing  REML analysis ... (Note: may take hours depending on sample size).
787 observations, 4 fixed effect(s), and 2 variance component(s)(including residual variance).
Calculating prior values of variance components by EM-REML ...
Updated prior values: 0.0325569 0.0356418
logL: 682.064
Running AI-REML algorithm ...
Iter.	logL	V(G)	V(e)	
1	684.52	0.02549	0.04048	
2	688.45	0.02137	0.04367	
3	690.09	0.01887	0.04580	
4	690.78	0.01730	0.04721	
5	691.08	0.01414	0.05018	
6	691.30	0.01447	0.04999	
7	691.30	0.01445	0.05001	
8	691.30	0.01445	0.05001	
Log-likelihood ratio converged.

Calculating the logLikelihood for the reduced model ...
(variance component 1 is dropped from the model)
Calculating prior values of variance components by EM-REML ...
Updated prior values: 0.06348
logL: 684.44554
Running AI-REML algorithm ...
Iter.	logL	V(e)	
1	684.62	0.06347	
2	684.62	0.06347	
3	684.62	0.06347	
Log-likelihood ratio converged.

Summary result of REML analysis:
Source	Variance	SE
V(G)	0.014447	0.004783
V(e)	0.050010	0.004557
Vp	0.064457	0.003389
V(G)/Vp	0.224135	0.070083

Sampling variance/covariance of the estimates of variance components:
2.287722e-05	-1.607739e-05	
-1.607739e-05	2.076457e-05	

Summary result of REML analysis has been saved in the file [Conjecture/herit.5_beta.1.hsq].

Analysis finished at 22:54:08 UTC on Fri Mar 15 2024
Overall computational time: 0.53 sec.
