*******************************************************************
* Genome-wide Complex Trait Analysis (GCTA)
* version v1.94.1 Linux
* Built at Nov 15 2022 21:14:25, by GCC 8.5
* (C) 2010-present, Yang Lab, Westlake University
* Please report bugs to Jian Yang <jian.yang@westlake.edu.cn>
*******************************************************************
Analysis started at 22:54:25 UTC on Fri Mar 15 2024.
Hostname: dsmlp-jupyter-nrittler

Accepted options:
--grm Conjecture/GCTAgrm_herit.9_beta1
--pheno Conjecture/traits_h=.9_betamult=1.phen
--reml
--out Conjecture/herit.9_beta1
--qcovar pca_covars.qcovar
--thread-num 10

Note: the program will be running on 10 threads.

Reading IDs of the GRM from [Conjecture/GCTAgrm_herit.9_beta1.grm.id].
787 IDs are read from [Conjecture/GCTAgrm_herit.9_beta1.grm.id].
Reading the GRM from [Conjecture/GCTAgrm_herit.9_beta1.grm.bin].
GRM for 787 individuals are included from [Conjecture/GCTAgrm_herit.9_beta1.grm.bin].
Reading phenotypes from [Conjecture/traits_h=.9_betamult=1.phen].
Non-missing phenotypes of 787 individuals are included from [Conjecture/traits_h=.9_betamult=1.phen].
Reading quantitative covariate(s) from [pca_covars.qcovar].
3 quantitative covariate(s) of 787 individuals are included from [pca_covars.qcovar].

3 quantitative variable(s) included as covariate(s).
787 individuals are in common in these files.

Performing  REML analysis ... (Note: may take hours depending on sample size).
787 observations, 4 fixed effect(s), and 2 variance component(s)(including residual variance).
Calculating prior values of variance components by EM-REML ...
Updated prior values: 1.78676 1.79204
logL: -845.776
Running AI-REML algorithm ...
Iter.	logL	V(G)	V(e)	
1	-845.67	1.73862	1.81168	
2	-845.60	1.64033	1.85117	
3	-845.55	1.64829	1.84642	
4	-845.55	1.64780	1.84677	
5	-845.55	1.64783	1.84675	
Log-likelihood ratio converged.

Calculating the logLikelihood for the reduced model ...
(variance component 1 is dropped from the model)
Calculating prior values of variance components by EM-REML ...
Updated prior values: 3.38668
logL: -873.17056
Running AI-REML algorithm ...
Iter.	logL	V(e)	
1	-872.26	3.38629	
2	-872.26	3.38545	
3	-872.26	3.38545	
Log-likelihood ratio converged.

Summary result of REML analysis:
Source	Variance	SE
V(G)	1.647831	0.297825
V(e)	1.846746	0.222454
Vp	3.494577	0.195581
V(G)/Vp	0.471540	0.070488

Sampling variance/covariance of the estimates of variance components:
8.869995e-02	-4.996694e-02	
-4.996694e-02	4.948585e-02	

Summary result of REML analysis has been saved in the file [Conjecture/herit.9_beta1.hsq].

Analysis finished at 22:54:26 UTC on Fri Mar 15 2024
Overall computational time: 0.36 sec.
