*******************************************************************
* Genome-wide Complex Trait Analysis (GCTA)
* version v1.94.1 Linux
* Built at Nov 15 2022 21:14:25, by GCC 8.5
* (C) 2010-present, Yang Lab, Westlake University
* Please report bugs to Jian Yang <jian.yang@westlake.edu.cn>
*******************************************************************
Analysis started at 05:24:25 UTC on Thu Mar 14 2024.
Hostname: dsmlp-jupyter-nrittler

Accepted options:
--grm Conjecture/GCTAgrm_herit.5_beta5
--pheno Conjecture/traits_h=.5_betamult=5.phen
--reml
--out Conjecture/herit.5_beta5_no_covars
--thread-num 10

Note: the program will be running on 10 threads.

Reading IDs of the GRM from [Conjecture/GCTAgrm_herit.5_beta5.grm.id].
787 IDs are read from [Conjecture/GCTAgrm_herit.5_beta5.grm.id].
Reading the GRM from [Conjecture/GCTAgrm_herit.5_beta5.grm.bin].
GRM for 787 individuals are included from [Conjecture/GCTAgrm_herit.5_beta5.grm.bin].
Reading phenotypes from [Conjecture/traits_h=.5_betamult=5.phen].
Non-missing phenotypes of 787 individuals are included from [Conjecture/traits_h=.5_betamult=5.phen].

787 individuals are in common in these files.

Performing  REML analysis ... (Note: may take hours depending on sample size).
787 observations, 1 fixed effect(s), and 2 variance component(s)(including residual variance).
Calculating prior values of variance components by EM-REML ...
Updated prior values: 85.6499 92.3744
logL: -2408.98
Running AI-REML algorithm ...
Iter.	logL	V(G)	V(e)	
1	-2407.21	69.93490	103.48847	
2	-2404.30	60.17061	111.12591	
3	-2402.98	53.93341	116.36097	
4	-2402.37	49.86749	119.94481	
5	-2402.09	41.35571	127.70528	
6	-2401.85	41.58241	127.72328	
7	-2401.85	41.58417	127.72219	
8	-2401.85	41.58418	127.72219	
Log-likelihood ratio converged.

Calculating the logLikelihood for the reduced model ...
(variance component 1 is dropped from the model)
Calculating prior values of variance components by EM-REML ...
Updated prior values: 171.63460
logL: -2418.46365
Running AI-REML algorithm ...
Iter.	logL	V(e)	
1	-2418.46	171.63460	
Log-likelihood ratio converged.

Summary result of REML analysis:
Source	Variance	SE
V(G)	41.584185	12.591707
V(e)	127.722186	11.900764
Vp	169.306371	8.873844
V(G)/Vp	0.245615	0.069837

Sampling variance/covariance of the estimates of variance components:
1.585511e+02	-1.107171e+02	
-1.107171e+02	1.416282e+02	

Summary result of REML analysis has been saved in the file [Conjecture/herit.5_beta5_no_covars.hsq].

Analysis finished at 05:24:25 UTC on Thu Mar 14 2024
Overall computational time: 0.42 sec.
