*******************************************************************
* Genome-wide Complex Trait Analysis (GCTA)
* version v1.94.1 Linux
* Built at Nov 15 2022 21:14:25, by GCC 8.5
* (C) 2010-present, Yang Lab, Westlake University
* Please report bugs to Jian Yang <jian.yang@westlake.edu.cn>
*******************************************************************
Analysis started at 05:24:19 UTC on Thu Mar 14 2024.
Hostname: dsmlp-jupyter-nrittler

Accepted options:
--grm Conjecture/GCTAgrm_herit.5_beta.1
--pheno Conjecture/traits_h=.5_betamult=.1.phen
--reml
--out Conjecture/herit.5_beta.1_no_covars
--thread-num 10

Note: the program will be running on 10 threads.

Reading IDs of the GRM from [Conjecture/GCTAgrm_herit.5_beta.1.grm.id].
787 IDs are read from [Conjecture/GCTAgrm_herit.5_beta.1.grm.id].
Reading the GRM from [Conjecture/GCTAgrm_herit.5_beta.1.grm.bin].
GRM for 787 individuals are included from [Conjecture/GCTAgrm_herit.5_beta.1.grm.bin].
Reading phenotypes from [Conjecture/traits_h=.5_betamult=.1.phen].
Non-missing phenotypes of 787 individuals are included from [Conjecture/traits_h=.5_betamult=.1.phen].

787 individuals are in common in these files.

Performing  REML analysis ... (Note: may take hours depending on sample size).
787 observations, 1 fixed effect(s), and 2 variance component(s)(including residual variance).
Calculating prior values of variance components by EM-REML ...
Updated prior values: 0.0324802 0.0356389
logL: 681.366
Running AI-REML algorithm ...
Iter.	logL	V(G)	V(e)	
1	683.84	0.02524	0.04057	
2	688.04	0.02106	0.04382	
3	689.79	0.01854	0.04597	
4	690.54	0.01696	0.04740	
5	690.86	0.01379	0.05041	
6	691.10	0.01409	0.05024	
7	691.11	0.01408	0.05026	
8	691.11	0.01408	0.05025	
Log-likelihood ratio converged.

Calculating the logLikelihood for the reduced model ...
(variance component 1 is dropped from the model)
Calculating prior values of variance components by EM-REML ...
Updated prior values: 0.06537
logL: 675.62220
Running AI-REML algorithm ...
Iter.	logL	V(e)	
1	675.62	0.06537	
Log-likelihood ratio converged.

Summary result of REML analysis:
Source	Variance	SE
V(G)	0.014080	0.004503
V(e)	0.050255	0.004437
Vp	0.064335	0.003344
V(G)/Vp	0.218855	0.066372

Sampling variance/covariance of the estimates of variance components:
2.027275e-05	-1.438983e-05	
-1.438983e-05	1.968624e-05	

Summary result of REML analysis has been saved in the file [Conjecture/herit.5_beta.1_no_covars.hsq].

Analysis finished at 05:24:19 UTC on Thu Mar 14 2024
Overall computational time: 0.39 sec.
