*******************************************************************
* Genome-wide Complex Trait Analysis (GCTA)
* version v1.94.1 Linux
* Built at Nov 15 2022 21:14:25, by GCC 8.5
* (C) 2010-present, Yang Lab, Westlake University
* Please report bugs to Jian Yang <jian.yang@westlake.edu.cn>
*******************************************************************
Analysis started at 05:24:03 UTC on Thu Mar 14 2024.
Hostname: dsmlp-jupyter-nrittler

Accepted options:
--grm Conjecture/GCTAgrm_herit.1_beta10
--pheno Conjecture/traits_h=.1_betamult=10.phen
--reml
--out Conjecture/herit.1_beta10_no_covars
--thread-num 10

Note: the program will be running on 10 threads.

Reading IDs of the GRM from [Conjecture/GCTAgrm_herit.1_beta10.grm.id].
787 IDs are read from [Conjecture/GCTAgrm_herit.1_beta10.grm.id].
Reading the GRM from [Conjecture/GCTAgrm_herit.1_beta10.grm.bin].
GRM for 787 individuals are included from [Conjecture/GCTAgrm_herit.1_beta10.grm.bin].
Reading phenotypes from [Conjecture/traits_h=.1_betamult=10.phen].
Non-missing phenotypes of 787 individuals are included from [Conjecture/traits_h=.1_betamult=10.phen].

787 individuals are in common in these files.

Performing  REML analysis ... (Note: may take hours depending on sample size).
787 observations, 1 fixed effect(s), and 2 variance component(s)(including residual variance).
Calculating prior values of variance components by EM-REML ...
Updated prior values: 1721.52 1951.81
logL: -3614.82
Running AI-REML algorithm ...
Iter.	logL	V(G)	V(e)	
1	-3608.96	1108.49199	2362.11876	
2	-3600.11	737.02592	2653.80297	
3	-3595.70	510.08161	2855.71816	
4	-3593.57	370.59960	2992.50302	
5	-3592.57	285.66729	3082.72163	
6	-3592.11	234.75509	3140.72511	
7	-3591.91	138.44798	3257.44560	
8	-3591.76	154.06707	3245.66619	
9	-3591.76	153.81703	3246.01005	
10	-3591.76	153.83274	3245.99526	
Log-likelihood ratio converged.

Calculating the logLikelihood for the reduced model ...
(variance component 1 is dropped from the model)
Calculating prior values of variance components by EM-REML ...
Updated prior values: 3412.60107
logL: -3593.47953
Running AI-REML algorithm ...
Iter.	logL	V(e)	
1	-3593.48	3412.60107	
Log-likelihood ratio converged.

Summary result of REML analysis:
Source	Variance	SE
V(G)	153.832738	146.610949
V(e)	3245.995263	214.182489
Vp	3399.828001	171.701007
V(G)/Vp	0.045247	0.042952

Sampling variance/covariance of the estimates of variance components:
2.149477e+04	-1.894384e+04	
-1.894384e+04	4.587414e+04	

Summary result of REML analysis has been saved in the file [Conjecture/herit.1_beta10_no_covars.hsq].

Analysis finished at 05:24:03 UTC on Thu Mar 14 2024
Overall computational time: 0.43 sec.
