*******************************************************************
* Genome-wide Complex Trait Analysis (GCTA)
* version v1.94.1 Linux
* Built at Nov 15 2022 21:14:25, by GCC 8.5
* (C) 2010-present, Yang Lab, Westlake University
* Please report bugs to Jian Yang <jian.yang@westlake.edu.cn>
*******************************************************************
Analysis started at 05:23:49 UTC on Thu Mar 14 2024.
Hostname: dsmlp-jupyter-nrittler

Accepted options:
--grm Conjecture/GCTAgrm_herit.01_beta5
--pheno Conjecture/traits_h=.01_betamult=5.phen
--reml
--out Conjecture/herit.01_beta5_no_covars
--thread-num 10

Note: the program will be running on 10 threads.

Reading IDs of the GRM from [Conjecture/GCTAgrm_herit.01_beta5.grm.id].
787 IDs are read from [Conjecture/GCTAgrm_herit.01_beta5.grm.id].
Reading the GRM from [Conjecture/GCTAgrm_herit.01_beta5.grm.bin].
GRM for 787 individuals are included from [Conjecture/GCTAgrm_herit.01_beta5.grm.bin].
Reading phenotypes from [Conjecture/traits_h=.01_betamult=5.phen].
Non-missing phenotypes of 787 individuals are included from [Conjecture/traits_h=.01_betamult=5.phen].

787 individuals are in common in these files.

Performing  REML analysis ... (Note: may take hours depending on sample size).
787 observations, 1 fixed effect(s), and 2 variance component(s)(including residual variance).
Calculating prior values of variance components by EM-REML ...
Updated prior values: 4068.42 4705.57
logL: -3960.2
Running AI-REML algorithm ...
Iter.	logL	V(G)	V(e)	
1	-3952.79	2445.03358	5757.34553	
2	-3941.76	1552.88825	6463.46588	
3	-3936.86	1038.55909	6935.67748	
4	-3934.67	726.91025	7253.85829	
5	-3933.66	531.81506	7468.96506	
6	-3933.19	407.68091	7614.03628	
7	-3932.95	154.98311	7923.03358	
8	-3932.73	157.46448	7930.44587	
9	-3932.73	157.92209	7930.00766	
10	-3932.73	158.01037	7929.92063	
Log-likelihood ratio converged.

Calculating the logLikelihood for the reduced model ...
(variance component 1 is dropped from the model)
Calculating prior values of variance components by EM-REML ...
Updated prior values: 8094.42212
logL: -3932.91379
Running AI-REML algorithm ...
Iter.	logL	V(e)	
1	-3932.91	8094.42212	
Log-likelihood ratio converged.

Summary result of REML analysis:
Source	Variance	SE
V(G)	158.010365	292.993294
V(e)	7929.920630	493.451172
Vp	8087.930995	408.001243
V(G)/Vp	0.019537	0.036203

Sampling variance/covariance of the estimates of variance components:
8.584507e+04	-8.143706e+04	
-8.143706e+04	2.434941e+05	

Summary result of REML analysis has been saved in the file [Conjecture/herit.01_beta5_no_covars.hsq].

Analysis finished at 05:23:50 UTC on Thu Mar 14 2024
Overall computational time: 0.45 sec.
