*******************************************************************
* Genome-wide Complex Trait Analysis (GCTA)
* version v1.94.1 Linux
* Built at Nov 15 2022 21:14:25, by GCC 8.5
* (C) 2010-present, Yang Lab, Westlake University
* Please report bugs to Jian Yang <jian.yang@westlake.edu.cn>
*******************************************************************
Analysis started at 20:01:23 UTC on Fri Mar 15 2024.
Hostname: dsmlp-jupyter-nrittler

Accepted options:
--grm GCTAgrm_herit.01_beta.01
--pheno traits_h=.01_betamult=.01.phen
--reml
--out herit.01_beta.01
--qcovar pca_covars.qcovar
--thread-num 10

Note: the program will be running on 10 threads.

Reading IDs of the GRM from [GCTAgrm_herit.01_beta.01.grm.id].
787 IDs are read from [GCTAgrm_herit.01_beta.01.grm.id].
Reading the GRM from [GCTAgrm_herit.01_beta.01.grm.bin].
GRM for 787 individuals are included from [GCTAgrm_herit.01_beta.01.grm.bin].
Reading phenotypes from [traits_h=.01_betamult=.01.phen].
Non-missing phenotypes of 787 individuals are included from [traits_h=.01_betamult=.01.phen].
Reading quantitative covariate(s) from [pca_covars.qcovar].
3 quantitative covariate(s) of 787 individuals are included from [pca_covars.qcovar].

3 quantitative variable(s) included as covariate(s).
787 individuals are in common in these files.

Performing  REML analysis ... (Note: may take hours depending on sample size).
787 observations, 4 fixed effect(s), and 2 variance component(s)(including residual variance).
Calculating prior values of variance components by EM-REML ...
Updated prior values: 0.0155568 0.0174965
logL: 952.096
Running AI-REML algorithm ...
Iter.	logL	V(G)	V(e)	
1	957.54	0.01100	0.02065	
2	964.13	0.00818	0.02290	
3	967.28	0.00640	0.02447	
4	968.76	0.00524	0.02557	
5	969.46	0.00448	0.02634	
6	969.80	0.00285	0.02801	
7	970.10	0.00284	0.02807	
8	970.10	0.00284	0.02807	
9	970.10	0.00284	0.02807	
Log-likelihood ratio converged.

Calculating the logLikelihood for the reduced model ...
(variance component 1 is dropped from the model)
Calculating prior values of variance components by EM-REML ...
Updated prior values: 0.03069
logL: 969.13223
Running AI-REML algorithm ...
Iter.	logL	V(e)	
1	969.13	0.03069	
2	969.13	0.03069	
Log-likelihood ratio converged.

Summary result of REML analysis:
Source	Variance	SE
V(G)	0.002843	0.002153
V(e)	0.028070	0.002340
Vp	0.030912	0.001588
V(G)/Vp	0.091958	0.068644

Sampling variance/covariance of the estimates of variance components:
4.636004e-06	-3.794933e-06	
-3.794933e-06	5.477053e-06	

Summary result of REML analysis has been saved in the file [herit.01_beta.01.hsq].

Analysis finished at 20:01:24 UTC on Fri Mar 15 2024
Overall computational time: 0.51 sec.
