*******************************************************************
* Genome-wide Complex Trait Analysis (GCTA)
* version v1.94.1 Linux
* Built at Nov 15 2022 21:14:25, by GCC 8.5
* (C) 2010-present, Yang Lab, Westlake University
* Please report bugs to Jian Yang <jian.yang@westlake.edu.cn>
*******************************************************************
Analysis started at 20:02:57 UTC on Fri Mar 15 2024.
Hostname: dsmlp-jupyter-nrittler

Accepted options:
--grm GCTAgrm_herit.9_beta2
--pheno traits_h=.9_betamult=2.phen
--reml
--out herit.9_beta2
--qcovar pca_covars.qcovar
--thread-num 10

Note: the program will be running on 10 threads.

Reading IDs of the GRM from [GCTAgrm_herit.9_beta2.grm.id].
787 IDs are read from [GCTAgrm_herit.9_beta2.grm.id].
Reading the GRM from [GCTAgrm_herit.9_beta2.grm.bin].
GRM for 787 individuals are included from [GCTAgrm_herit.9_beta2.grm.bin].
Reading phenotypes from [traits_h=.9_betamult=2.phen].
Non-missing phenotypes of 787 individuals are included from [traits_h=.9_betamult=2.phen].
Reading quantitative covariate(s) from [pca_covars.qcovar].
3 quantitative covariate(s) of 787 individuals are included from [pca_covars.qcovar].

3 quantitative variable(s) included as covariate(s).
787 individuals are in common in these files.

Performing  REML analysis ... (Note: may take hours depending on sample size).
787 observations, 4 fixed effect(s), and 2 variance component(s)(including residual variance).
Calculating prior values of variance components by EM-REML ...
Updated prior values: 6.41249 6.97064
logL: -1389.43
Running AI-REML algorithm ...
Iter.	logL	V(G)	V(e)	
1	-1386.61	5.20874	7.86048	
2	-1383.47	4.41901	8.50188	
3	-1381.95	3.89319	8.95828	
4	-1381.21	3.53879	9.28034	
5	-1380.85	2.77567	9.99583	
6	-1380.52	2.76077	10.02788	
7	-1380.52	2.75989	10.02863	
8	-1380.52	2.75985	10.02866	
Log-likelihood ratio converged.

Calculating the logLikelihood for the reduced model ...
(variance component 1 is dropped from the model)
Calculating prior values of variance components by EM-REML ...
Updated prior values: 12.55364
logL: -1385.33500
Running AI-REML algorithm ...
Iter.	logL	V(e)	
1	-1385.31	12.55342	
2	-1385.31	12.55293	
Log-likelihood ratio converged.

Summary result of REML analysis:
Source	Variance	SE
V(G)	2.759848	1.003082
V(e)	10.028663	0.947364
Vp	12.788511	0.674519
V(G)/Vp	0.215807	0.074418

Sampling variance/covariance of the estimates of variance components:
1.006174e+00	-7.243480e-01	
-7.243480e-01	8.974977e-01	

Summary result of REML analysis has been saved in the file [herit.9_beta2.hsq].

Analysis finished at 20:02:57 UTC on Fri Mar 15 2024
Overall computational time: 0.51 sec.
