*******************************************************************
* Genome-wide Complex Trait Analysis (GCTA)
* version v1.94.1 Linux
* Built at Nov 15 2022 21:14:25, by GCC 8.5
* (C) 2010-present, Yang Lab, Westlake University
* Please report bugs to Jian Yang <jian.yang@westlake.edu.cn>
*******************************************************************
Analysis started at 20:03:00 UTC on Fri Mar 15 2024.
Hostname: dsmlp-jupyter-nrittler

Accepted options:
--grm GCTAgrm_herit.9_beta5
--pheno traits_h=.9_betamult=5.phen
--reml
--out herit.9_beta5
--qcovar pca_covars.qcovar
--thread-num 10

Note: the program will be running on 10 threads.

Reading IDs of the GRM from [GCTAgrm_herit.9_beta5.grm.id].
787 IDs are read from [GCTAgrm_herit.9_beta5.grm.id].
Reading the GRM from [GCTAgrm_herit.9_beta5.grm.bin].
GRM for 787 individuals are included from [GCTAgrm_herit.9_beta5.grm.bin].
Reading phenotypes from [traits_h=.9_betamult=5.phen].
Non-missing phenotypes of 787 individuals are included from [traits_h=.9_betamult=5.phen].
Reading quantitative covariate(s) from [pca_covars.qcovar].
3 quantitative covariate(s) of 787 individuals are included from [pca_covars.qcovar].

3 quantitative variable(s) included as covariate(s).
787 individuals are in common in these files.

Performing  REML analysis ... (Note: may take hours depending on sample size).
787 observations, 4 fixed effect(s), and 2 variance component(s)(including residual variance).
Calculating prior values of variance components by EM-REML ...
Updated prior values: 39.2064 42.2555
logL: -2095.27
Running AI-REML algorithm ...
Iter.	logL	V(G)	V(e)	
1	-2092.86	32.79989	47.12467	
2	-2090.37	28.56476	50.62282	
3	-2089.17	25.73504	53.10215	
4	-2088.59	23.82690	54.84405	
5	-2088.31	19.72533	58.69485	
6	-2088.05	19.69089	58.81663	
7	-2088.05	19.68925	58.81806	
8	-2088.05	19.68921	58.81809	
Log-likelihood ratio converged.

Calculating the logLikelihood for the reduced model ...
(variance component 1 is dropped from the model)
Calculating prior values of variance components by EM-REML ...
Updated prior values: 76.88197
logL: -2094.82969
Running AI-REML algorithm ...
Iter.	logL	V(e)	
1	-2094.82	76.88101	
2	-2094.82	76.87891	
Log-likelihood ratio converged.

Summary result of REML analysis:
Source	Variance	SE
V(G)	19.689211	6.263139
V(e)	58.818092	5.721784
Vp	78.507303	4.173611
V(G)/Vp	0.250795	0.074629

Sampling variance/covariance of the estimates of variance components:
3.922690e+01	-2.727334e+01	
-2.727334e+01	3.273881e+01	

Summary result of REML analysis has been saved in the file [herit.9_beta5.hsq].

Analysis finished at 20:03:01 UTC on Fri Mar 15 2024
Overall computational time: 0.47 sec.
