*******************************************************************
* Genome-wide Complex Trait Analysis (GCTA)
* version v1.94.1 Linux
* Built at Nov 15 2022 21:14:25, by GCC 8.5
* (C) 2010-present, Yang Lab, Westlake University
* Please report bugs to Jian Yang <jian.yang@westlake.edu.cn>
*******************************************************************
Analysis started at 20:02:43 UTC on Fri Mar 15 2024.
Hostname: dsmlp-jupyter-nrittler

Accepted options:
--grm GCTAgrm_herit.5_beta10
--pheno traits_h=.5_betamult=10.phen
--reml
--out herit.5_beta10
--qcovar pca_covars.qcovar
--thread-num 10

Note: the program will be running on 10 threads.

Reading IDs of the GRM from [GCTAgrm_herit.5_beta10.grm.id].
787 IDs are read from [GCTAgrm_herit.5_beta10.grm.id].
Reading the GRM from [GCTAgrm_herit.5_beta10.grm.bin].
GRM for 787 individuals are included from [GCTAgrm_herit.5_beta10.grm.bin].
Reading phenotypes from [traits_h=.5_betamult=10.phen].
Non-missing phenotypes of 787 individuals are included from [traits_h=.5_betamult=10.phen].
Reading quantitative covariate(s) from [pca_covars.qcovar].
3 quantitative covariate(s) of 787 individuals are included from [pca_covars.qcovar].

3 quantitative variable(s) included as covariate(s).
787 individuals are in common in these files.

Performing  REML analysis ... (Note: may take hours depending on sample size).
787 observations, 4 fixed effect(s), and 2 variance component(s)(including residual variance).
Calculating prior values of variance components by EM-REML ...
Updated prior values:  280.47 314.535
logL: -2882.36
Running AI-REML algorithm ...
Iter.	logL	V(G)	V(e)	
1	-2877.30	194.66412	373.25046	
2	-2870.47	141.59381	415.05108	
3	-2867.15	108.23182	444.24059	
4	-2865.58	86.82557	464.44563	
5	-2864.84	72.83060	478.38084	
6	-2864.49	43.43749	508.75308	
7	-2864.18	43.90730	509.21116	
8	-2864.18	43.91750	509.20380	
9	-2864.18	43.91771	509.20361	
Log-likelihood ratio converged.

Calculating the logLikelihood for the reduced model ...
(variance component 1 is dropped from the model)
Calculating prior values of variance components by EM-REML ...
Updated prior values: 549.75097
logL: -2864.98869
Running AI-REML algorithm ...
Iter.	logL	V(e)	
1	-2864.97	549.74240	
2	-2864.97	549.72388	
Log-likelihood ratio converged.

Summary result of REML analysis:
Source	Variance	SE
V(G)	43.917713	37.579796
V(e)	509.203610	41.663781
Vp	553.121323	28.355148
V(G)/Vp	0.079400	0.067141

Sampling variance/covariance of the estimates of variance components:
1.412241e+03	-1.172049e+03	
-1.172049e+03	1.735871e+03	

Summary result of REML analysis has been saved in the file [herit.5_beta10.hsq].

Analysis finished at 20:02:44 UTC on Fri Mar 15 2024
Overall computational time: 0.61 sec.
