*******************************************************************
* Genome-wide Complex Trait Analysis (GCTA)
* version v1.94.1 Linux
* Built at Nov 15 2022 21:14:25, by GCC 8.5
* (C) 2010-present, Yang Lab, Westlake University
* Please report bugs to Jian Yang <jian.yang@westlake.edu.cn>
*******************************************************************
Analysis started at 20:03:03 UTC on Fri Mar 15 2024.
Hostname: dsmlp-jupyter-nrittler

Accepted options:
--grm GCTAgrm_herit.9_beta10
--pheno traits_h=.9_betamult=10.phen
--reml
--out herit.9_beta10
--qcovar pca_covars.qcovar
--thread-num 10

Note: the program will be running on 10 threads.

Reading IDs of the GRM from [GCTAgrm_herit.9_beta10.grm.id].
787 IDs are read from [GCTAgrm_herit.9_beta10.grm.id].
Reading the GRM from [GCTAgrm_herit.9_beta10.grm.bin].
GRM for 787 individuals are included from [GCTAgrm_herit.9_beta10.grm.bin].
Reading phenotypes from [traits_h=.9_betamult=10.phen].
Non-missing phenotypes of 787 individuals are included from [traits_h=.9_betamult=10.phen].
Reading quantitative covariate(s) from [pca_covars.qcovar].
3 quantitative covariate(s) of 787 individuals are included from [pca_covars.qcovar].

3 quantitative variable(s) included as covariate(s).
787 individuals are in common in these files.

Performing  REML analysis ... (Note: may take hours depending on sample size).
787 observations, 4 fixed effect(s), and 2 variance component(s)(including residual variance).
Calculating prior values of variance components by EM-REML ...
Updated prior values: 154.164 168.714
logL: -2636.71
Running AI-REML algorithm ...
Iter.	logL	V(G)	V(e)	
1	-2633.53	120.80364	192.72482	
2	-2629.64	99.15229	210.02731	
3	-2627.73	84.84449	222.34525	
4	-2626.80	75.24389	231.05040	
5	-2626.35	54.60928	250.43303	
6	-2625.92	54.10458	251.46665	
7	-2625.92	54.06803	251.49858	
8	-2625.92	54.06592	251.50032	
Log-likelihood ratio converged.

Calculating the logLikelihood for the reduced model ...
(variance component 1 is dropped from the model)
Calculating prior values of variance components by EM-REML ...
Updated prior values: 301.01015
logL: -2629.19434
Running AI-REML algorithm ...
Iter.	logL	V(e)	
1	-2629.15	301.00290	
2	-2629.15	300.98720	
Log-likelihood ratio converged.

Summary result of REML analysis:
Source	Variance	SE
V(G)	54.065920	23.368555
V(e)	251.500317	22.951074
Vp	305.566237	15.977843
V(G)/Vp	0.176937	0.073578

Sampling variance/covariance of the estimates of variance components:
5.460894e+02	-4.087749e+02	
-4.087749e+02	5.267518e+02	

Summary result of REML analysis has been saved in the file [herit.9_beta10.hsq].

Analysis finished at 20:03:04 UTC on Fri Mar 15 2024
Overall computational time: 0.46 sec.
