*******************************************************************
* Genome-wide Complex Trait Analysis (GCTA)
* version v1.94.1 Linux
* Built at Nov 15 2022 21:14:25, by GCC 8.5
* (C) 2010-present, Yang Lab, Westlake University
* Please report bugs to Jian Yang <jian.yang@westlake.edu.cn>
*******************************************************************
Analysis started at 20:01:46 UTC on Fri Mar 15 2024.
Hostname: dsmlp-jupyter-nrittler

Accepted options:
--grm GCTAgrm_herit.1_beta.1
--pheno traits_h=.1_betamult=.1.phen
--reml
--out herit.1_beta.1
--qcovar pca_covars.qcovar
--thread-num 10

Note: the program will be running on 10 threads.

Reading IDs of the GRM from [GCTAgrm_herit.1_beta.1.grm.id].
787 IDs are read from [GCTAgrm_herit.1_beta.1.grm.id].
Reading the GRM from [GCTAgrm_herit.1_beta.1.grm.bin].
GRM for 787 individuals are included from [GCTAgrm_herit.1_beta.1.grm.bin].
Reading phenotypes from [traits_h=.1_betamult=.1.phen].
Non-missing phenotypes of 787 individuals are included from [traits_h=.1_betamult=.1.phen].
Reading quantitative covariate(s) from [pca_covars.qcovar].
3 quantitative covariate(s) of 787 individuals are included from [pca_covars.qcovar].

3 quantitative variable(s) included as covariate(s).
787 individuals are in common in these files.

Performing  REML analysis ... (Note: may take hours depending on sample size).
787 observations, 4 fixed effect(s), and 2 variance component(s)(including residual variance).
Calculating prior values of variance components by EM-REML ...
Updated prior values: 0.138427 0.159963
logL: 82.7161
Running AI-REML algorithm ...
Iter.	logL	V(G)	V(e)	
1	91.02	0.07966	0.19833	
2	102.66	0.04275	0.22690	
3	108.87	0.01964	0.24737	
4	112.03	0.00501	0.26176	
5	113.61	0.00000	0.26735	(1 component(s) constrained)
6	114.06	0.00000	0.26796	(1 component(s) constrained)
7	114.08	0.00000	0.26927	(1 component(s) constrained)
8	114.10	0.00000	0.26928	(1 component(s) constrained)
9	114.10	0.00000	0.26928	(1 component(s) constrained)
10	114.10	0.00000	0.26928	(1 component(s) constrained)
Log-likelihood ratio converged.

Calculating the logLikelihood for the reduced model ...
(variance component 1 is dropped from the model)
Calculating prior values of variance components by EM-REML ...
Updated prior values: 0.27252
logL: 114.13282
Running AI-REML algorithm ...
Iter.	logL	V(e)	
1	114.13	0.27252	
Log-likelihood ratio converged.

Summary result of REML analysis:
Source	Variance	SE
V(G)	0.000000	0.018140
V(e)	0.269280	0.020809
Vp	0.269281	0.013727
V(G)/Vp	0.000001	0.067363

Sampling variance/covariance of the estimates of variance components:
3.290434e-04	-2.868152e-04	
-2.868152e-04	4.330210e-04	

Summary result of REML analysis has been saved in the file [herit.1_beta.1.hsq].

Analysis finished at 20:01:46 UTC on Fri Mar 15 2024
Overall computational time: 0.63 sec.
