*******************************************************************
* Genome-wide Complex Trait Analysis (GCTA)
* version v1.94.1 Linux
* Built at Nov 15 2022 21:14:25, by GCC 8.5
* (C) 2010-present, Yang Lab, Westlake University
* Please report bugs to Jian Yang <jian.yang@westlake.edu.cn>
*******************************************************************
Analysis started at 20:02:10 UTC on Fri Mar 15 2024.
Hostname: dsmlp-jupyter-nrittler

Accepted options:
--grm GCTAgrm_herit.2_beta1
--pheno traits_h=.2_betamult=1.phen
--reml
--out herit.2_beta1
--qcovar pca_covars.qcovar
--thread-num 10

Note: the program will be running on 10 threads.

Reading IDs of the GRM from [GCTAgrm_herit.2_beta1.grm.id].
787 IDs are read from [GCTAgrm_herit.2_beta1.grm.id].
Reading the GRM from [GCTAgrm_herit.2_beta1.grm.bin].
GRM for 787 individuals are included from [GCTAgrm_herit.2_beta1.grm.bin].
Reading phenotypes from [traits_h=.2_betamult=1.phen].
Non-missing phenotypes of 787 individuals are included from [traits_h=.2_betamult=1.phen].
Reading quantitative covariate(s) from [pca_covars.qcovar].
3 quantitative covariate(s) of 787 individuals are included from [pca_covars.qcovar].

3 quantitative variable(s) included as covariate(s).
787 individuals are in common in these files.

Performing  REML analysis ... (Note: may take hours depending on sample size).
787 observations, 4 fixed effect(s), and 2 variance component(s)(including residual variance).
Calculating prior values of variance components by EM-REML ...
Updated prior values: 6.88788 7.70118
logL: -1430.12
Running AI-REML algorithm ...
Iter.	logL	V(G)	V(e)	
1	-1425.27	5.07817	8.97224	
2	-1419.66	3.98252	9.85637	
3	-1417.11	3.29772	10.46633	
4	-1415.95	2.85920	10.88497	
5	-1415.43	2.57343	11.17132	
6	-1415.19	1.97681	11.78978	
7	-1414.98	2.00208	11.78283	
8	-1414.98	2.00172	11.78316	
9	-1414.98	2.00173	11.78316	
Log-likelihood ratio converged.

Calculating the logLikelihood for the reduced model ...
(variance component 1 is dropped from the model)
Calculating prior values of variance components by EM-REML ...
Updated prior values: 13.63350
logL: -1417.64122
Running AI-REML algorithm ...
Iter.	logL	V(e)	
1	-1417.64	13.63351	
2	-1417.64	13.63355	
Log-likelihood ratio converged.

Summary result of REML analysis:
Source	Variance	SE
V(G)	2.001731	0.986617
V(e)	11.783159	1.015928
Vp	13.784890	0.714452
V(G)/Vp	0.145212	0.069527

Sampling variance/covariance of the estimates of variance components:
9.734134e-01	-7.475413e-01	
-7.475413e-01	1.032111e+00	

Summary result of REML analysis has been saved in the file [herit.2_beta1.hsq].

Analysis finished at 20:02:11 UTC on Fri Mar 15 2024
Overall computational time: 0.61 sec.
