*******************************************************************
* Genome-wide Complex Trait Analysis (GCTA)
* version v1.94.1 Linux
* Built at Nov 15 2022 21:14:25, by GCC 8.5
* (C) 2010-present, Yang Lab, Westlake University
* Please report bugs to Jian Yang <jian.yang@westlake.edu.cn>
*******************************************************************
Analysis started at 20:01:36 UTC on Fri Mar 15 2024.
Hostname: dsmlp-jupyter-nrittler

Accepted options:
--grm GCTAgrm_herit.01_beta5
--pheno traits_h=.01_betamult=5.phen
--reml
--out herit.01_beta5
--qcovar pca_covars.qcovar
--thread-num 10

Note: the program will be running on 10 threads.

Reading IDs of the GRM from [GCTAgrm_herit.01_beta5.grm.id].
787 IDs are read from [GCTAgrm_herit.01_beta5.grm.id].
Reading the GRM from [GCTAgrm_herit.01_beta5.grm.bin].
GRM for 787 individuals are included from [GCTAgrm_herit.01_beta5.grm.bin].
Reading phenotypes from [traits_h=.01_betamult=5.phen].
Non-missing phenotypes of 787 individuals are included from [traits_h=.01_betamult=5.phen].
Reading quantitative covariate(s) from [pca_covars.qcovar].
3 quantitative covariate(s) of 787 individuals are included from [pca_covars.qcovar].

3 quantitative variable(s) included as covariate(s).
787 individuals are in common in these files.

Performing  REML analysis ... (Note: may take hours depending on sample size).
787 observations, 4 fixed effect(s), and 2 variance component(s)(including residual variance).
Calculating prior values of variance components by EM-REML ...
Updated prior values: 3478.58 3892.65
logL: -3869.98
Running AI-REML algorithm ...
Iter.	logL	V(G)	V(e)	
1	-3864.58	2433.09899	4623.08251	
2	-3857.97	1748.72834	5165.18877	
3	-3854.50	1293.52221	5561.18061	
4	-3852.71	985.13683	5848.09731	
5	-3851.78	772.70739	6055.16250	
6	-3851.30	303.15381	6527.30959	
7	-3850.79	257.06515	6584.56045	
8	-3850.78	249.89503	6591.20841	
9	-3850.78	248.76147	6592.23163	
10	-3850.78	248.58082	6592.39417	
Log-likelihood ratio converged.

Calculating the logLikelihood for the reduced model ...
(variance component 1 is dropped from the model)
Calculating prior values of variance components by EM-REML ...
Updated prior values: 6821.23721
logL: -3850.91209
Running AI-REML algorithm ...
Iter.	logL	V(e)	
1	-3850.91	6821.20438	
2	-3850.91	6821.13331	
Log-likelihood ratio converged.

Summary result of REML analysis:
Source	Variance	SE
V(G)	248.580819	466.809522
V(e)	6592.394175	535.793723
Vp	6840.974994	348.926949
V(G)/Vp	0.036337	0.067963

Sampling variance/covariance of the estimates of variance components:
2.179111e+05	-1.916180e+05	
-1.916180e+05	2.870749e+05	

Summary result of REML analysis has been saved in the file [herit.01_beta5.hsq].

Analysis finished at 20:01:36 UTC on Fri Mar 15 2024
Overall computational time: 0.59 sec.
