*******************************************************************
* Genome-wide Complex Trait Analysis (GCTA)
* version v1.94.1 Linux
* Built at Nov 15 2022 21:14:25, by GCC 8.5
* (C) 2010-present, Yang Lab, Westlake University
* Please report bugs to Jian Yang <jian.yang@westlake.edu.cn>
*******************************************************************
Analysis started at 20:01:26 UTC on Fri Mar 15 2024.
Hostname: dsmlp-jupyter-nrittler

Accepted options:
--grm GCTAgrm_herit.01_beta.1
--pheno traits_h=.01_betamult=.1.phen
--reml
--out herit.01_beta.1
--qcovar pca_covars.qcovar
--thread-num 10

Note: the program will be running on 10 threads.

Reading IDs of the GRM from [GCTAgrm_herit.01_beta.1.grm.id].
787 IDs are read from [GCTAgrm_herit.01_beta.1.grm.id].
Reading the GRM from [GCTAgrm_herit.01_beta.1.grm.bin].
GRM for 787 individuals are included from [GCTAgrm_herit.01_beta.1.grm.bin].
Reading phenotypes from [traits_h=.01_betamult=.1.phen].
Non-missing phenotypes of 787 individuals are included from [traits_h=.01_betamult=.1.phen].
Reading quantitative covariate(s) from [pca_covars.qcovar].
3 quantitative covariate(s) of 787 individuals are included from [pca_covars.qcovar].

3 quantitative variable(s) included as covariate(s).
787 individuals are in common in these files.

Performing  REML analysis ... (Note: may take hours depending on sample size).
787 observations, 4 fixed effect(s), and 2 variance component(s)(including residual variance).
Calculating prior values of variance components by EM-REML ...
Updated prior values: 1.33555 1.52921
logL: -799.719
Running AI-REML algorithm ...
Iter.	logL	V(G)	V(e)	
1	-792.52	0.83294	1.86320	
2	-782.88	0.53645	2.09710	
3	-778.29	0.35639	2.25865	
4	-776.16	0.24343	2.36982	
5	-775.17	0.17057	2.44632	
6	-774.70	0.01854	2.61317	
7	-774.29	0.01960	2.61783	
8	-774.29	0.01965	2.61779	
9	-774.29	0.01966	2.61779	
Log-likelihood ratio converged.

Calculating the logLikelihood for the reduced model ...
(variance component 1 is dropped from the model)
Calculating prior values of variance components by EM-REML ...
Updated prior values: 2.63594
logL: -774.29223
Running AI-REML algorithm ...
Iter.	logL	V(e)	
1	-774.29	2.63594	
Log-likelihood ratio converged.

Summary result of REML analysis:
Source	Variance	SE
V(G)	0.019658	0.163328
V(e)	2.617790	0.200022
Vp	2.637448	0.133959
V(G)/Vp	0.007453	0.061888

Sampling variance/covariance of the estimates of variance components:
2.667593e-02	-2.436980e-02	
-2.436980e-02	4.000870e-02	

Summary result of REML analysis has been saved in the file [herit.01_beta.1.hsq].

Analysis finished at 20:01:27 UTC on Fri Mar 15 2024
Overall computational time: 0.53 sec.
