*******************************************************************
* Genome-wide Complex Trait Analysis (GCTA)
* version v1.94.1 Linux
* Built at Nov 15 2022 21:14:25, by GCC 8.5
* (C) 2010-present, Yang Lab, Westlake University
* Please report bugs to Jian Yang <jian.yang@westlake.edu.cn>
*******************************************************************
Analysis started at 20:02:21 UTC on Fri Mar 15 2024.
Hostname: dsmlp-jupyter-nrittler

Accepted options:
--grm GCTAgrm_herit.2_beta10
--pheno traits_h=.2_betamult=10.phen
--reml
--out herit.2_beta10
--qcovar pca_covars.qcovar
--thread-num 10

Note: the program will be running on 10 threads.

Reading IDs of the GRM from [GCTAgrm_herit.2_beta10.grm.id].
787 IDs are read from [GCTAgrm_herit.2_beta10.grm.id].
Reading the GRM from [GCTAgrm_herit.2_beta10.grm.bin].
GRM for 787 individuals are included from [GCTAgrm_herit.2_beta10.grm.bin].
Reading phenotypes from [traits_h=.2_betamult=10.phen].
Non-missing phenotypes of 787 individuals are included from [traits_h=.2_betamult=10.phen].
Reading quantitative covariate(s) from [pca_covars.qcovar].
3 quantitative covariate(s) of 787 individuals are included from [pca_covars.qcovar].

3 quantitative variable(s) included as covariate(s).
787 individuals are in common in these files.

Performing  REML analysis ... (Note: may take hours depending on sample size).
787 observations, 4 fixed effect(s), and 2 variance component(s)(including residual variance).
Calculating prior values of variance components by EM-REML ...
Updated prior values: 741.292 864.274
logL: -3278.24
Running AI-REML algorithm ...
Iter.	logL	V(G)	V(e)	
1	-3269.99	432.26209	1061.30011	
2	-3258.30	273.33946	1187.64357	
3	-3253.61	185.58213	1269.36882	
4	-3251.72	134.22260	1322.80240	
5	-3250.94	102.92513	1358.00410	
6	-3250.61	40.94136	1431.73475	
7	-3250.37	48.33825	1427.04378	
8	-3250.36	47.78375	1427.57238	
9	-3250.36	47.83212	1427.52891	
Log-likelihood ratio converged.

Calculating the logLikelihood for the reduced model ...
(variance component 1 is dropped from the model)
Calculating prior values of variance components by EM-REML ...
Updated prior values: 1471.82444
logL: -3250.53335
Running AI-REML algorithm ...
Iter.	logL	V(e)	
1	-3250.53	1471.82049	
2	-3250.53	1471.81193	
Log-likelihood ratio converged.

Summary result of REML analysis:
Source	Variance	SE
V(G)	47.832116	88.811454
V(e)	1427.528911	107.773800
Vp	1475.361027	75.072248
V(G)/Vp	0.032421	0.059983

Sampling variance/covariance of the estimates of variance components:
7.887474e+03	-6.933412e+03	
-6.933412e+03	1.161519e+04	

Summary result of REML analysis has been saved in the file [herit.2_beta10.hsq].

Analysis finished at 20:02:22 UTC on Fri Mar 15 2024
Overall computational time: 0.53 sec.
