*******************************************************************
* Genome-wide Complex Trait Analysis (GCTA)
* version v1.94.1 Linux
* Built at Nov 15 2022 21:14:25, by GCC 8.5
* (C) 2010-present, Yang Lab, Westlake University
* Please report bugs to Jian Yang <jian.yang@westlake.edu.cn>
*******************************************************************
Analysis started at 20:02:07 UTC on Fri Mar 15 2024.
Hostname: dsmlp-jupyter-nrittler

Accepted options:
--grm GCTAgrm_herit.2_beta.1
--pheno traits_h=.2_betamult=.1.phen
--reml
--out herit.2_beta.1
--qcovar pca_covars.qcovar
--thread-num 10

Note: the program will be running on 10 threads.

Reading IDs of the GRM from [GCTAgrm_herit.2_beta.1.grm.id].
787 IDs are read from [GCTAgrm_herit.2_beta.1.grm.id].
Reading the GRM from [GCTAgrm_herit.2_beta.1.grm.bin].
GRM for 787 individuals are included from [GCTAgrm_herit.2_beta.1.grm.bin].
Reading phenotypes from [traits_h=.2_betamult=.1.phen].
Non-missing phenotypes of 787 individuals are included from [traits_h=.2_betamult=.1.phen].
Reading quantitative covariate(s) from [pca_covars.qcovar].
3 quantitative covariate(s) of 787 individuals are included from [pca_covars.qcovar].

3 quantitative variable(s) included as covariate(s).
787 individuals are in common in these files.

Performing  REML analysis ... (Note: may take hours depending on sample size).
787 observations, 4 fixed effect(s), and 2 variance component(s)(including residual variance).
Calculating prior values of variance components by EM-REML ...
Updated prior values: 0.0750135 0.0853401
logL: 329.949
Running AI-REML algorithm ...
Iter.	logL	V(G)	V(e)	
1	336.64	0.04845	0.10325	
2	345.35	0.03240	0.11594	
3	349.58	0.02261	0.12470	
4	351.55	0.01651	0.13067	
5	352.45	0.01263	0.13472	
6	352.86	0.00470	0.14342	
7	353.21	0.00515	0.14327	
8	353.21	0.00515	0.14328	
9	353.21	0.00515	0.14328	
Log-likelihood ratio converged.

Calculating the logLikelihood for the reduced model ...
(variance component 1 is dropped from the model)
Calculating prior values of variance components by EM-REML ...
Updated prior values: 0.14804
logL: 353.03932
Running AI-REML algorithm ...
Iter.	logL	V(e)	
1	353.04	0.14804	
2	353.04	0.14804	
Log-likelihood ratio converged.

Summary result of REML analysis:
Source	Variance	SE
V(G)	0.005151	0.009310
V(e)	0.143278	0.011074
Vp	0.148429	0.007559
V(G)/Vp	0.034704	0.062480

Sampling variance/covariance of the estimates of variance components:
8.667198e-05	-7.608359e-05	
-7.608359e-05	1.226303e-04	

Summary result of REML analysis has been saved in the file [herit.2_beta.1.hsq].

Analysis finished at 20:02:08 UTC on Fri Mar 15 2024
Overall computational time: 0.58 sec.
